Determining if the pthread_create exist failed with the following output:
Change Dir: /home/david/Desktop/tfg/tfg/build_ubuntu/CMakeFiles/CMakeTmp

Run Build Command:/usr/bin/make "cmTryCompileExec3263198388/fast"
/usr/bin/make -f CMakeFiles/cmTryCompileExec3263198388.dir/build.make CMakeFiles/cmTryCompileExec3263198388.dir/build
make[1]: Entering directory `/home/david/Desktop/tfg/tfg/build_ubuntu/CMakeFiles/CMakeTmp'
/usr/bin/cmake -E cmake_progress_report /home/david/Desktop/tfg/tfg/build_ubuntu/CMakeFiles/CMakeTmp/CMakeFiles 1
Building C object CMakeFiles/cmTryCompileExec3263198388.dir/CheckSymbolExists.c.o
/usr/bin/cc    -o CMakeFiles/cmTryCompileExec3263198388.dir/CheckSymbolExists.c.o   -c /home/david/Desktop/tfg/tfg/build_ubuntu/CMakeFiles/CMakeTmp/CheckSymbolExists.c
Linking C executable cmTryCompileExec3263198388
/usr/bin/cmake -E cmake_link_script CMakeFiles/cmTryCompileExec3263198388.dir/link.txt --verbose=1
/usr/bin/cc       CMakeFiles/cmTryCompileExec3263198388.dir/CheckSymbolExists.c.o  -o cmTryCompileExec3263198388 -rdynamic 
CMakeFiles/cmTryCompileExec3263198388.dir/CheckSymbolExists.c.o: In function `main':
CheckSymbolExists.c:(.text+0x16): undefined reference to `pthread_create'
collect2: error: ld returned 1 exit status
make[1]: *** [cmTryCompileExec3263198388] Error 1
make[1]: Leaving directory `/home/david/Desktop/tfg/tfg/build_ubuntu/CMakeFiles/CMakeTmp'
make: *** [cmTryCompileExec3263198388/fast] Error 2

File /home/david/Desktop/tfg/tfg/build_ubuntu/CMakeFiles/CMakeTmp/CheckSymbolExists.c:
/* */
#include <pthread.h>

int main(int argc, char** argv)
{
  (void)argv;
#ifndef pthread_create
  return ((int*)(&pthread_create))[argc];
#else
  (void)argc;
  return 0;
#endif
}

Determining if the function pthread_create exists in the pthreads failed with the following output:
Change Dir: /home/david/Desktop/tfg/tfg/build_ubuntu/CMakeFiles/CMakeTmp

Run Build Command:/usr/bin/make "cmTryCompileExec153113020/fast"
/usr/bin/make -f CMakeFiles/cmTryCompileExec153113020.dir/build.make CMakeFiles/cmTryCompileExec153113020.dir/build
make[1]: Entering directory `/home/david/Desktop/tfg/tfg/build_ubuntu/CMakeFiles/CMakeTmp'
/usr/bin/cmake -E cmake_progress_report /home/david/Desktop/tfg/tfg/build_ubuntu/CMakeFiles/CMakeTmp/CMakeFiles 1
Building C object CMakeFiles/cmTryCompileExec153113020.dir/CheckFunctionExists.c.o
/usr/bin/cc   -DCHECK_FUNCTION_EXISTS=pthread_create   -o CMakeFiles/cmTryCompileExec153113020.dir/CheckFunctionExists.c.o   -c /usr/share/cmake-2.8/Modules/CheckFunctionExists.c
Linking C executable cmTryCompileExec153113020
/usr/bin/cmake -E cmake_link_script CMakeFiles/cmTryCompileExec153113020.dir/link.txt --verbose=1
/usr/bin/cc   -DCHECK_FUNCTION_EXISTS=pthread_create    CMakeFiles/cmTryCompileExec153113020.dir/CheckFunctionExists.c.o  -o cmTryCompileExec153113020 -rdynamic -lpthreads 
/usr/bin/ld: cannot find -lpthreads
collect2: error: ld returned 1 exit status
make[1]: *** [cmTryCompileExec153113020] Error 1
make[1]: Leaving directory `/home/david/Desktop/tfg/tfg/build_ubuntu/CMakeFiles/CMakeTmp'
make: *** [cmTryCompileExec153113020/fast] Error 2


Determining if the pthread_create exist failed with the following output:
Change Dir: /home/david/Desktop/tfg/tfg/build_ubuntu/CMakeFiles/CMakeTmp

Run Build Command:/usr/bin/make "cmTryCompileExec2159426106/fast"
make[1]: Entering directory `/home/david/Desktop/tfg/tfg/build_ubuntu/CMakeFiles/CMakeTmp'
/usr/bin/make -f CMakeFiles/cmTryCompileExec2159426106.dir/build.make CMakeFiles/cmTryCompileExec2159426106.dir/build
make[2]: Entering directory `/home/david/Desktop/tfg/tfg/build_ubuntu/CMakeFiles/CMakeTmp'
/usr/bin/cmake -E cmake_progress_report /home/david/Desktop/tfg/tfg/build_ubuntu/CMakeFiles/CMakeTmp/CMakeFiles 1
Building C object CMakeFiles/cmTryCompileExec2159426106.dir/CheckSymbolExists.c.o
/usr/bin/cc    -o CMakeFiles/cmTryCompileExec2159426106.dir/CheckSymbolExists.c.o   -c /home/david/Desktop/tfg/tfg/build_ubuntu/CMakeFiles/CMakeTmp/CheckSymbolExists.c
Linking C executable cmTryCompileExec2159426106
/usr/bin/cmake -E cmake_link_script CMakeFiles/cmTryCompileExec2159426106.dir/link.txt --verbose=1
/usr/bin/cc       CMakeFiles/cmTryCompileExec2159426106.dir/CheckSymbolExists.c.o  -o cmTryCompileExec2159426106 -rdynamic 
CMakeFiles/cmTryCompileExec2159426106.dir/CheckSymbolExists.c.o: In function `main':
CheckSymbolExists.c:(.text+0x16): undefined reference to `pthread_create'
collect2: error: ld returned 1 exit status
make[2]: *** [cmTryCompileExec2159426106] Error 1
make[2]: Leaving directory `/home/david/Desktop/tfg/tfg/build_ubuntu/CMakeFiles/CMakeTmp'
make[1]: Leaving directory `/home/david/Desktop/tfg/tfg/build_ubuntu/CMakeFiles/CMakeTmp'
make[1]: *** [cmTryCompileExec2159426106/fast] Error 2

File /home/david/Desktop/tfg/tfg/build_ubuntu/CMakeFiles/CMakeTmp/CheckSymbolExists.c:
/* */
#include <pthread.h>

int main(int argc, char** argv)
{
  (void)argv;
#ifndef pthread_create
  return ((int*)(&pthread_create))[argc];
#else
  (void)argc;
  return 0;
#endif
}

Determining if the function pthread_create exists in the pthreads failed with the following output:
Change Dir: /home/david/Desktop/tfg/tfg/build_ubuntu/CMakeFiles/CMakeTmp

Run Build Command:/usr/bin/make "cmTryCompileExec1833643015/fast"
make[1]: Entering directory `/home/david/Desktop/tfg/tfg/build_ubuntu/CMakeFiles/CMakeTmp'
/usr/bin/make -f CMakeFiles/cmTryCompileExec1833643015.dir/build.make CMakeFiles/cmTryCompileExec1833643015.dir/build
make[2]: Entering directory `/home/david/Desktop/tfg/tfg/build_ubuntu/CMakeFiles/CMakeTmp'
/usr/bin/cmake -E cmake_progress_report /home/david/Desktop/tfg/tfg/build_ubuntu/CMakeFiles/CMakeTmp/CMakeFiles 1
Building C object CMakeFiles/cmTryCompileExec1833643015.dir/CheckFunctionExists.c.o
/usr/bin/cc   -DCHECK_FUNCTION_EXISTS=pthread_create   -o CMakeFiles/cmTryCompileExec1833643015.dir/CheckFunctionExists.c.o   -c /usr/share/cmake-2.8/Modules/CheckFunctionExists.c
Linking C executable cmTryCompileExec1833643015
/usr/bin/cmake -E cmake_link_script CMakeFiles/cmTryCompileExec1833643015.dir/link.txt --verbose=1
/usr/bin/cc   -DCHECK_FUNCTION_EXISTS=pthread_create    CMakeFiles/cmTryCompileExec1833643015.dir/CheckFunctionExists.c.o  -o cmTryCompileExec1833643015 -rdynamic -lpthreads 
/usr/bin/ld: cannot find -lpthreads
collect2: error: ld returned 1 exit status
make[2]: *** [cmTryCompileExec1833643015] Error 1
make[2]: Leaving directory `/home/david/Desktop/tfg/tfg/build_ubuntu/CMakeFiles/CMakeTmp'
make[1]: *** [cmTryCompileExec1833643015/fast] Error 2
make[1]: Leaving directory `/home/david/Desktop/tfg/tfg/build_ubuntu/CMakeFiles/CMakeTmp'


Determining if the pthread_create exist failed with the following output:
Change Dir: /home/david/Desktop/tfg/tfg/build_ubuntu/CMakeFiles/CMakeTmp

Run Build Command:/usr/bin/make "cmTryCompileExec3401094406/fast"
make[1]: Entering directory `/home/david/Desktop/tfg/tfg/build_ubuntu/CMakeFiles/CMakeTmp'
/usr/bin/make -f CMakeFiles/cmTryCompileExec3401094406.dir/build.make CMakeFiles/cmTryCompileExec3401094406.dir/build
make[2]: Entering directory `/home/david/Desktop/tfg/tfg/build_ubuntu/CMakeFiles/CMakeTmp'
/usr/bin/cmake -E cmake_progress_report /home/david/Desktop/tfg/tfg/build_ubuntu/CMakeFiles/CMakeTmp/CMakeFiles 1
Building C object CMakeFiles/cmTryCompileExec3401094406.dir/CheckSymbolExists.c.o
/usr/bin/cc    -o CMakeFiles/cmTryCompileExec3401094406.dir/CheckSymbolExists.c.o   -c /home/david/Desktop/tfg/tfg/build_ubuntu/CMakeFiles/CMakeTmp/CheckSymbolExists.c
Linking C executable cmTryCompileExec3401094406
/usr/bin/cmake -E cmake_link_script CMakeFiles/cmTryCompileExec3401094406.dir/link.txt --verbose=1
/usr/bin/cc       CMakeFiles/cmTryCompileExec3401094406.dir/CheckSymbolExists.c.o  -o cmTryCompileExec3401094406 -rdynamic 
CMakeFiles/cmTryCompileExec3401094406.dir/CheckSymbolExists.c.o: In function `main':
CheckSymbolExists.c:(.text+0x16): undefined reference to `pthread_create'
collect2: error: ld returned 1 exit status
make[2]: *** [cmTryCompileExec3401094406] Error 1
make[2]: Leaving directory `/home/david/Desktop/tfg/tfg/build_ubuntu/CMakeFiles/CMakeTmp'
make[1]: *** [cmTryCompileExec3401094406/fast] Error 2
make[1]: Leaving directory `/home/david/Desktop/tfg/tfg/build_ubuntu/CMakeFiles/CMakeTmp'

File /home/david/Desktop/tfg/tfg/build_ubuntu/CMakeFiles/CMakeTmp/CheckSymbolExists.c:
/* */
#include <pthread.h>

int main(int argc, char** argv)
{
  (void)argv;
#ifndef pthread_create
  return ((int*)(&pthread_create))[argc];
#else
  (void)argc;
  return 0;
#endif
}

Determining if the function pthread_create exists in the pthreads failed with the following output:
Change Dir: /home/david/Desktop/tfg/tfg/build_ubuntu/CMakeFiles/CMakeTmp

Run Build Command:/usr/bin/make "cmTryCompileExec661371847/fast"
make[1]: Entering directory `/home/david/Desktop/tfg/tfg/build_ubuntu/CMakeFiles/CMakeTmp'
/usr/bin/make -f CMakeFiles/cmTryCompileExec661371847.dir/build.make CMakeFiles/cmTryCompileExec661371847.dir/build
make[2]: Entering directory `/home/david/Desktop/tfg/tfg/build_ubuntu/CMakeFiles/CMakeTmp'
/usr/bin/cmake -E cmake_progress_report /home/david/Desktop/tfg/tfg/build_ubuntu/CMakeFiles/CMakeTmp/CMakeFiles 1
Building C object CMakeFiles/cmTryCompileExec661371847.dir/CheckFunctionExists.c.o
/usr/bin/cc   -DCHECK_FUNCTION_EXISTS=pthread_create   -o CMakeFiles/cmTryCompileExec661371847.dir/CheckFunctionExists.c.o   -c /usr/share/cmake-2.8/Modules/CheckFunctionExists.c
Linking C executable cmTryCompileExec661371847
/usr/bin/cmake -E cmake_link_script CMakeFiles/cmTryCompileExec661371847.dir/link.txt --verbose=1
/usr/bin/cc   -DCHECK_FUNCTION_EXISTS=pthread_create    CMakeFiles/cmTryCompileExec661371847.dir/CheckFunctionExists.c.o  -o cmTryCompileExec661371847 -rdynamic -lpthreads 
/usr/bin/ld: cannot find -lpthreads
collect2: error: ld returned 1 exit status
make[2]: *** [cmTryCompileExec661371847] Error 1
make[2]: Leaving directory `/home/david/Desktop/tfg/tfg/build_ubuntu/CMakeFiles/CMakeTmp'
make[1]: *** [cmTryCompileExec661371847/fast] Error 2
make[1]: Leaving directory `/home/david/Desktop/tfg/tfg/build_ubuntu/CMakeFiles/CMakeTmp'


Determining if the pthread_create exist failed with the following output:
Change Dir: /home/david/Desktop/tfg/tfg/build_ubuntu/CMakeFiles/CMakeTmp

Run Build Command:/usr/bin/make "cmTryCompileExec446455713/fast"
make[1]: Entering directory `/home/david/Desktop/tfg/tfg/build_ubuntu/CMakeFiles/CMakeTmp'
/usr/bin/make -f CMakeFiles/cmTryCompileExec446455713.dir/build.make CMakeFiles/cmTryCompileExec446455713.dir/build
make[2]: Entering directory `/home/david/Desktop/tfg/tfg/build_ubuntu/CMakeFiles/CMakeTmp'
/usr/bin/cmake -E cmake_progress_report /home/david/Desktop/tfg/tfg/build_ubuntu/CMakeFiles/CMakeTmp/CMakeFiles 1
Building C object CMakeFiles/cmTryCompileExec446455713.dir/CheckSymbolExists.c.o
/usr/bin/cc    -o CMakeFiles/cmTryCompileExec446455713.dir/CheckSymbolExists.c.o   -c /home/david/Desktop/tfg/tfg/build_ubuntu/CMakeFiles/CMakeTmp/CheckSymbolExists.c
Linking C executable cmTryCompileExec446455713
/usr/bin/cmake -E cmake_link_script CMakeFiles/cmTryCompileExec446455713.dir/link.txt --verbose=1
/usr/bin/cc       CMakeFiles/cmTryCompileExec446455713.dir/CheckSymbolExists.c.o  -o cmTryCompileExec446455713 -rdynamic 
CMakeFiles/cmTryCompileExec446455713.dir/CheckSymbolExists.c.o: In function `main':
CheckSymbolExists.c:(.text+0x16): undefined reference to `pthread_create'
collect2: error: ld returned 1 exit status
make[2]: *** [cmTryCompileExec446455713] Error 1
make[2]: Leaving directory `/home/david/Desktop/tfg/tfg/build_ubuntu/CMakeFiles/CMakeTmp'
make[1]: *** [cmTryCompileExec446455713/fast] Error 2
make[1]: Leaving directory `/home/david/Desktop/tfg/tfg/build_ubuntu/CMakeFiles/CMakeTmp'

File /home/david/Desktop/tfg/tfg/build_ubuntu/CMakeFiles/CMakeTmp/CheckSymbolExists.c:
/* */
#include <pthread.h>

int main(int argc, char** argv)
{
  (void)argv;
#ifndef pthread_create
  return ((int*)(&pthread_create))[argc];
#else
  (void)argc;
  return 0;
#endif
}

Determining if the function pthread_create exists in the pthreads failed with the following output:
Change Dir: /home/david/Desktop/tfg/tfg/build_ubuntu/CMakeFiles/CMakeTmp

Run Build Command:/usr/bin/make "cmTryCompileExec901151649/fast"
make[1]: Entering directory `/home/david/Desktop/tfg/tfg/build_ubuntu/CMakeFiles/CMakeTmp'
/usr/bin/make -f CMakeFiles/cmTryCompileExec901151649.dir/build.make CMakeFiles/cmTryCompileExec901151649.dir/build
make[2]: Entering directory `/home/david/Desktop/tfg/tfg/build_ubuntu/CMakeFiles/CMakeTmp'
/usr/bin/cmake -E cmake_progress_report /home/david/Desktop/tfg/tfg/build_ubuntu/CMakeFiles/CMakeTmp/CMakeFiles 1
Building C object CMakeFiles/cmTryCompileExec901151649.dir/CheckFunctionExists.c.o
/usr/bin/cc   -DCHECK_FUNCTION_EXISTS=pthread_create   -o CMakeFiles/cmTryCompileExec901151649.dir/CheckFunctionExists.c.o   -c /usr/share/cmake-2.8/Modules/CheckFunctionExists.c
Linking C executable cmTryCompileExec901151649
/usr/bin/cmake -E cmake_link_script CMakeFiles/cmTryCompileExec901151649.dir/link.txt --verbose=1
/usr/bin/cc   -DCHECK_FUNCTION_EXISTS=pthread_create    CMakeFiles/cmTryCompileExec901151649.dir/CheckFunctionExists.c.o  -o cmTryCompileExec901151649 -rdynamic -lpthreads 
/usr/bin/ld: cannot find -lpthreads
collect2: error: ld returned 1 exit status
make[2]: *** [cmTryCompileExec901151649] Error 1
make[2]: Leaving directory `/home/david/Desktop/tfg/tfg/build_ubuntu/CMakeFiles/CMakeTmp'
make[1]: Leaving directory `/home/david/Desktop/tfg/tfg/build_ubuntu/CMakeFiles/CMakeTmp'
make[1]: *** [cmTryCompileExec901151649/fast] Error 2


