The system is: Linux - 3.16.0-38-generic - x86_64
Compiling the C compiler identification source file "CMakeCCompilerId.c" succeeded.
Compiler: /usr/bin/cc 
Build flags: 
Id flags: 

The output was:
0


Compilation of the C compiler identification source "CMakeCCompilerId.c" produced "a.out"

The C compiler identification is GNU, found in "/home/david/Desktop/tfg/tfg/build_ubuntu/CMakeFiles/2.8.12.2/CompilerIdC/a.out"

Compiling the CXX compiler identification source file "CMakeCXXCompilerId.cpp" succeeded.
Compiler: /usr/bin/c++ 
Build flags: 
Id flags: 

The output was:
0


Compilation of the CXX compiler identification source "CMakeCXXCompilerId.cpp" produced "a.out"

The CXX compiler identification is GNU, found in "/home/david/Desktop/tfg/tfg/build_ubuntu/CMakeFiles/2.8.12.2/CompilerIdCXX/a.out"

Determining if the C compiler works passed with the following output:
Change Dir: /home/david/Desktop/tfg/tfg/build_ubuntu/CMakeFiles/CMakeTmp

Run Build Command:/usr/bin/make "cmTryCompileExec629754159/fast"
/usr/bin/make -f CMakeFiles/cmTryCompileExec629754159.dir/build.make CMakeFiles/cmTryCompileExec629754159.dir/build
make[1]: Entering directory `/home/david/Desktop/tfg/tfg/build_ubuntu/CMakeFiles/CMakeTmp'
/usr/bin/cmake -E cmake_progress_report /home/david/Desktop/tfg/tfg/build_ubuntu/CMakeFiles/CMakeTmp/CMakeFiles 1
Building C object CMakeFiles/cmTryCompileExec629754159.dir/testCCompiler.c.o
/usr/bin/cc    -o CMakeFiles/cmTryCompileExec629754159.dir/testCCompiler.c.o   -c /home/david/Desktop/tfg/tfg/build_ubuntu/CMakeFiles/CMakeTmp/testCCompiler.c
Linking C executable cmTryCompileExec629754159
/usr/bin/cmake -E cmake_link_script CMakeFiles/cmTryCompileExec629754159.dir/link.txt --verbose=1
/usr/bin/cc       CMakeFiles/cmTryCompileExec629754159.dir/testCCompiler.c.o  -o cmTryCompileExec629754159 -rdynamic 
make[1]: Leaving directory `/home/david/Desktop/tfg/tfg/build_ubuntu/CMakeFiles/CMakeTmp'


Detecting C compiler ABI info compiled with the following output:
Change Dir: /home/david/Desktop/tfg/tfg/build_ubuntu/CMakeFiles/CMakeTmp

Run Build Command:/usr/bin/make "cmTryCompileExec875610928/fast"
/usr/bin/make -f CMakeFiles/cmTryCompileExec875610928.dir/build.make CMakeFiles/cmTryCompileExec875610928.dir/build
make[1]: Entering directory `/home/david/Desktop/tfg/tfg/build_ubuntu/CMakeFiles/CMakeTmp'
/usr/bin/cmake -E cmake_progress_report /home/david/Desktop/tfg/tfg/build_ubuntu/CMakeFiles/CMakeTmp/CMakeFiles 1
Building C object CMakeFiles/cmTryCompileExec875610928.dir/CMakeCCompilerABI.c.o
/usr/bin/cc    -o CMakeFiles/cmTryCompileExec875610928.dir/CMakeCCompilerABI.c.o   -c /usr/share/cmake-2.8/Modules/CMakeCCompilerABI.c
Linking C executable cmTryCompileExec875610928
/usr/bin/cmake -E cmake_link_script CMakeFiles/cmTryCompileExec875610928.dir/link.txt --verbose=1
/usr/bin/cc     -v CMakeFiles/cmTryCompileExec875610928.dir/CMakeCCompilerABI.c.o  -o cmTryCompileExec875610928 -rdynamic  
Using built-in specs.
COLLECT_GCC=/usr/bin/cc
COLLECT_LTO_WRAPPER=/usr/lib/gcc/x86_64-linux-gnu/4.8/lto-wrapper
Target: x86_64-linux-gnu
Configured with: ../src/configure -v --with-pkgversion='Ubuntu 4.8.2-19ubuntu1' --with-bugurl=file:///usr/share/doc/gcc-4.8/README.Bugs --enable-languages=c,c++,java,go,d,fortran,objc,obj-c++ --prefix=/usr --program-suffix=-4.8 --enable-shared --enable-linker-build-id --libexecdir=/usr/lib --without-included-gettext --enable-threads=posix --with-gxx-include-dir=/usr/include/c++/4.8 --libdir=/usr/lib --enable-nls --with-sysroot=/ --enable-clocale=gnu --enable-libstdcxx-debug --enable-libstdcxx-time=yes --enable-gnu-unique-object --disable-libmudflap --enable-plugin --with-system-zlib --disable-browser-plugin --enable-java-awt=gtk --enable-gtk-cairo --with-java-home=/usr/lib/jvm/java-1.5.0-gcj-4.8-amd64/jre --enable-java-home --with-jvm-root-dir=/usr/lib/jvm/java-1.5.0-gcj-4.8-amd64 --with-jvm-jar-dir=/usr/lib/jvm-exports/java-1.5.0-gcj-4.8-amd64 --with-arch-directory=amd64 --with-ecj-jar=/usr/share/java/eclipse-ecj.jar --enable-objc-gc --enable-multiarch --disable-werror --with-arch-32=i686 --with-abi=m64 --with-multilib-list=m32,m64,mx32 --with-tune=generic --enable-checking=release --build=x86_64-linux-gnu --host=x86_64-linux-gnu --target=x86_64-linux-gnu
Thread model: posix
gcc version 4.8.2 (Ubuntu 4.8.2-19ubuntu1) 
COMPILER_PATH=/usr/lib/gcc/x86_64-linux-gnu/4.8/:/usr/lib/gcc/x86_64-linux-gnu/4.8/:/usr/lib/gcc/x86_64-linux-gnu/:/usr/lib/gcc/x86_64-linux-gnu/4.8/:/usr/lib/gcc/x86_64-linux-gnu/
LIBRARY_PATH=/usr/lib/gcc/x86_64-linux-gnu/4.8/:/usr/lib/gcc/x86_64-linux-gnu/4.8/../../../x86_64-linux-gnu/:/usr/lib/gcc/x86_64-linux-gnu/4.8/../../../../lib/:/lib/x86_64-linux-gnu/:/lib/../lib/:/usr/lib/x86_64-linux-gnu/:/usr/lib/../lib/:/usr/lib/gcc/x86_64-linux-gnu/4.8/../../../:/lib/:/usr/lib/
COLLECT_GCC_OPTIONS='-v' '-o' 'cmTryCompileExec875610928' '-rdynamic' '-mtune=generic' '-march=x86-64'
 /usr/lib/gcc/x86_64-linux-gnu/4.8/collect2 --sysroot=/ --build-id --eh-frame-hdr -m elf_x86_64 --hash-style=gnu --as-needed -export-dynamic -dynamic-linker /lib64/ld-linux-x86-64.so.2 -z relro -o cmTryCompileExec875610928 /usr/lib/gcc/x86_64-linux-gnu/4.8/../../../x86_64-linux-gnu/crt1.o /usr/lib/gcc/x86_64-linux-gnu/4.8/../../../x86_64-linux-gnu/crti.o /usr/lib/gcc/x86_64-linux-gnu/4.8/crtbegin.o -L/usr/lib/gcc/x86_64-linux-gnu/4.8 -L/usr/lib/gcc/x86_64-linux-gnu/4.8/../../../x86_64-linux-gnu -L/usr/lib/gcc/x86_64-linux-gnu/4.8/../../../../lib -L/lib/x86_64-linux-gnu -L/lib/../lib -L/usr/lib/x86_64-linux-gnu -L/usr/lib/../lib -L/usr/lib/gcc/x86_64-linux-gnu/4.8/../../.. CMakeFiles/cmTryCompileExec875610928.dir/CMakeCCompilerABI.c.o -lgcc --as-needed -lgcc_s --no-as-needed -lc -lgcc --as-needed -lgcc_s --no-as-needed /usr/lib/gcc/x86_64-linux-gnu/4.8/crtend.o /usr/lib/gcc/x86_64-linux-gnu/4.8/../../../x86_64-linux-gnu/crtn.o
make[1]: Leaving directory `/home/david/Desktop/tfg/tfg/build_ubuntu/CMakeFiles/CMakeTmp'


Parsed C implicit link information from above output:
  link line regex: [^( *|.*[/\])(ld|([^/\]+-)?ld|collect2)[^/\]*( |$)]
  ignore line: [Change Dir: /home/david/Desktop/tfg/tfg/build_ubuntu/CMakeFiles/CMakeTmp]
  ignore line: []
  ignore line: [Run Build Command:/usr/bin/make "cmTryCompileExec875610928/fast"]
  ignore line: [/usr/bin/make -f CMakeFiles/cmTryCompileExec875610928.dir/build.make CMakeFiles/cmTryCompileExec875610928.dir/build]
  ignore line: [make[1]: Entering directory `/home/david/Desktop/tfg/tfg/build_ubuntu/CMakeFiles/CMakeTmp']
  ignore line: [/usr/bin/cmake -E cmake_progress_report /home/david/Desktop/tfg/tfg/build_ubuntu/CMakeFiles/CMakeTmp/CMakeFiles 1]
  ignore line: [Building C object CMakeFiles/cmTryCompileExec875610928.dir/CMakeCCompilerABI.c.o]
  ignore line: [/usr/bin/cc    -o CMakeFiles/cmTryCompileExec875610928.dir/CMakeCCompilerABI.c.o   -c /usr/share/cmake-2.8/Modules/CMakeCCompilerABI.c]
  ignore line: [Linking C executable cmTryCompileExec875610928]
  ignore line: [/usr/bin/cmake -E cmake_link_script CMakeFiles/cmTryCompileExec875610928.dir/link.txt --verbose=1]
  ignore line: [/usr/bin/cc     -v CMakeFiles/cmTryCompileExec875610928.dir/CMakeCCompilerABI.c.o  -o cmTryCompileExec875610928 -rdynamic  ]
  ignore line: [Using built-in specs.]
  ignore line: [COLLECT_GCC=/usr/bin/cc]
  ignore line: [COLLECT_LTO_WRAPPER=/usr/lib/gcc/x86_64-linux-gnu/4.8/lto-wrapper]
  ignore line: [Target: x86_64-linux-gnu]
  ignore line: [Configured with: ../src/configure -v --with-pkgversion='Ubuntu 4.8.2-19ubuntu1' --with-bugurl=file:///usr/share/doc/gcc-4.8/README.Bugs --enable-languages=c,c++,java,go,d,fortran,objc,obj-c++ --prefix=/usr --program-suffix=-4.8 --enable-shared --enable-linker-build-id --libexecdir=/usr/lib --without-included-gettext --enable-threads=posix --with-gxx-include-dir=/usr/include/c++/4.8 --libdir=/usr/lib --enable-nls --with-sysroot=/ --enable-clocale=gnu --enable-libstdcxx-debug --enable-libstdcxx-time=yes --enable-gnu-unique-object --disable-libmudflap --enable-plugin --with-system-zlib --disable-browser-plugin --enable-java-awt=gtk --enable-gtk-cairo --with-java-home=/usr/lib/jvm/java-1.5.0-gcj-4.8-amd64/jre --enable-java-home --with-jvm-root-dir=/usr/lib/jvm/java-1.5.0-gcj-4.8-amd64 --with-jvm-jar-dir=/usr/lib/jvm-exports/java-1.5.0-gcj-4.8-amd64 --with-arch-directory=amd64 --with-ecj-jar=/usr/share/java/eclipse-ecj.jar --enable-objc-gc --enable-multiarch --disable-werror --with-arch-32=i686 --with-abi=m64 --with-multilib-list=m32,m64,mx32 --with-tune=generic --enable-checking=release --build=x86_64-linux-gnu --host=x86_64-linux-gnu --target=x86_64-linux-gnu]
  ignore line: [Thread model: posix]
  ignore line: [gcc version 4.8.2 (Ubuntu 4.8.2-19ubuntu1) ]
  ignore line: [COMPILER_PATH=/usr/lib/gcc/x86_64-linux-gnu/4.8/:/usr/lib/gcc/x86_64-linux-gnu/4.8/:/usr/lib/gcc/x86_64-linux-gnu/:/usr/lib/gcc/x86_64-linux-gnu/4.8/:/usr/lib/gcc/x86_64-linux-gnu/]
  ignore line: [LIBRARY_PATH=/usr/lib/gcc/x86_64-linux-gnu/4.8/:/usr/lib/gcc/x86_64-linux-gnu/4.8/../../../x86_64-linux-gnu/:/usr/lib/gcc/x86_64-linux-gnu/4.8/../../../../lib/:/lib/x86_64-linux-gnu/:/lib/../lib/:/usr/lib/x86_64-linux-gnu/:/usr/lib/../lib/:/usr/lib/gcc/x86_64-linux-gnu/4.8/../../../:/lib/:/usr/lib/]
  ignore line: [COLLECT_GCC_OPTIONS='-v' '-o' 'cmTryCompileExec875610928' '-rdynamic' '-mtune=generic' '-march=x86-64']
  link line: [ /usr/lib/gcc/x86_64-linux-gnu/4.8/collect2 --sysroot=/ --build-id --eh-frame-hdr -m elf_x86_64 --hash-style=gnu --as-needed -export-dynamic -dynamic-linker /lib64/ld-linux-x86-64.so.2 -z relro -o cmTryCompileExec875610928 /usr/lib/gcc/x86_64-linux-gnu/4.8/../../../x86_64-linux-gnu/crt1.o /usr/lib/gcc/x86_64-linux-gnu/4.8/../../../x86_64-linux-gnu/crti.o /usr/lib/gcc/x86_64-linux-gnu/4.8/crtbegin.o -L/usr/lib/gcc/x86_64-linux-gnu/4.8 -L/usr/lib/gcc/x86_64-linux-gnu/4.8/../../../x86_64-linux-gnu -L/usr/lib/gcc/x86_64-linux-gnu/4.8/../../../../lib -L/lib/x86_64-linux-gnu -L/lib/../lib -L/usr/lib/x86_64-linux-gnu -L/usr/lib/../lib -L/usr/lib/gcc/x86_64-linux-gnu/4.8/../../.. CMakeFiles/cmTryCompileExec875610928.dir/CMakeCCompilerABI.c.o -lgcc --as-needed -lgcc_s --no-as-needed -lc -lgcc --as-needed -lgcc_s --no-as-needed /usr/lib/gcc/x86_64-linux-gnu/4.8/crtend.o /usr/lib/gcc/x86_64-linux-gnu/4.8/../../../x86_64-linux-gnu/crtn.o]
    arg [/usr/lib/gcc/x86_64-linux-gnu/4.8/collect2] ==> ignore
    arg [--sysroot=/] ==> ignore
    arg [--build-id] ==> ignore
    arg [--eh-frame-hdr] ==> ignore
    arg [-m] ==> ignore
    arg [elf_x86_64] ==> ignore
    arg [--hash-style=gnu] ==> ignore
    arg [--as-needed] ==> ignore
    arg [-export-dynamic] ==> ignore
    arg [-dynamic-linker] ==> ignore
    arg [/lib64/ld-linux-x86-64.so.2] ==> ignore
    arg [-zrelro] ==> ignore
    arg [-o] ==> ignore
    arg [cmTryCompileExec875610928] ==> ignore
    arg [/usr/lib/gcc/x86_64-linux-gnu/4.8/../../../x86_64-linux-gnu/crt1.o] ==> ignore
    arg [/usr/lib/gcc/x86_64-linux-gnu/4.8/../../../x86_64-linux-gnu/crti.o] ==> ignore
    arg [/usr/lib/gcc/x86_64-linux-gnu/4.8/crtbegin.o] ==> ignore
    arg [-L/usr/lib/gcc/x86_64-linux-gnu/4.8] ==> dir [/usr/lib/gcc/x86_64-linux-gnu/4.8]
    arg [-L/usr/lib/gcc/x86_64-linux-gnu/4.8/../../../x86_64-linux-gnu] ==> dir [/usr/lib/gcc/x86_64-linux-gnu/4.8/../../../x86_64-linux-gnu]
    arg [-L/usr/lib/gcc/x86_64-linux-gnu/4.8/../../../../lib] ==> dir [/usr/lib/gcc/x86_64-linux-gnu/4.8/../../../../lib]
    arg [-L/lib/x86_64-linux-gnu] ==> dir [/lib/x86_64-linux-gnu]
    arg [-L/lib/../lib] ==> dir [/lib/../lib]
    arg [-L/usr/lib/x86_64-linux-gnu] ==> dir [/usr/lib/x86_64-linux-gnu]
    arg [-L/usr/lib/../lib] ==> dir [/usr/lib/../lib]
    arg [-L/usr/lib/gcc/x86_64-linux-gnu/4.8/../../..] ==> dir [/usr/lib/gcc/x86_64-linux-gnu/4.8/../../..]
    arg [CMakeFiles/cmTryCompileExec875610928.dir/CMakeCCompilerABI.c.o] ==> ignore
    arg [-lgcc] ==> lib [gcc]
    arg [--as-needed] ==> ignore
    arg [-lgcc_s] ==> lib [gcc_s]
    arg [--no-as-needed] ==> ignore
    arg [-lc] ==> lib [c]
    arg [-lgcc] ==> lib [gcc]
    arg [--as-needed] ==> ignore
    arg [-lgcc_s] ==> lib [gcc_s]
    arg [--no-as-needed] ==> ignore
    arg [/usr/lib/gcc/x86_64-linux-gnu/4.8/crtend.o] ==> ignore
    arg [/usr/lib/gcc/x86_64-linux-gnu/4.8/../../../x86_64-linux-gnu/crtn.o] ==> ignore
  remove lib [gcc]
  remove lib [gcc_s]
  remove lib [gcc]
  remove lib [gcc_s]
  collapse library dir [/usr/lib/gcc/x86_64-linux-gnu/4.8] ==> [/usr/lib/gcc/x86_64-linux-gnu/4.8]
  collapse library dir [/usr/lib/gcc/x86_64-linux-gnu/4.8/../../../x86_64-linux-gnu] ==> [/usr/lib/x86_64-linux-gnu]
  collapse library dir [/usr/lib/gcc/x86_64-linux-gnu/4.8/../../../../lib] ==> [/usr/lib]
  collapse library dir [/lib/x86_64-linux-gnu] ==> [/lib/x86_64-linux-gnu]
  collapse library dir [/lib/../lib] ==> [/lib]
  collapse library dir [/usr/lib/x86_64-linux-gnu] ==> [/usr/lib/x86_64-linux-gnu]
  collapse library dir [/usr/lib/../lib] ==> [/usr/lib]
  collapse library dir [/usr/lib/gcc/x86_64-linux-gnu/4.8/../../..] ==> [/usr/lib]
  implicit libs: [c]
  implicit dirs: [/usr/lib/gcc/x86_64-linux-gnu/4.8;/usr/lib/x86_64-linux-gnu;/usr/lib;/lib/x86_64-linux-gnu;/lib]
  implicit fwks: []


Determining if the CXX compiler works passed with the following output:
Change Dir: /home/david/Desktop/tfg/tfg/build_ubuntu/CMakeFiles/CMakeTmp

Run Build Command:/usr/bin/make "cmTryCompileExec1745501924/fast"
/usr/bin/make -f CMakeFiles/cmTryCompileExec1745501924.dir/build.make CMakeFiles/cmTryCompileExec1745501924.dir/build
make[1]: Entering directory `/home/david/Desktop/tfg/tfg/build_ubuntu/CMakeFiles/CMakeTmp'
/usr/bin/cmake -E cmake_progress_report /home/david/Desktop/tfg/tfg/build_ubuntu/CMakeFiles/CMakeTmp/CMakeFiles 1
Building CXX object CMakeFiles/cmTryCompileExec1745501924.dir/testCXXCompiler.cxx.o
/usr/bin/c++     -o CMakeFiles/cmTryCompileExec1745501924.dir/testCXXCompiler.cxx.o -c /home/david/Desktop/tfg/tfg/build_ubuntu/CMakeFiles/CMakeTmp/testCXXCompiler.cxx
Linking CXX executable cmTryCompileExec1745501924
/usr/bin/cmake -E cmake_link_script CMakeFiles/cmTryCompileExec1745501924.dir/link.txt --verbose=1
/usr/bin/c++        CMakeFiles/cmTryCompileExec1745501924.dir/testCXXCompiler.cxx.o  -o cmTryCompileExec1745501924 -rdynamic 
make[1]: Leaving directory `/home/david/Desktop/tfg/tfg/build_ubuntu/CMakeFiles/CMakeTmp'


Detecting CXX compiler ABI info compiled with the following output:
Change Dir: /home/david/Desktop/tfg/tfg/build_ubuntu/CMakeFiles/CMakeTmp

Run Build Command:/usr/bin/make "cmTryCompileExec1040184196/fast"
/usr/bin/make -f CMakeFiles/cmTryCompileExec1040184196.dir/build.make CMakeFiles/cmTryCompileExec1040184196.dir/build
make[1]: Entering directory `/home/david/Desktop/tfg/tfg/build_ubuntu/CMakeFiles/CMakeTmp'
/usr/bin/cmake -E cmake_progress_report /home/david/Desktop/tfg/tfg/build_ubuntu/CMakeFiles/CMakeTmp/CMakeFiles 1
Building CXX object CMakeFiles/cmTryCompileExec1040184196.dir/CMakeCXXCompilerABI.cpp.o
/usr/bin/c++     -o CMakeFiles/cmTryCompileExec1040184196.dir/CMakeCXXCompilerABI.cpp.o -c /usr/share/cmake-2.8/Modules/CMakeCXXCompilerABI.cpp
Linking CXX executable cmTryCompileExec1040184196
/usr/bin/cmake -E cmake_link_script CMakeFiles/cmTryCompileExec1040184196.dir/link.txt --verbose=1
/usr/bin/c++      -v CMakeFiles/cmTryCompileExec1040184196.dir/CMakeCXXCompilerABI.cpp.o  -o cmTryCompileExec1040184196 -rdynamic  
Using built-in specs.
COLLECT_GCC=/usr/bin/c++
COLLECT_LTO_WRAPPER=/usr/lib/gcc/x86_64-linux-gnu/4.8/lto-wrapper
Target: x86_64-linux-gnu
Configured with: ../src/configure -v --with-pkgversion='Ubuntu 4.8.2-19ubuntu1' --with-bugurl=file:///usr/share/doc/gcc-4.8/README.Bugs --enable-languages=c,c++,java,go,d,fortran,objc,obj-c++ --prefix=/usr --program-suffix=-4.8 --enable-shared --enable-linker-build-id --libexecdir=/usr/lib --without-included-gettext --enable-threads=posix --with-gxx-include-dir=/usr/include/c++/4.8 --libdir=/usr/lib --enable-nls --with-sysroot=/ --enable-clocale=gnu --enable-libstdcxx-debug --enable-libstdcxx-time=yes --enable-gnu-unique-object --disable-libmudflap --enable-plugin --with-system-zlib --disable-browser-plugin --enable-java-awt=gtk --enable-gtk-cairo --with-java-home=/usr/lib/jvm/java-1.5.0-gcj-4.8-amd64/jre --enable-java-home --with-jvm-root-dir=/usr/lib/jvm/java-1.5.0-gcj-4.8-amd64 --with-jvm-jar-dir=/usr/lib/jvm-exports/java-1.5.0-gcj-4.8-amd64 --with-arch-directory=amd64 --with-ecj-jar=/usr/share/java/eclipse-ecj.jar --enable-objc-gc --enable-multiarch --disable-werror --with-arch-32=i686 --with-abi=m64 --with-multilib-list=m32,m64,mx32 --with-tune=generic --enable-checking=release --build=x86_64-linux-gnu --host=x86_64-linux-gnu --target=x86_64-linux-gnu
Thread model: posix
gcc version 4.8.2 (Ubuntu 4.8.2-19ubuntu1) 
COMPILER_PATH=/usr/lib/gcc/x86_64-linux-gnu/4.8/:/usr/lib/gcc/x86_64-linux-gnu/4.8/:/usr/lib/gcc/x86_64-linux-gnu/:/usr/lib/gcc/x86_64-linux-gnu/4.8/:/usr/lib/gcc/x86_64-linux-gnu/
LIBRARY_PATH=/usr/lib/gcc/x86_64-linux-gnu/4.8/:/usr/lib/gcc/x86_64-linux-gnu/4.8/../../../x86_64-linux-gnu/:/usr/lib/gcc/x86_64-linux-gnu/4.8/../../../../lib/:/lib/x86_64-linux-gnu/:/lib/../lib/:/usr/lib/x86_64-linux-gnu/:/usr/lib/../lib/:/usr/lib/gcc/x86_64-linux-gnu/4.8/../../../:/lib/:/usr/lib/
COLLECT_GCC_OPTIONS='-v' '-o' 'cmTryCompileExec1040184196' '-rdynamic' '-shared-libgcc' '-mtune=generic' '-march=x86-64'
 /usr/lib/gcc/x86_64-linux-gnu/4.8/collect2 --sysroot=/ --build-id --eh-frame-hdr -m elf_x86_64 --hash-style=gnu --as-needed -export-dynamic -dynamic-linker /lib64/ld-linux-x86-64.so.2 -z relro -o cmTryCompileExec1040184196 /usr/lib/gcc/x86_64-linux-gnu/4.8/../../../x86_64-linux-gnu/crt1.o /usr/lib/gcc/x86_64-linux-gnu/4.8/../../../x86_64-linux-gnu/crti.o /usr/lib/gcc/x86_64-linux-gnu/4.8/crtbegin.o -L/usr/lib/gcc/x86_64-linux-gnu/4.8 -L/usr/lib/gcc/x86_64-linux-gnu/4.8/../../../x86_64-linux-gnu -L/usr/lib/gcc/x86_64-linux-gnu/4.8/../../../../lib -L/lib/x86_64-linux-gnu -L/lib/../lib -L/usr/lib/x86_64-linux-gnu -L/usr/lib/../lib -L/usr/lib/gcc/x86_64-linux-gnu/4.8/../../.. CMakeFiles/cmTryCompileExec1040184196.dir/CMakeCXXCompilerABI.cpp.o -lstdc++ -lm -lgcc_s -lgcc -lc -lgcc_s -lgcc /usr/lib/gcc/x86_64-linux-gnu/4.8/crtend.o /usr/lib/gcc/x86_64-linux-gnu/4.8/../../../x86_64-linux-gnu/crtn.o
make[1]: Leaving directory `/home/david/Desktop/tfg/tfg/build_ubuntu/CMakeFiles/CMakeTmp'


Parsed CXX implicit link information from above output:
  link line regex: [^( *|.*[/\])(ld|([^/\]+-)?ld|collect2)[^/\]*( |$)]
  ignore line: [Change Dir: /home/david/Desktop/tfg/tfg/build_ubuntu/CMakeFiles/CMakeTmp]
  ignore line: []
  ignore line: [Run Build Command:/usr/bin/make "cmTryCompileExec1040184196/fast"]
  ignore line: [/usr/bin/make -f CMakeFiles/cmTryCompileExec1040184196.dir/build.make CMakeFiles/cmTryCompileExec1040184196.dir/build]
  ignore line: [make[1]: Entering directory `/home/david/Desktop/tfg/tfg/build_ubuntu/CMakeFiles/CMakeTmp']
  ignore line: [/usr/bin/cmake -E cmake_progress_report /home/david/Desktop/tfg/tfg/build_ubuntu/CMakeFiles/CMakeTmp/CMakeFiles 1]
  ignore line: [Building CXX object CMakeFiles/cmTryCompileExec1040184196.dir/CMakeCXXCompilerABI.cpp.o]
  ignore line: [/usr/bin/c++     -o CMakeFiles/cmTryCompileExec1040184196.dir/CMakeCXXCompilerABI.cpp.o -c /usr/share/cmake-2.8/Modules/CMakeCXXCompilerABI.cpp]
  ignore line: [Linking CXX executable cmTryCompileExec1040184196]
  ignore line: [/usr/bin/cmake -E cmake_link_script CMakeFiles/cmTryCompileExec1040184196.dir/link.txt --verbose=1]
  ignore line: [/usr/bin/c++      -v CMakeFiles/cmTryCompileExec1040184196.dir/CMakeCXXCompilerABI.cpp.o  -o cmTryCompileExec1040184196 -rdynamic  ]
  ignore line: [Using built-in specs.]
  ignore line: [COLLECT_GCC=/usr/bin/c++]
  ignore line: [COLLECT_LTO_WRAPPER=/usr/lib/gcc/x86_64-linux-gnu/4.8/lto-wrapper]
  ignore line: [Target: x86_64-linux-gnu]
  ignore line: [Configured with: ../src/configure -v --with-pkgversion='Ubuntu 4.8.2-19ubuntu1' --with-bugurl=file:///usr/share/doc/gcc-4.8/README.Bugs --enable-languages=c,c++,java,go,d,fortran,objc,obj-c++ --prefix=/usr --program-suffix=-4.8 --enable-shared --enable-linker-build-id --libexecdir=/usr/lib --without-included-gettext --enable-threads=posix --with-gxx-include-dir=/usr/include/c++/4.8 --libdir=/usr/lib --enable-nls --with-sysroot=/ --enable-clocale=gnu --enable-libstdcxx-debug --enable-libstdcxx-time=yes --enable-gnu-unique-object --disable-libmudflap --enable-plugin --with-system-zlib --disable-browser-plugin --enable-java-awt=gtk --enable-gtk-cairo --with-java-home=/usr/lib/jvm/java-1.5.0-gcj-4.8-amd64/jre --enable-java-home --with-jvm-root-dir=/usr/lib/jvm/java-1.5.0-gcj-4.8-amd64 --with-jvm-jar-dir=/usr/lib/jvm-exports/java-1.5.0-gcj-4.8-amd64 --with-arch-directory=amd64 --with-ecj-jar=/usr/share/java/eclipse-ecj.jar --enable-objc-gc --enable-multiarch --disable-werror --with-arch-32=i686 --with-abi=m64 --with-multilib-list=m32,m64,mx32 --with-tune=generic --enable-checking=release --build=x86_64-linux-gnu --host=x86_64-linux-gnu --target=x86_64-linux-gnu]
  ignore line: [Thread model: posix]
  ignore line: [gcc version 4.8.2 (Ubuntu 4.8.2-19ubuntu1) ]
  ignore line: [COMPILER_PATH=/usr/lib/gcc/x86_64-linux-gnu/4.8/:/usr/lib/gcc/x86_64-linux-gnu/4.8/:/usr/lib/gcc/x86_64-linux-gnu/:/usr/lib/gcc/x86_64-linux-gnu/4.8/:/usr/lib/gcc/x86_64-linux-gnu/]
  ignore line: [LIBRARY_PATH=/usr/lib/gcc/x86_64-linux-gnu/4.8/:/usr/lib/gcc/x86_64-linux-gnu/4.8/../../../x86_64-linux-gnu/:/usr/lib/gcc/x86_64-linux-gnu/4.8/../../../../lib/:/lib/x86_64-linux-gnu/:/lib/../lib/:/usr/lib/x86_64-linux-gnu/:/usr/lib/../lib/:/usr/lib/gcc/x86_64-linux-gnu/4.8/../../../:/lib/:/usr/lib/]
  ignore line: [COLLECT_GCC_OPTIONS='-v' '-o' 'cmTryCompileExec1040184196' '-rdynamic' '-shared-libgcc' '-mtune=generic' '-march=x86-64']
  link line: [ /usr/lib/gcc/x86_64-linux-gnu/4.8/collect2 --sysroot=/ --build-id --eh-frame-hdr -m elf_x86_64 --hash-style=gnu --as-needed -export-dynamic -dynamic-linker /lib64/ld-linux-x86-64.so.2 -z relro -o cmTryCompileExec1040184196 /usr/lib/gcc/x86_64-linux-gnu/4.8/../../../x86_64-linux-gnu/crt1.o /usr/lib/gcc/x86_64-linux-gnu/4.8/../../../x86_64-linux-gnu/crti.o /usr/lib/gcc/x86_64-linux-gnu/4.8/crtbegin.o -L/usr/lib/gcc/x86_64-linux-gnu/4.8 -L/usr/lib/gcc/x86_64-linux-gnu/4.8/../../../x86_64-linux-gnu -L/usr/lib/gcc/x86_64-linux-gnu/4.8/../../../../lib -L/lib/x86_64-linux-gnu -L/lib/../lib -L/usr/lib/x86_64-linux-gnu -L/usr/lib/../lib -L/usr/lib/gcc/x86_64-linux-gnu/4.8/../../.. CMakeFiles/cmTryCompileExec1040184196.dir/CMakeCXXCompilerABI.cpp.o -lstdc++ -lm -lgcc_s -lgcc -lc -lgcc_s -lgcc /usr/lib/gcc/x86_64-linux-gnu/4.8/crtend.o /usr/lib/gcc/x86_64-linux-gnu/4.8/../../../x86_64-linux-gnu/crtn.o]
    arg [/usr/lib/gcc/x86_64-linux-gnu/4.8/collect2] ==> ignore
    arg [--sysroot=/] ==> ignore
    arg [--build-id] ==> ignore
    arg [--eh-frame-hdr] ==> ignore
    arg [-m] ==> ignore
    arg [elf_x86_64] ==> ignore
    arg [--hash-style=gnu] ==> ignore
    arg [--as-needed] ==> ignore
    arg [-export-dynamic] ==> ignore
    arg [-dynamic-linker] ==> ignore
    arg [/lib64/ld-linux-x86-64.so.2] ==> ignore
    arg [-zrelro] ==> ignore
    arg [-o] ==> ignore
    arg [cmTryCompileExec1040184196] ==> ignore
    arg [/usr/lib/gcc/x86_64-linux-gnu/4.8/../../../x86_64-linux-gnu/crt1.o] ==> ignore
    arg [/usr/lib/gcc/x86_64-linux-gnu/4.8/../../../x86_64-linux-gnu/crti.o] ==> ignore
    arg [/usr/lib/gcc/x86_64-linux-gnu/4.8/crtbegin.o] ==> ignore
    arg [-L/usr/lib/gcc/x86_64-linux-gnu/4.8] ==> dir [/usr/lib/gcc/x86_64-linux-gnu/4.8]
    arg [-L/usr/lib/gcc/x86_64-linux-gnu/4.8/../../../x86_64-linux-gnu] ==> dir [/usr/lib/gcc/x86_64-linux-gnu/4.8/../../../x86_64-linux-gnu]
    arg [-L/usr/lib/gcc/x86_64-linux-gnu/4.8/../../../../lib] ==> dir [/usr/lib/gcc/x86_64-linux-gnu/4.8/../../../../lib]
    arg [-L/lib/x86_64-linux-gnu] ==> dir [/lib/x86_64-linux-gnu]
    arg [-L/lib/../lib] ==> dir [/lib/../lib]
    arg [-L/usr/lib/x86_64-linux-gnu] ==> dir [/usr/lib/x86_64-linux-gnu]
    arg [-L/usr/lib/../lib] ==> dir [/usr/lib/../lib]
    arg [-L/usr/lib/gcc/x86_64-linux-gnu/4.8/../../..] ==> dir [/usr/lib/gcc/x86_64-linux-gnu/4.8/../../..]
    arg [CMakeFiles/cmTryCompileExec1040184196.dir/CMakeCXXCompilerABI.cpp.o] ==> ignore
    arg [-lstdc++] ==> lib [stdc++]
    arg [-lm] ==> lib [m]
    arg [-lgcc_s] ==> lib [gcc_s]
    arg [-lgcc] ==> lib [gcc]
    arg [-lc] ==> lib [c]
    arg [-lgcc_s] ==> lib [gcc_s]
    arg [-lgcc] ==> lib [gcc]
    arg [/usr/lib/gcc/x86_64-linux-gnu/4.8/crtend.o] ==> ignore
    arg [/usr/lib/gcc/x86_64-linux-gnu/4.8/../../../x86_64-linux-gnu/crtn.o] ==> ignore
  remove lib [gcc_s]
  remove lib [gcc]
  remove lib [gcc_s]
  remove lib [gcc]
  collapse library dir [/usr/lib/gcc/x86_64-linux-gnu/4.8] ==> [/usr/lib/gcc/x86_64-linux-gnu/4.8]
  collapse library dir [/usr/lib/gcc/x86_64-linux-gnu/4.8/../../../x86_64-linux-gnu] ==> [/usr/lib/x86_64-linux-gnu]
  collapse library dir [/usr/lib/gcc/x86_64-linux-gnu/4.8/../../../../lib] ==> [/usr/lib]
  collapse library dir [/lib/x86_64-linux-gnu] ==> [/lib/x86_64-linux-gnu]
  collapse library dir [/lib/../lib] ==> [/lib]
  collapse library dir [/usr/lib/x86_64-linux-gnu] ==> [/usr/lib/x86_64-linux-gnu]
  collapse library dir [/usr/lib/../lib] ==> [/usr/lib]
  collapse library dir [/usr/lib/gcc/x86_64-linux-gnu/4.8/../../..] ==> [/usr/lib]
  implicit libs: [stdc++;m;c]
  implicit dirs: [/usr/lib/gcc/x86_64-linux-gnu/4.8;/usr/lib/x86_64-linux-gnu;/usr/lib;/lib/x86_64-linux-gnu;/lib]
  implicit fwks: []


Determining if the function XOpenDisplay exists in the /usr/lib/x86_64-linux-gnu/libX11.so;/usr/lib/x86_64-linux-gnu/libXext.so passed with the following output:
Change Dir: /home/david/Desktop/tfg/tfg/build_ubuntu/CMakeFiles/CMakeTmp

Run Build Command:/usr/bin/make "cmTryCompileExec3738819933/fast"
/usr/bin/make -f CMakeFiles/cmTryCompileExec3738819933.dir/build.make CMakeFiles/cmTryCompileExec3738819933.dir/build
make[1]: Entering directory `/home/david/Desktop/tfg/tfg/build_ubuntu/CMakeFiles/CMakeTmp'
/usr/bin/cmake -E cmake_progress_report /home/david/Desktop/tfg/tfg/build_ubuntu/CMakeFiles/CMakeTmp/CMakeFiles 1
Building C object CMakeFiles/cmTryCompileExec3738819933.dir/CheckFunctionExists.c.o
/usr/bin/cc   -DCHECK_FUNCTION_EXISTS=XOpenDisplay   -o CMakeFiles/cmTryCompileExec3738819933.dir/CheckFunctionExists.c.o   -c /usr/share/cmake-2.8/Modules/CheckFunctionExists.c
Linking C executable cmTryCompileExec3738819933
/usr/bin/cmake -E cmake_link_script CMakeFiles/cmTryCompileExec3738819933.dir/link.txt --verbose=1
/usr/bin/cc   -DCHECK_FUNCTION_EXISTS=XOpenDisplay    CMakeFiles/cmTryCompileExec3738819933.dir/CheckFunctionExists.c.o  -o cmTryCompileExec3738819933 -rdynamic -lX11 -lXext 
make[1]: Leaving directory `/home/david/Desktop/tfg/tfg/build_ubuntu/CMakeFiles/CMakeTmp'


Determining if the function gethostbyname exists passed with the following output:
Change Dir: /home/david/Desktop/tfg/tfg/build_ubuntu/CMakeFiles/CMakeTmp

Run Build Command:/usr/bin/make "cmTryCompileExec2655352148/fast"
/usr/bin/make -f CMakeFiles/cmTryCompileExec2655352148.dir/build.make CMakeFiles/cmTryCompileExec2655352148.dir/build
make[1]: Entering directory `/home/david/Desktop/tfg/tfg/build_ubuntu/CMakeFiles/CMakeTmp'
/usr/bin/cmake -E cmake_progress_report /home/david/Desktop/tfg/tfg/build_ubuntu/CMakeFiles/CMakeTmp/CMakeFiles 1
Building C object CMakeFiles/cmTryCompileExec2655352148.dir/CheckFunctionExists.c.o
/usr/bin/cc   -DCHECK_FUNCTION_EXISTS=gethostbyname   -o CMakeFiles/cmTryCompileExec2655352148.dir/CheckFunctionExists.c.o   -c /usr/share/cmake-2.8/Modules/CheckFunctionExists.c
Linking C executable cmTryCompileExec2655352148
/usr/bin/cmake -E cmake_link_script CMakeFiles/cmTryCompileExec2655352148.dir/link.txt --verbose=1
/usr/bin/cc   -DCHECK_FUNCTION_EXISTS=gethostbyname    CMakeFiles/cmTryCompileExec2655352148.dir/CheckFunctionExists.c.o  -o cmTryCompileExec2655352148 -rdynamic 
make[1]: Leaving directory `/home/david/Desktop/tfg/tfg/build_ubuntu/CMakeFiles/CMakeTmp'


Determining if the function connect exists passed with the following output:
Change Dir: /home/david/Desktop/tfg/tfg/build_ubuntu/CMakeFiles/CMakeTmp

Run Build Command:/usr/bin/make "cmTryCompileExec2057796781/fast"
/usr/bin/make -f CMakeFiles/cmTryCompileExec2057796781.dir/build.make CMakeFiles/cmTryCompileExec2057796781.dir/build
make[1]: Entering directory `/home/david/Desktop/tfg/tfg/build_ubuntu/CMakeFiles/CMakeTmp'
/usr/bin/cmake -E cmake_progress_report /home/david/Desktop/tfg/tfg/build_ubuntu/CMakeFiles/CMakeTmp/CMakeFiles 1
Building C object CMakeFiles/cmTryCompileExec2057796781.dir/CheckFunctionExists.c.o
/usr/bin/cc   -DCHECK_FUNCTION_EXISTS=connect   -o CMakeFiles/cmTryCompileExec2057796781.dir/CheckFunctionExists.c.o   -c /usr/share/cmake-2.8/Modules/CheckFunctionExists.c
Linking C executable cmTryCompileExec2057796781
/usr/bin/cmake -E cmake_link_script CMakeFiles/cmTryCompileExec2057796781.dir/link.txt --verbose=1
/usr/bin/cc   -DCHECK_FUNCTION_EXISTS=connect    CMakeFiles/cmTryCompileExec2057796781.dir/CheckFunctionExists.c.o  -o cmTryCompileExec2057796781 -rdynamic 
make[1]: Leaving directory `/home/david/Desktop/tfg/tfg/build_ubuntu/CMakeFiles/CMakeTmp'


Determining if the function remove exists passed with the following output:
Change Dir: /home/david/Desktop/tfg/tfg/build_ubuntu/CMakeFiles/CMakeTmp

Run Build Command:/usr/bin/make "cmTryCompileExec2052819642/fast"
/usr/bin/make -f CMakeFiles/cmTryCompileExec2052819642.dir/build.make CMakeFiles/cmTryCompileExec2052819642.dir/build
make[1]: Entering directory `/home/david/Desktop/tfg/tfg/build_ubuntu/CMakeFiles/CMakeTmp'
/usr/bin/cmake -E cmake_progress_report /home/david/Desktop/tfg/tfg/build_ubuntu/CMakeFiles/CMakeTmp/CMakeFiles 1
Building C object CMakeFiles/cmTryCompileExec2052819642.dir/CheckFunctionExists.c.o
/usr/bin/cc   -DCHECK_FUNCTION_EXISTS=remove   -o CMakeFiles/cmTryCompileExec2052819642.dir/CheckFunctionExists.c.o   -c /usr/share/cmake-2.8/Modules/CheckFunctionExists.c
Linking C executable cmTryCompileExec2052819642
/usr/bin/cmake -E cmake_link_script CMakeFiles/cmTryCompileExec2052819642.dir/link.txt --verbose=1
/usr/bin/cc   -DCHECK_FUNCTION_EXISTS=remove    CMakeFiles/cmTryCompileExec2052819642.dir/CheckFunctionExists.c.o  -o cmTryCompileExec2052819642 -rdynamic 
make[1]: Leaving directory `/home/david/Desktop/tfg/tfg/build_ubuntu/CMakeFiles/CMakeTmp'


Determining if the function shmat exists passed with the following output:
Change Dir: /home/david/Desktop/tfg/tfg/build_ubuntu/CMakeFiles/CMakeTmp

Run Build Command:/usr/bin/make "cmTryCompileExec2994632508/fast"
/usr/bin/make -f CMakeFiles/cmTryCompileExec2994632508.dir/build.make CMakeFiles/cmTryCompileExec2994632508.dir/build
make[1]: Entering directory `/home/david/Desktop/tfg/tfg/build_ubuntu/CMakeFiles/CMakeTmp'
/usr/bin/cmake -E cmake_progress_report /home/david/Desktop/tfg/tfg/build_ubuntu/CMakeFiles/CMakeTmp/CMakeFiles 1
Building C object CMakeFiles/cmTryCompileExec2994632508.dir/CheckFunctionExists.c.o
/usr/bin/cc   -DCHECK_FUNCTION_EXISTS=shmat   -o CMakeFiles/cmTryCompileExec2994632508.dir/CheckFunctionExists.c.o   -c /usr/share/cmake-2.8/Modules/CheckFunctionExists.c
Linking C executable cmTryCompileExec2994632508
/usr/bin/cmake -E cmake_link_script CMakeFiles/cmTryCompileExec2994632508.dir/link.txt --verbose=1
/usr/bin/cc   -DCHECK_FUNCTION_EXISTS=shmat    CMakeFiles/cmTryCompileExec2994632508.dir/CheckFunctionExists.c.o  -o cmTryCompileExec2994632508 -rdynamic 
make[1]: Leaving directory `/home/david/Desktop/tfg/tfg/build_ubuntu/CMakeFiles/CMakeTmp'


Determining if the function IceConnectionNumber exists in the ICE passed with the following output:
Change Dir: /home/david/Desktop/tfg/tfg/build_ubuntu/CMakeFiles/CMakeTmp

Run Build Command:/usr/bin/make "cmTryCompileExec591306112/fast"
/usr/bin/make -f CMakeFiles/cmTryCompileExec591306112.dir/build.make CMakeFiles/cmTryCompileExec591306112.dir/build
make[1]: Entering directory `/home/david/Desktop/tfg/tfg/build_ubuntu/CMakeFiles/CMakeTmp'
/usr/bin/cmake -E cmake_progress_report /home/david/Desktop/tfg/tfg/build_ubuntu/CMakeFiles/CMakeTmp/CMakeFiles 1
Building C object CMakeFiles/cmTryCompileExec591306112.dir/CheckFunctionExists.c.o
/usr/bin/cc   -DCHECK_FUNCTION_EXISTS=IceConnectionNumber   -o CMakeFiles/cmTryCompileExec591306112.dir/CheckFunctionExists.c.o   -c /usr/share/cmake-2.8/Modules/CheckFunctionExists.c
Linking C executable cmTryCompileExec591306112
/usr/bin/cmake -E cmake_link_script CMakeFiles/cmTryCompileExec591306112.dir/link.txt --verbose=1
/usr/bin/cc   -DCHECK_FUNCTION_EXISTS=IceConnectionNumber    CMakeFiles/cmTryCompileExec591306112.dir/CheckFunctionExists.c.o  -o cmTryCompileExec591306112 -rdynamic -lICE 
make[1]: Leaving directory `/home/david/Desktop/tfg/tfg/build_ubuntu/CMakeFiles/CMakeTmp'


Determining if files pthread.h exist passed with the following output:
Change Dir: /home/david/Desktop/tfg/tfg/build_ubuntu/CMakeFiles/CMakeTmp

Run Build Command:/usr/bin/make "cmTryCompileExec2576472389/fast"
/usr/bin/make -f CMakeFiles/cmTryCompileExec2576472389.dir/build.make CMakeFiles/cmTryCompileExec2576472389.dir/build
make[1]: Entering directory `/home/david/Desktop/tfg/tfg/build_ubuntu/CMakeFiles/CMakeTmp'
/usr/bin/cmake -E cmake_progress_report /home/david/Desktop/tfg/tfg/build_ubuntu/CMakeFiles/CMakeTmp/CMakeFiles 1
Building C object CMakeFiles/cmTryCompileExec2576472389.dir/CheckIncludeFiles.c.o
/usr/bin/cc    -o CMakeFiles/cmTryCompileExec2576472389.dir/CheckIncludeFiles.c.o   -c /home/david/Desktop/tfg/tfg/build_ubuntu/CMakeFiles/CMakeTmp/CheckIncludeFiles.c
Linking C executable cmTryCompileExec2576472389
/usr/bin/cmake -E cmake_link_script CMakeFiles/cmTryCompileExec2576472389.dir/link.txt --verbose=1
/usr/bin/cc       CMakeFiles/cmTryCompileExec2576472389.dir/CheckIncludeFiles.c.o  -o cmTryCompileExec2576472389 -rdynamic 
make[1]: Leaving directory `/home/david/Desktop/tfg/tfg/build_ubuntu/CMakeFiles/CMakeTmp'


Determining if the function pthread_create exists in the pthread passed with the following output:
Change Dir: /home/david/Desktop/tfg/tfg/build_ubuntu/CMakeFiles/CMakeTmp

Run Build Command:/usr/bin/make "cmTryCompileExec394738931/fast"
/usr/bin/make -f CMakeFiles/cmTryCompileExec394738931.dir/build.make CMakeFiles/cmTryCompileExec394738931.dir/build
make[1]: Entering directory `/home/david/Desktop/tfg/tfg/build_ubuntu/CMakeFiles/CMakeTmp'
/usr/bin/cmake -E cmake_progress_report /home/david/Desktop/tfg/tfg/build_ubuntu/CMakeFiles/CMakeTmp/CMakeFiles 1
Building C object CMakeFiles/cmTryCompileExec394738931.dir/CheckFunctionExists.c.o
/usr/bin/cc   -DCHECK_FUNCTION_EXISTS=pthread_create   -o CMakeFiles/cmTryCompileExec394738931.dir/CheckFunctionExists.c.o   -c /usr/share/cmake-2.8/Modules/CheckFunctionExists.c
Linking C executable cmTryCompileExec394738931
/usr/bin/cmake -E cmake_link_script CMakeFiles/cmTryCompileExec394738931.dir/link.txt --verbose=1
/usr/bin/cc   -DCHECK_FUNCTION_EXISTS=pthread_create    CMakeFiles/cmTryCompileExec394738931.dir/CheckFunctionExists.c.o  -o cmTryCompileExec394738931 -rdynamic -lpthread 
make[1]: Leaving directory `/home/david/Desktop/tfg/tfg/build_ubuntu/CMakeFiles/CMakeTmp'


Determining if the function XOpenDisplay exists in the /usr/lib/x86_64-linux-gnu/libX11.so;/usr/lib/x86_64-linux-gnu/libXext.so passed with the following output:
Change Dir: /home/david/Desktop/tfg/tfg/build_ubuntu/CMakeFiles/CMakeTmp

Run Build Command:/usr/bin/make "cmTryCompileExec579870812/fast"
make[1]: Entering directory `/home/david/Desktop/tfg/tfg/build_ubuntu/CMakeFiles/CMakeTmp'
/usr/bin/make -f CMakeFiles/cmTryCompileExec579870812.dir/build.make CMakeFiles/cmTryCompileExec579870812.dir/build
make[2]: Entering directory `/home/david/Desktop/tfg/tfg/build_ubuntu/CMakeFiles/CMakeTmp'
/usr/bin/cmake -E cmake_progress_report /home/david/Desktop/tfg/tfg/build_ubuntu/CMakeFiles/CMakeTmp/CMakeFiles 1
Building C object CMakeFiles/cmTryCompileExec579870812.dir/CheckFunctionExists.c.o
/usr/bin/cc   -DCHECK_FUNCTION_EXISTS=XOpenDisplay   -o CMakeFiles/cmTryCompileExec579870812.dir/CheckFunctionExists.c.o   -c /usr/share/cmake-2.8/Modules/CheckFunctionExists.c
Linking C executable cmTryCompileExec579870812
/usr/bin/cmake -E cmake_link_script CMakeFiles/cmTryCompileExec579870812.dir/link.txt --verbose=1
/usr/bin/cc   -DCHECK_FUNCTION_EXISTS=XOpenDisplay    CMakeFiles/cmTryCompileExec579870812.dir/CheckFunctionExists.c.o  -o cmTryCompileExec579870812 -rdynamic -lX11 -lXext 
make[2]: Leaving directory `/home/david/Desktop/tfg/tfg/build_ubuntu/CMakeFiles/CMakeTmp'
make[1]: Leaving directory `/home/david/Desktop/tfg/tfg/build_ubuntu/CMakeFiles/CMakeTmp'


Determining if the function gethostbyname exists passed with the following output:
Change Dir: /home/david/Desktop/tfg/tfg/build_ubuntu/CMakeFiles/CMakeTmp

Run Build Command:/usr/bin/make "cmTryCompileExec1134448734/fast"
make[1]: Entering directory `/home/david/Desktop/tfg/tfg/build_ubuntu/CMakeFiles/CMakeTmp'
/usr/bin/make -f CMakeFiles/cmTryCompileExec1134448734.dir/build.make CMakeFiles/cmTryCompileExec1134448734.dir/build
make[2]: Entering directory `/home/david/Desktop/tfg/tfg/build_ubuntu/CMakeFiles/CMakeTmp'
/usr/bin/cmake -E cmake_progress_report /home/david/Desktop/tfg/tfg/build_ubuntu/CMakeFiles/CMakeTmp/CMakeFiles 1
Building C object CMakeFiles/cmTryCompileExec1134448734.dir/CheckFunctionExists.c.o
/usr/bin/cc   -DCHECK_FUNCTION_EXISTS=gethostbyname   -o CMakeFiles/cmTryCompileExec1134448734.dir/CheckFunctionExists.c.o   -c /usr/share/cmake-2.8/Modules/CheckFunctionExists.c
Linking C executable cmTryCompileExec1134448734
/usr/bin/cmake -E cmake_link_script CMakeFiles/cmTryCompileExec1134448734.dir/link.txt --verbose=1
/usr/bin/cc   -DCHECK_FUNCTION_EXISTS=gethostbyname    CMakeFiles/cmTryCompileExec1134448734.dir/CheckFunctionExists.c.o  -o cmTryCompileExec1134448734 -rdynamic 
make[2]: Leaving directory `/home/david/Desktop/tfg/tfg/build_ubuntu/CMakeFiles/CMakeTmp'
make[1]: Leaving directory `/home/david/Desktop/tfg/tfg/build_ubuntu/CMakeFiles/CMakeTmp'


Determining if the function connect exists passed with the following output:
Change Dir: /home/david/Desktop/tfg/tfg/build_ubuntu/CMakeFiles/CMakeTmp

Run Build Command:/usr/bin/make "cmTryCompileExec540449763/fast"
make[1]: Entering directory `/home/david/Desktop/tfg/tfg/build_ubuntu/CMakeFiles/CMakeTmp'
/usr/bin/make -f CMakeFiles/cmTryCompileExec540449763.dir/build.make CMakeFiles/cmTryCompileExec540449763.dir/build
make[2]: Entering directory `/home/david/Desktop/tfg/tfg/build_ubuntu/CMakeFiles/CMakeTmp'
/usr/bin/cmake -E cmake_progress_report /home/david/Desktop/tfg/tfg/build_ubuntu/CMakeFiles/CMakeTmp/CMakeFiles 1
Building C object CMakeFiles/cmTryCompileExec540449763.dir/CheckFunctionExists.c.o
/usr/bin/cc   -DCHECK_FUNCTION_EXISTS=connect   -o CMakeFiles/cmTryCompileExec540449763.dir/CheckFunctionExists.c.o   -c /usr/share/cmake-2.8/Modules/CheckFunctionExists.c
Linking C executable cmTryCompileExec540449763
/usr/bin/cmake -E cmake_link_script CMakeFiles/cmTryCompileExec540449763.dir/link.txt --verbose=1
/usr/bin/cc   -DCHECK_FUNCTION_EXISTS=connect    CMakeFiles/cmTryCompileExec540449763.dir/CheckFunctionExists.c.o  -o cmTryCompileExec540449763 -rdynamic 
make[2]: Leaving directory `/home/david/Desktop/tfg/tfg/build_ubuntu/CMakeFiles/CMakeTmp'
make[1]: Leaving directory `/home/david/Desktop/tfg/tfg/build_ubuntu/CMakeFiles/CMakeTmp'


Determining if the function remove exists passed with the following output:
Change Dir: /home/david/Desktop/tfg/tfg/build_ubuntu/CMakeFiles/CMakeTmp

Run Build Command:/usr/bin/make "cmTryCompileExec2377110051/fast"
make[1]: Entering directory `/home/david/Desktop/tfg/tfg/build_ubuntu/CMakeFiles/CMakeTmp'
/usr/bin/make -f CMakeFiles/cmTryCompileExec2377110051.dir/build.make CMakeFiles/cmTryCompileExec2377110051.dir/build
make[2]: Entering directory `/home/david/Desktop/tfg/tfg/build_ubuntu/CMakeFiles/CMakeTmp'
/usr/bin/cmake -E cmake_progress_report /home/david/Desktop/tfg/tfg/build_ubuntu/CMakeFiles/CMakeTmp/CMakeFiles 1
Building C object CMakeFiles/cmTryCompileExec2377110051.dir/CheckFunctionExists.c.o
/usr/bin/cc   -DCHECK_FUNCTION_EXISTS=remove   -o CMakeFiles/cmTryCompileExec2377110051.dir/CheckFunctionExists.c.o   -c /usr/share/cmake-2.8/Modules/CheckFunctionExists.c
Linking C executable cmTryCompileExec2377110051
/usr/bin/cmake -E cmake_link_script CMakeFiles/cmTryCompileExec2377110051.dir/link.txt --verbose=1
/usr/bin/cc   -DCHECK_FUNCTION_EXISTS=remove    CMakeFiles/cmTryCompileExec2377110051.dir/CheckFunctionExists.c.o  -o cmTryCompileExec2377110051 -rdynamic 
make[2]: Leaving directory `/home/david/Desktop/tfg/tfg/build_ubuntu/CMakeFiles/CMakeTmp'
make[1]: Leaving directory `/home/david/Desktop/tfg/tfg/build_ubuntu/CMakeFiles/CMakeTmp'


Determining if the function shmat exists passed with the following output:
Change Dir: /home/david/Desktop/tfg/tfg/build_ubuntu/CMakeFiles/CMakeTmp

Run Build Command:/usr/bin/make "cmTryCompileExec2323847175/fast"
make[1]: Entering directory `/home/david/Desktop/tfg/tfg/build_ubuntu/CMakeFiles/CMakeTmp'
/usr/bin/make -f CMakeFiles/cmTryCompileExec2323847175.dir/build.make CMakeFiles/cmTryCompileExec2323847175.dir/build
make[2]: Entering directory `/home/david/Desktop/tfg/tfg/build_ubuntu/CMakeFiles/CMakeTmp'
/usr/bin/cmake -E cmake_progress_report /home/david/Desktop/tfg/tfg/build_ubuntu/CMakeFiles/CMakeTmp/CMakeFiles 1
Building C object CMakeFiles/cmTryCompileExec2323847175.dir/CheckFunctionExists.c.o
/usr/bin/cc   -DCHECK_FUNCTION_EXISTS=shmat   -o CMakeFiles/cmTryCompileExec2323847175.dir/CheckFunctionExists.c.o   -c /usr/share/cmake-2.8/Modules/CheckFunctionExists.c
Linking C executable cmTryCompileExec2323847175
/usr/bin/cmake -E cmake_link_script CMakeFiles/cmTryCompileExec2323847175.dir/link.txt --verbose=1
/usr/bin/cc   -DCHECK_FUNCTION_EXISTS=shmat    CMakeFiles/cmTryCompileExec2323847175.dir/CheckFunctionExists.c.o  -o cmTryCompileExec2323847175 -rdynamic 
make[2]: Leaving directory `/home/david/Desktop/tfg/tfg/build_ubuntu/CMakeFiles/CMakeTmp'
make[1]: Leaving directory `/home/david/Desktop/tfg/tfg/build_ubuntu/CMakeFiles/CMakeTmp'


Determining if the function IceConnectionNumber exists in the ICE passed with the following output:
Change Dir: /home/david/Desktop/tfg/tfg/build_ubuntu/CMakeFiles/CMakeTmp

Run Build Command:/usr/bin/make "cmTryCompileExec2927884872/fast"
make[1]: Entering directory `/home/david/Desktop/tfg/tfg/build_ubuntu/CMakeFiles/CMakeTmp'
/usr/bin/make -f CMakeFiles/cmTryCompileExec2927884872.dir/build.make CMakeFiles/cmTryCompileExec2927884872.dir/build
make[2]: Entering directory `/home/david/Desktop/tfg/tfg/build_ubuntu/CMakeFiles/CMakeTmp'
/usr/bin/cmake -E cmake_progress_report /home/david/Desktop/tfg/tfg/build_ubuntu/CMakeFiles/CMakeTmp/CMakeFiles 1
Building C object CMakeFiles/cmTryCompileExec2927884872.dir/CheckFunctionExists.c.o
/usr/bin/cc   -DCHECK_FUNCTION_EXISTS=IceConnectionNumber   -o CMakeFiles/cmTryCompileExec2927884872.dir/CheckFunctionExists.c.o   -c /usr/share/cmake-2.8/Modules/CheckFunctionExists.c
Linking C executable cmTryCompileExec2927884872
/usr/bin/cmake -E cmake_link_script CMakeFiles/cmTryCompileExec2927884872.dir/link.txt --verbose=1
/usr/bin/cc   -DCHECK_FUNCTION_EXISTS=IceConnectionNumber    CMakeFiles/cmTryCompileExec2927884872.dir/CheckFunctionExists.c.o  -o cmTryCompileExec2927884872 -rdynamic -lICE 
make[2]: Leaving directory `/home/david/Desktop/tfg/tfg/build_ubuntu/CMakeFiles/CMakeTmp'
make[1]: Leaving directory `/home/david/Desktop/tfg/tfg/build_ubuntu/CMakeFiles/CMakeTmp'


Determining if files pthread.h exist passed with the following output:
Change Dir: /home/david/Desktop/tfg/tfg/build_ubuntu/CMakeFiles/CMakeTmp

Run Build Command:/usr/bin/make "cmTryCompileExec853872336/fast"
make[1]: Entering directory `/home/david/Desktop/tfg/tfg/build_ubuntu/CMakeFiles/CMakeTmp'
/usr/bin/make -f CMakeFiles/cmTryCompileExec853872336.dir/build.make CMakeFiles/cmTryCompileExec853872336.dir/build
make[2]: Entering directory `/home/david/Desktop/tfg/tfg/build_ubuntu/CMakeFiles/CMakeTmp'
/usr/bin/cmake -E cmake_progress_report /home/david/Desktop/tfg/tfg/build_ubuntu/CMakeFiles/CMakeTmp/CMakeFiles 1
Building C object CMakeFiles/cmTryCompileExec853872336.dir/CheckIncludeFiles.c.o
/usr/bin/cc    -o CMakeFiles/cmTryCompileExec853872336.dir/CheckIncludeFiles.c.o   -c /home/david/Desktop/tfg/tfg/build_ubuntu/CMakeFiles/CMakeTmp/CheckIncludeFiles.c
Linking C executable cmTryCompileExec853872336
/usr/bin/cmake -E cmake_link_script CMakeFiles/cmTryCompileExec853872336.dir/link.txt --verbose=1
/usr/bin/cc       CMakeFiles/cmTryCompileExec853872336.dir/CheckIncludeFiles.c.o  -o cmTryCompileExec853872336 -rdynamic 
make[2]: Leaving directory `/home/david/Desktop/tfg/tfg/build_ubuntu/CMakeFiles/CMakeTmp'
make[1]: Leaving directory `/home/david/Desktop/tfg/tfg/build_ubuntu/CMakeFiles/CMakeTmp'


Determining if the function pthread_create exists in the pthread passed with the following output:
Change Dir: /home/david/Desktop/tfg/tfg/build_ubuntu/CMakeFiles/CMakeTmp

Run Build Command:/usr/bin/make "cmTryCompileExec3737822070/fast"
make[1]: Entering directory `/home/david/Desktop/tfg/tfg/build_ubuntu/CMakeFiles/CMakeTmp'
/usr/bin/make -f CMakeFiles/cmTryCompileExec3737822070.dir/build.make CMakeFiles/cmTryCompileExec3737822070.dir/build
make[2]: Entering directory `/home/david/Desktop/tfg/tfg/build_ubuntu/CMakeFiles/CMakeTmp'
/usr/bin/cmake -E cmake_progress_report /home/david/Desktop/tfg/tfg/build_ubuntu/CMakeFiles/CMakeTmp/CMakeFiles 1
Building C object CMakeFiles/cmTryCompileExec3737822070.dir/CheckFunctionExists.c.o
/usr/bin/cc   -DCHECK_FUNCTION_EXISTS=pthread_create   -o CMakeFiles/cmTryCompileExec3737822070.dir/CheckFunctionExists.c.o   -c /usr/share/cmake-2.8/Modules/CheckFunctionExists.c
Linking C executable cmTryCompileExec3737822070
/usr/bin/cmake -E cmake_link_script CMakeFiles/cmTryCompileExec3737822070.dir/link.txt --verbose=1
/usr/bin/cc   -DCHECK_FUNCTION_EXISTS=pthread_create    CMakeFiles/cmTryCompileExec3737822070.dir/CheckFunctionExists.c.o  -o cmTryCompileExec3737822070 -rdynamic -lpthread 
make[2]: Leaving directory `/home/david/Desktop/tfg/tfg/build_ubuntu/CMakeFiles/CMakeTmp'
make[1]: Leaving directory `/home/david/Desktop/tfg/tfg/build_ubuntu/CMakeFiles/CMakeTmp'


Determining if the function XOpenDisplay exists in the /usr/lib/x86_64-linux-gnu/libX11.so;/usr/lib/x86_64-linux-gnu/libXext.so passed with the following output:
Change Dir: /home/david/Desktop/tfg/tfg/build_ubuntu/CMakeFiles/CMakeTmp

Run Build Command:/usr/bin/make "cmTryCompileExec464863018/fast"
make[1]: Entering directory `/home/david/Desktop/tfg/tfg/build_ubuntu/CMakeFiles/CMakeTmp'
/usr/bin/make -f CMakeFiles/cmTryCompileExec464863018.dir/build.make CMakeFiles/cmTryCompileExec464863018.dir/build
make[2]: Entering directory `/home/david/Desktop/tfg/tfg/build_ubuntu/CMakeFiles/CMakeTmp'
/usr/bin/cmake -E cmake_progress_report /home/david/Desktop/tfg/tfg/build_ubuntu/CMakeFiles/CMakeTmp/CMakeFiles 1
Building C object CMakeFiles/cmTryCompileExec464863018.dir/CheckFunctionExists.c.o
/usr/bin/cc   -DCHECK_FUNCTION_EXISTS=XOpenDisplay   -o CMakeFiles/cmTryCompileExec464863018.dir/CheckFunctionExists.c.o   -c /usr/share/cmake-2.8/Modules/CheckFunctionExists.c
Linking C executable cmTryCompileExec464863018
/usr/bin/cmake -E cmake_link_script CMakeFiles/cmTryCompileExec464863018.dir/link.txt --verbose=1
/usr/bin/cc   -DCHECK_FUNCTION_EXISTS=XOpenDisplay    CMakeFiles/cmTryCompileExec464863018.dir/CheckFunctionExists.c.o  -o cmTryCompileExec464863018 -rdynamic -lX11 -lXext 
make[2]: Leaving directory `/home/david/Desktop/tfg/tfg/build_ubuntu/CMakeFiles/CMakeTmp'
make[1]: Leaving directory `/home/david/Desktop/tfg/tfg/build_ubuntu/CMakeFiles/CMakeTmp'


Determining if the function gethostbyname exists passed with the following output:
Change Dir: /home/david/Desktop/tfg/tfg/build_ubuntu/CMakeFiles/CMakeTmp

Run Build Command:/usr/bin/make "cmTryCompileExec926383926/fast"
make[1]: Entering directory `/home/david/Desktop/tfg/tfg/build_ubuntu/CMakeFiles/CMakeTmp'
/usr/bin/make -f CMakeFiles/cmTryCompileExec926383926.dir/build.make CMakeFiles/cmTryCompileExec926383926.dir/build
make[2]: Entering directory `/home/david/Desktop/tfg/tfg/build_ubuntu/CMakeFiles/CMakeTmp'
/usr/bin/cmake -E cmake_progress_report /home/david/Desktop/tfg/tfg/build_ubuntu/CMakeFiles/CMakeTmp/CMakeFiles 1
Building C object CMakeFiles/cmTryCompileExec926383926.dir/CheckFunctionExists.c.o
/usr/bin/cc   -DCHECK_FUNCTION_EXISTS=gethostbyname   -o CMakeFiles/cmTryCompileExec926383926.dir/CheckFunctionExists.c.o   -c /usr/share/cmake-2.8/Modules/CheckFunctionExists.c
Linking C executable cmTryCompileExec926383926
/usr/bin/cmake -E cmake_link_script CMakeFiles/cmTryCompileExec926383926.dir/link.txt --verbose=1
/usr/bin/cc   -DCHECK_FUNCTION_EXISTS=gethostbyname    CMakeFiles/cmTryCompileExec926383926.dir/CheckFunctionExists.c.o  -o cmTryCompileExec926383926 -rdynamic 
make[2]: Leaving directory `/home/david/Desktop/tfg/tfg/build_ubuntu/CMakeFiles/CMakeTmp'
make[1]: Leaving directory `/home/david/Desktop/tfg/tfg/build_ubuntu/CMakeFiles/CMakeTmp'


Determining if the function connect exists passed with the following output:
Change Dir: /home/david/Desktop/tfg/tfg/build_ubuntu/CMakeFiles/CMakeTmp

Run Build Command:/usr/bin/make "cmTryCompileExec3061647533/fast"
make[1]: Entering directory `/home/david/Desktop/tfg/tfg/build_ubuntu/CMakeFiles/CMakeTmp'
/usr/bin/make -f CMakeFiles/cmTryCompileExec3061647533.dir/build.make CMakeFiles/cmTryCompileExec3061647533.dir/build
make[2]: Entering directory `/home/david/Desktop/tfg/tfg/build_ubuntu/CMakeFiles/CMakeTmp'
/usr/bin/cmake -E cmake_progress_report /home/david/Desktop/tfg/tfg/build_ubuntu/CMakeFiles/CMakeTmp/CMakeFiles 1
Building C object CMakeFiles/cmTryCompileExec3061647533.dir/CheckFunctionExists.c.o
/usr/bin/cc   -DCHECK_FUNCTION_EXISTS=connect   -o CMakeFiles/cmTryCompileExec3061647533.dir/CheckFunctionExists.c.o   -c /usr/share/cmake-2.8/Modules/CheckFunctionExists.c
Linking C executable cmTryCompileExec3061647533
/usr/bin/cmake -E cmake_link_script CMakeFiles/cmTryCompileExec3061647533.dir/link.txt --verbose=1
/usr/bin/cc   -DCHECK_FUNCTION_EXISTS=connect    CMakeFiles/cmTryCompileExec3061647533.dir/CheckFunctionExists.c.o  -o cmTryCompileExec3061647533 -rdynamic 
make[2]: Leaving directory `/home/david/Desktop/tfg/tfg/build_ubuntu/CMakeFiles/CMakeTmp'
make[1]: Leaving directory `/home/david/Desktop/tfg/tfg/build_ubuntu/CMakeFiles/CMakeTmp'


Determining if the function remove exists passed with the following output:
Change Dir: /home/david/Desktop/tfg/tfg/build_ubuntu/CMakeFiles/CMakeTmp

Run Build Command:/usr/bin/make "cmTryCompileExec959796195/fast"
make[1]: Entering directory `/home/david/Desktop/tfg/tfg/build_ubuntu/CMakeFiles/CMakeTmp'
/usr/bin/make -f CMakeFiles/cmTryCompileExec959796195.dir/build.make CMakeFiles/cmTryCompileExec959796195.dir/build
make[2]: Entering directory `/home/david/Desktop/tfg/tfg/build_ubuntu/CMakeFiles/CMakeTmp'
/usr/bin/cmake -E cmake_progress_report /home/david/Desktop/tfg/tfg/build_ubuntu/CMakeFiles/CMakeTmp/CMakeFiles 1
Building C object CMakeFiles/cmTryCompileExec959796195.dir/CheckFunctionExists.c.o
/usr/bin/cc   -DCHECK_FUNCTION_EXISTS=remove   -o CMakeFiles/cmTryCompileExec959796195.dir/CheckFunctionExists.c.o   -c /usr/share/cmake-2.8/Modules/CheckFunctionExists.c
Linking C executable cmTryCompileExec959796195
/usr/bin/cmake -E cmake_link_script CMakeFiles/cmTryCompileExec959796195.dir/link.txt --verbose=1
/usr/bin/cc   -DCHECK_FUNCTION_EXISTS=remove    CMakeFiles/cmTryCompileExec959796195.dir/CheckFunctionExists.c.o  -o cmTryCompileExec959796195 -rdynamic 
make[2]: Leaving directory `/home/david/Desktop/tfg/tfg/build_ubuntu/CMakeFiles/CMakeTmp'
make[1]: Leaving directory `/home/david/Desktop/tfg/tfg/build_ubuntu/CMakeFiles/CMakeTmp'


Determining if the function shmat exists passed with the following output:
Change Dir: /home/david/Desktop/tfg/tfg/build_ubuntu/CMakeFiles/CMakeTmp

Run Build Command:/usr/bin/make "cmTryCompileExec2223001194/fast"
make[1]: Entering directory `/home/david/Desktop/tfg/tfg/build_ubuntu/CMakeFiles/CMakeTmp'
/usr/bin/make -f CMakeFiles/cmTryCompileExec2223001194.dir/build.make CMakeFiles/cmTryCompileExec2223001194.dir/build
make[2]: Entering directory `/home/david/Desktop/tfg/tfg/build_ubuntu/CMakeFiles/CMakeTmp'
/usr/bin/cmake -E cmake_progress_report /home/david/Desktop/tfg/tfg/build_ubuntu/CMakeFiles/CMakeTmp/CMakeFiles 1
Building C object CMakeFiles/cmTryCompileExec2223001194.dir/CheckFunctionExists.c.o
/usr/bin/cc   -DCHECK_FUNCTION_EXISTS=shmat   -o CMakeFiles/cmTryCompileExec2223001194.dir/CheckFunctionExists.c.o   -c /usr/share/cmake-2.8/Modules/CheckFunctionExists.c
Linking C executable cmTryCompileExec2223001194
/usr/bin/cmake -E cmake_link_script CMakeFiles/cmTryCompileExec2223001194.dir/link.txt --verbose=1
/usr/bin/cc   -DCHECK_FUNCTION_EXISTS=shmat    CMakeFiles/cmTryCompileExec2223001194.dir/CheckFunctionExists.c.o  -o cmTryCompileExec2223001194 -rdynamic 
make[2]: Leaving directory `/home/david/Desktop/tfg/tfg/build_ubuntu/CMakeFiles/CMakeTmp'
make[1]: Leaving directory `/home/david/Desktop/tfg/tfg/build_ubuntu/CMakeFiles/CMakeTmp'


Determining if the function IceConnectionNumber exists in the ICE passed with the following output:
Change Dir: /home/david/Desktop/tfg/tfg/build_ubuntu/CMakeFiles/CMakeTmp

Run Build Command:/usr/bin/make "cmTryCompileExec1072173963/fast"
make[1]: Entering directory `/home/david/Desktop/tfg/tfg/build_ubuntu/CMakeFiles/CMakeTmp'
/usr/bin/make -f CMakeFiles/cmTryCompileExec1072173963.dir/build.make CMakeFiles/cmTryCompileExec1072173963.dir/build
make[2]: Entering directory `/home/david/Desktop/tfg/tfg/build_ubuntu/CMakeFiles/CMakeTmp'
/usr/bin/cmake -E cmake_progress_report /home/david/Desktop/tfg/tfg/build_ubuntu/CMakeFiles/CMakeTmp/CMakeFiles 1
Building C object CMakeFiles/cmTryCompileExec1072173963.dir/CheckFunctionExists.c.o
/usr/bin/cc   -DCHECK_FUNCTION_EXISTS=IceConnectionNumber   -o CMakeFiles/cmTryCompileExec1072173963.dir/CheckFunctionExists.c.o   -c /usr/share/cmake-2.8/Modules/CheckFunctionExists.c
Linking C executable cmTryCompileExec1072173963
/usr/bin/cmake -E cmake_link_script CMakeFiles/cmTryCompileExec1072173963.dir/link.txt --verbose=1
/usr/bin/cc   -DCHECK_FUNCTION_EXISTS=IceConnectionNumber    CMakeFiles/cmTryCompileExec1072173963.dir/CheckFunctionExists.c.o  -o cmTryCompileExec1072173963 -rdynamic -lICE 
make[2]: Leaving directory `/home/david/Desktop/tfg/tfg/build_ubuntu/CMakeFiles/CMakeTmp'
make[1]: Leaving directory `/home/david/Desktop/tfg/tfg/build_ubuntu/CMakeFiles/CMakeTmp'


Determining if files pthread.h exist passed with the following output:
Change Dir: /home/david/Desktop/tfg/tfg/build_ubuntu/CMakeFiles/CMakeTmp

Run Build Command:/usr/bin/make "cmTryCompileExec2616685387/fast"
make[1]: Entering directory `/home/david/Desktop/tfg/tfg/build_ubuntu/CMakeFiles/CMakeTmp'
/usr/bin/make -f CMakeFiles/cmTryCompileExec2616685387.dir/build.make CMakeFiles/cmTryCompileExec2616685387.dir/build
make[2]: Entering directory `/home/david/Desktop/tfg/tfg/build_ubuntu/CMakeFiles/CMakeTmp'
/usr/bin/cmake -E cmake_progress_report /home/david/Desktop/tfg/tfg/build_ubuntu/CMakeFiles/CMakeTmp/CMakeFiles 1
Building C object CMakeFiles/cmTryCompileExec2616685387.dir/CheckIncludeFiles.c.o
/usr/bin/cc    -o CMakeFiles/cmTryCompileExec2616685387.dir/CheckIncludeFiles.c.o   -c /home/david/Desktop/tfg/tfg/build_ubuntu/CMakeFiles/CMakeTmp/CheckIncludeFiles.c
Linking C executable cmTryCompileExec2616685387
/usr/bin/cmake -E cmake_link_script CMakeFiles/cmTryCompileExec2616685387.dir/link.txt --verbose=1
/usr/bin/cc       CMakeFiles/cmTryCompileExec2616685387.dir/CheckIncludeFiles.c.o  -o cmTryCompileExec2616685387 -rdynamic 
make[2]: Leaving directory `/home/david/Desktop/tfg/tfg/build_ubuntu/CMakeFiles/CMakeTmp'
make[1]: Leaving directory `/home/david/Desktop/tfg/tfg/build_ubuntu/CMakeFiles/CMakeTmp'


Determining if the function pthread_create exists in the pthread passed with the following output:
Change Dir: /home/david/Desktop/tfg/tfg/build_ubuntu/CMakeFiles/CMakeTmp

Run Build Command:/usr/bin/make "cmTryCompileExec3419792863/fast"
make[1]: Entering directory `/home/david/Desktop/tfg/tfg/build_ubuntu/CMakeFiles/CMakeTmp'
/usr/bin/make -f CMakeFiles/cmTryCompileExec3419792863.dir/build.make CMakeFiles/cmTryCompileExec3419792863.dir/build
make[2]: Entering directory `/home/david/Desktop/tfg/tfg/build_ubuntu/CMakeFiles/CMakeTmp'
/usr/bin/cmake -E cmake_progress_report /home/david/Desktop/tfg/tfg/build_ubuntu/CMakeFiles/CMakeTmp/CMakeFiles 1
Building C object CMakeFiles/cmTryCompileExec3419792863.dir/CheckFunctionExists.c.o
/usr/bin/cc   -DCHECK_FUNCTION_EXISTS=pthread_create   -o CMakeFiles/cmTryCompileExec3419792863.dir/CheckFunctionExists.c.o   -c /usr/share/cmake-2.8/Modules/CheckFunctionExists.c
Linking C executable cmTryCompileExec3419792863
/usr/bin/cmake -E cmake_link_script CMakeFiles/cmTryCompileExec3419792863.dir/link.txt --verbose=1
/usr/bin/cc   -DCHECK_FUNCTION_EXISTS=pthread_create    CMakeFiles/cmTryCompileExec3419792863.dir/CheckFunctionExists.c.o  -o cmTryCompileExec3419792863 -rdynamic -lpthread 
make[2]: Leaving directory `/home/david/Desktop/tfg/tfg/build_ubuntu/CMakeFiles/CMakeTmp'
make[1]: Leaving directory `/home/david/Desktop/tfg/tfg/build_ubuntu/CMakeFiles/CMakeTmp'


Determining if the function XOpenDisplay exists in the /usr/lib/x86_64-linux-gnu/libX11.so;/usr/lib/x86_64-linux-gnu/libXext.so passed with the following output:
Change Dir: /home/david/Desktop/tfg/tfg/build_ubuntu/CMakeFiles/CMakeTmp

Run Build Command:/usr/bin/make "cmTryCompileExec2180826026/fast"
make[1]: Entering directory `/home/david/Desktop/tfg/tfg/build_ubuntu/CMakeFiles/CMakeTmp'
/usr/bin/make -f CMakeFiles/cmTryCompileExec2180826026.dir/build.make CMakeFiles/cmTryCompileExec2180826026.dir/build
make[2]: Entering directory `/home/david/Desktop/tfg/tfg/build_ubuntu/CMakeFiles/CMakeTmp'
/usr/bin/cmake -E cmake_progress_report /home/david/Desktop/tfg/tfg/build_ubuntu/CMakeFiles/CMakeTmp/CMakeFiles 1
Building C object CMakeFiles/cmTryCompileExec2180826026.dir/CheckFunctionExists.c.o
/usr/bin/cc   -DCHECK_FUNCTION_EXISTS=XOpenDisplay   -o CMakeFiles/cmTryCompileExec2180826026.dir/CheckFunctionExists.c.o   -c /usr/share/cmake-2.8/Modules/CheckFunctionExists.c
Linking C executable cmTryCompileExec2180826026
/usr/bin/cmake -E cmake_link_script CMakeFiles/cmTryCompileExec2180826026.dir/link.txt --verbose=1
/usr/bin/cc   -DCHECK_FUNCTION_EXISTS=XOpenDisplay    CMakeFiles/cmTryCompileExec2180826026.dir/CheckFunctionExists.c.o  -o cmTryCompileExec2180826026 -rdynamic -lX11 -lXext 
make[2]: Leaving directory `/home/david/Desktop/tfg/tfg/build_ubuntu/CMakeFiles/CMakeTmp'
make[1]: Leaving directory `/home/david/Desktop/tfg/tfg/build_ubuntu/CMakeFiles/CMakeTmp'


Determining if the function gethostbyname exists passed with the following output:
Change Dir: /home/david/Desktop/tfg/tfg/build_ubuntu/CMakeFiles/CMakeTmp

Run Build Command:/usr/bin/make "cmTryCompileExec369187483/fast"
make[1]: Entering directory `/home/david/Desktop/tfg/tfg/build_ubuntu/CMakeFiles/CMakeTmp'
/usr/bin/make -f CMakeFiles/cmTryCompileExec369187483.dir/build.make CMakeFiles/cmTryCompileExec369187483.dir/build
make[2]: Entering directory `/home/david/Desktop/tfg/tfg/build_ubuntu/CMakeFiles/CMakeTmp'
/usr/bin/cmake -E cmake_progress_report /home/david/Desktop/tfg/tfg/build_ubuntu/CMakeFiles/CMakeTmp/CMakeFiles 1
Building C object CMakeFiles/cmTryCompileExec369187483.dir/CheckFunctionExists.c.o
/usr/bin/cc   -DCHECK_FUNCTION_EXISTS=gethostbyname   -o CMakeFiles/cmTryCompileExec369187483.dir/CheckFunctionExists.c.o   -c /usr/share/cmake-2.8/Modules/CheckFunctionExists.c
Linking C executable cmTryCompileExec369187483
/usr/bin/cmake -E cmake_link_script CMakeFiles/cmTryCompileExec369187483.dir/link.txt --verbose=1
/usr/bin/cc   -DCHECK_FUNCTION_EXISTS=gethostbyname    CMakeFiles/cmTryCompileExec369187483.dir/CheckFunctionExists.c.o  -o cmTryCompileExec369187483 -rdynamic 
make[2]: Leaving directory `/home/david/Desktop/tfg/tfg/build_ubuntu/CMakeFiles/CMakeTmp'
make[1]: Leaving directory `/home/david/Desktop/tfg/tfg/build_ubuntu/CMakeFiles/CMakeTmp'


Determining if the function connect exists passed with the following output:
Change Dir: /home/david/Desktop/tfg/tfg/build_ubuntu/CMakeFiles/CMakeTmp

Run Build Command:/usr/bin/make "cmTryCompileExec1891016476/fast"
make[1]: Entering directory `/home/david/Desktop/tfg/tfg/build_ubuntu/CMakeFiles/CMakeTmp'
/usr/bin/make -f CMakeFiles/cmTryCompileExec1891016476.dir/build.make CMakeFiles/cmTryCompileExec1891016476.dir/build
make[2]: Entering directory `/home/david/Desktop/tfg/tfg/build_ubuntu/CMakeFiles/CMakeTmp'
/usr/bin/cmake -E cmake_progress_report /home/david/Desktop/tfg/tfg/build_ubuntu/CMakeFiles/CMakeTmp/CMakeFiles 1
Building C object CMakeFiles/cmTryCompileExec1891016476.dir/CheckFunctionExists.c.o
/usr/bin/cc   -DCHECK_FUNCTION_EXISTS=connect   -o CMakeFiles/cmTryCompileExec1891016476.dir/CheckFunctionExists.c.o   -c /usr/share/cmake-2.8/Modules/CheckFunctionExists.c
Linking C executable cmTryCompileExec1891016476
/usr/bin/cmake -E cmake_link_script CMakeFiles/cmTryCompileExec1891016476.dir/link.txt --verbose=1
/usr/bin/cc   -DCHECK_FUNCTION_EXISTS=connect    CMakeFiles/cmTryCompileExec1891016476.dir/CheckFunctionExists.c.o  -o cmTryCompileExec1891016476 -rdynamic 
make[2]: Leaving directory `/home/david/Desktop/tfg/tfg/build_ubuntu/CMakeFiles/CMakeTmp'
make[1]: Leaving directory `/home/david/Desktop/tfg/tfg/build_ubuntu/CMakeFiles/CMakeTmp'


Determining if the function remove exists passed with the following output:
Change Dir: /home/david/Desktop/tfg/tfg/build_ubuntu/CMakeFiles/CMakeTmp

Run Build Command:/usr/bin/make "cmTryCompileExec2151181479/fast"
make[1]: Entering directory `/home/david/Desktop/tfg/tfg/build_ubuntu/CMakeFiles/CMakeTmp'
/usr/bin/make -f CMakeFiles/cmTryCompileExec2151181479.dir/build.make CMakeFiles/cmTryCompileExec2151181479.dir/build
make[2]: Entering directory `/home/david/Desktop/tfg/tfg/build_ubuntu/CMakeFiles/CMakeTmp'
/usr/bin/cmake -E cmake_progress_report /home/david/Desktop/tfg/tfg/build_ubuntu/CMakeFiles/CMakeTmp/CMakeFiles 1
Building C object CMakeFiles/cmTryCompileExec2151181479.dir/CheckFunctionExists.c.o
/usr/bin/cc   -DCHECK_FUNCTION_EXISTS=remove   -o CMakeFiles/cmTryCompileExec2151181479.dir/CheckFunctionExists.c.o   -c /usr/share/cmake-2.8/Modules/CheckFunctionExists.c
Linking C executable cmTryCompileExec2151181479
/usr/bin/cmake -E cmake_link_script CMakeFiles/cmTryCompileExec2151181479.dir/link.txt --verbose=1
/usr/bin/cc   -DCHECK_FUNCTION_EXISTS=remove    CMakeFiles/cmTryCompileExec2151181479.dir/CheckFunctionExists.c.o  -o cmTryCompileExec2151181479 -rdynamic 
make[2]: Leaving directory `/home/david/Desktop/tfg/tfg/build_ubuntu/CMakeFiles/CMakeTmp'
make[1]: Leaving directory `/home/david/Desktop/tfg/tfg/build_ubuntu/CMakeFiles/CMakeTmp'


Determining if the function shmat exists passed with the following output:
Change Dir: /home/david/Desktop/tfg/tfg/build_ubuntu/CMakeFiles/CMakeTmp

Run Build Command:/usr/bin/make "cmTryCompileExec80269072/fast"
make[1]: Entering directory `/home/david/Desktop/tfg/tfg/build_ubuntu/CMakeFiles/CMakeTmp'
/usr/bin/make -f CMakeFiles/cmTryCompileExec80269072.dir/build.make CMakeFiles/cmTryCompileExec80269072.dir/build
make[2]: Entering directory `/home/david/Desktop/tfg/tfg/build_ubuntu/CMakeFiles/CMakeTmp'
/usr/bin/cmake -E cmake_progress_report /home/david/Desktop/tfg/tfg/build_ubuntu/CMakeFiles/CMakeTmp/CMakeFiles 1
Building C object CMakeFiles/cmTryCompileExec80269072.dir/CheckFunctionExists.c.o
/usr/bin/cc   -DCHECK_FUNCTION_EXISTS=shmat   -o CMakeFiles/cmTryCompileExec80269072.dir/CheckFunctionExists.c.o   -c /usr/share/cmake-2.8/Modules/CheckFunctionExists.c
Linking C executable cmTryCompileExec80269072
/usr/bin/cmake -E cmake_link_script CMakeFiles/cmTryCompileExec80269072.dir/link.txt --verbose=1
/usr/bin/cc   -DCHECK_FUNCTION_EXISTS=shmat    CMakeFiles/cmTryCompileExec80269072.dir/CheckFunctionExists.c.o  -o cmTryCompileExec80269072 -rdynamic 
make[2]: Leaving directory `/home/david/Desktop/tfg/tfg/build_ubuntu/CMakeFiles/CMakeTmp'
make[1]: Leaving directory `/home/david/Desktop/tfg/tfg/build_ubuntu/CMakeFiles/CMakeTmp'


Determining if the function IceConnectionNumber exists in the ICE passed with the following output:
Change Dir: /home/david/Desktop/tfg/tfg/build_ubuntu/CMakeFiles/CMakeTmp

Run Build Command:/usr/bin/make "cmTryCompileExec1216511222/fast"
make[1]: Entering directory `/home/david/Desktop/tfg/tfg/build_ubuntu/CMakeFiles/CMakeTmp'
/usr/bin/make -f CMakeFiles/cmTryCompileExec1216511222.dir/build.make CMakeFiles/cmTryCompileExec1216511222.dir/build
make[2]: Entering directory `/home/david/Desktop/tfg/tfg/build_ubuntu/CMakeFiles/CMakeTmp'
/usr/bin/cmake -E cmake_progress_report /home/david/Desktop/tfg/tfg/build_ubuntu/CMakeFiles/CMakeTmp/CMakeFiles 1
Building C object CMakeFiles/cmTryCompileExec1216511222.dir/CheckFunctionExists.c.o
/usr/bin/cc   -DCHECK_FUNCTION_EXISTS=IceConnectionNumber   -o CMakeFiles/cmTryCompileExec1216511222.dir/CheckFunctionExists.c.o   -c /usr/share/cmake-2.8/Modules/CheckFunctionExists.c
Linking C executable cmTryCompileExec1216511222
/usr/bin/cmake -E cmake_link_script CMakeFiles/cmTryCompileExec1216511222.dir/link.txt --verbose=1
/usr/bin/cc   -DCHECK_FUNCTION_EXISTS=IceConnectionNumber    CMakeFiles/cmTryCompileExec1216511222.dir/CheckFunctionExists.c.o  -o cmTryCompileExec1216511222 -rdynamic -lICE 
make[2]: Leaving directory `/home/david/Desktop/tfg/tfg/build_ubuntu/CMakeFiles/CMakeTmp'
make[1]: Leaving directory `/home/david/Desktop/tfg/tfg/build_ubuntu/CMakeFiles/CMakeTmp'


Determining if files pthread.h exist passed with the following output:
Change Dir: /home/david/Desktop/tfg/tfg/build_ubuntu/CMakeFiles/CMakeTmp

Run Build Command:/usr/bin/make "cmTryCompileExec3261757849/fast"
make[1]: Entering directory `/home/david/Desktop/tfg/tfg/build_ubuntu/CMakeFiles/CMakeTmp'
/usr/bin/make -f CMakeFiles/cmTryCompileExec3261757849.dir/build.make CMakeFiles/cmTryCompileExec3261757849.dir/build
make[2]: Entering directory `/home/david/Desktop/tfg/tfg/build_ubuntu/CMakeFiles/CMakeTmp'
/usr/bin/cmake -E cmake_progress_report /home/david/Desktop/tfg/tfg/build_ubuntu/CMakeFiles/CMakeTmp/CMakeFiles 1
Building C object CMakeFiles/cmTryCompileExec3261757849.dir/CheckIncludeFiles.c.o
/usr/bin/cc    -o CMakeFiles/cmTryCompileExec3261757849.dir/CheckIncludeFiles.c.o   -c /home/david/Desktop/tfg/tfg/build_ubuntu/CMakeFiles/CMakeTmp/CheckIncludeFiles.c
Linking C executable cmTryCompileExec3261757849
/usr/bin/cmake -E cmake_link_script CMakeFiles/cmTryCompileExec3261757849.dir/link.txt --verbose=1
/usr/bin/cc       CMakeFiles/cmTryCompileExec3261757849.dir/CheckIncludeFiles.c.o  -o cmTryCompileExec3261757849 -rdynamic 
make[2]: Leaving directory `/home/david/Desktop/tfg/tfg/build_ubuntu/CMakeFiles/CMakeTmp'
make[1]: Leaving directory `/home/david/Desktop/tfg/tfg/build_ubuntu/CMakeFiles/CMakeTmp'


Determining if the function pthread_create exists in the pthread passed with the following output:
Change Dir: /home/david/Desktop/tfg/tfg/build_ubuntu/CMakeFiles/CMakeTmp

Run Build Command:/usr/bin/make "cmTryCompileExec376222824/fast"
make[1]: Entering directory `/home/david/Desktop/tfg/tfg/build_ubuntu/CMakeFiles/CMakeTmp'
/usr/bin/make -f CMakeFiles/cmTryCompileExec376222824.dir/build.make CMakeFiles/cmTryCompileExec376222824.dir/build
make[2]: Entering directory `/home/david/Desktop/tfg/tfg/build_ubuntu/CMakeFiles/CMakeTmp'
/usr/bin/cmake -E cmake_progress_report /home/david/Desktop/tfg/tfg/build_ubuntu/CMakeFiles/CMakeTmp/CMakeFiles 1
Building C object CMakeFiles/cmTryCompileExec376222824.dir/CheckFunctionExists.c.o
/usr/bin/cc   -DCHECK_FUNCTION_EXISTS=pthread_create   -o CMakeFiles/cmTryCompileExec376222824.dir/CheckFunctionExists.c.o   -c /usr/share/cmake-2.8/Modules/CheckFunctionExists.c
Linking C executable cmTryCompileExec376222824
/usr/bin/cmake -E cmake_link_script CMakeFiles/cmTryCompileExec376222824.dir/link.txt --verbose=1
/usr/bin/cc   -DCHECK_FUNCTION_EXISTS=pthread_create    CMakeFiles/cmTryCompileExec376222824.dir/CheckFunctionExists.c.o  -o cmTryCompileExec376222824 -rdynamic -lpthread 
make[2]: Leaving directory `/home/david/Desktop/tfg/tfg/build_ubuntu/CMakeFiles/CMakeTmp'
make[1]: Leaving directory `/home/david/Desktop/tfg/tfg/build_ubuntu/CMakeFiles/CMakeTmp'


Determining if the function XOpenDisplay exists in the /usr/lib/x86_64-linux-gnu/libX11.so;/usr/lib/x86_64-linux-gnu/libXext.so passed with the following output:
Change Dir: /home/david/Desktop/tfg/tfg/build_ubuntu/CMakeFiles/CMakeTmp

Run Build Command:/usr/bin/make "cmTryCompileExec2796114220/fast"
make[1]: Entering directory `/home/david/Desktop/tfg/tfg/build_ubuntu/CMakeFiles/CMakeTmp'
/usr/bin/make -f CMakeFiles/cmTryCompileExec2796114220.dir/build.make CMakeFiles/cmTryCompileExec2796114220.dir/build
make[2]: Entering directory `/home/david/Desktop/tfg/tfg/build_ubuntu/CMakeFiles/CMakeTmp'
/usr/bin/cmake -E cmake_progress_report /home/david/Desktop/tfg/tfg/build_ubuntu/CMakeFiles/CMakeTmp/CMakeFiles 1
Building C object CMakeFiles/cmTryCompileExec2796114220.dir/CheckFunctionExists.c.o
/usr/bin/cc   -DCHECK_FUNCTION_EXISTS=XOpenDisplay   -o CMakeFiles/cmTryCompileExec2796114220.dir/CheckFunctionExists.c.o   -c /usr/share/cmake-2.8/Modules/CheckFunctionExists.c
Linking C executable cmTryCompileExec2796114220
/usr/bin/cmake -E cmake_link_script CMakeFiles/cmTryCompileExec2796114220.dir/link.txt --verbose=1
/usr/bin/cc   -DCHECK_FUNCTION_EXISTS=XOpenDisplay    CMakeFiles/cmTryCompileExec2796114220.dir/CheckFunctionExists.c.o  -o cmTryCompileExec2796114220 -rdynamic -lX11 -lXext 
make[2]: Leaving directory `/home/david/Desktop/tfg/tfg/build_ubuntu/CMakeFiles/CMakeTmp'
make[1]: Leaving directory `/home/david/Desktop/tfg/tfg/build_ubuntu/CMakeFiles/CMakeTmp'


Determining if the function gethostbyname exists passed with the following output:
Change Dir: /home/david/Desktop/tfg/tfg/build_ubuntu/CMakeFiles/CMakeTmp

Run Build Command:/usr/bin/make "cmTryCompileExec2078074783/fast"
make[1]: Entering directory `/home/david/Desktop/tfg/tfg/build_ubuntu/CMakeFiles/CMakeTmp'
/usr/bin/make -f CMakeFiles/cmTryCompileExec2078074783.dir/build.make CMakeFiles/cmTryCompileExec2078074783.dir/build
make[2]: Entering directory `/home/david/Desktop/tfg/tfg/build_ubuntu/CMakeFiles/CMakeTmp'
/usr/bin/cmake -E cmake_progress_report /home/david/Desktop/tfg/tfg/build_ubuntu/CMakeFiles/CMakeTmp/CMakeFiles 1
Building C object CMakeFiles/cmTryCompileExec2078074783.dir/CheckFunctionExists.c.o
/usr/bin/cc   -DCHECK_FUNCTION_EXISTS=gethostbyname   -o CMakeFiles/cmTryCompileExec2078074783.dir/CheckFunctionExists.c.o   -c /usr/share/cmake-2.8/Modules/CheckFunctionExists.c
Linking C executable cmTryCompileExec2078074783
/usr/bin/cmake -E cmake_link_script CMakeFiles/cmTryCompileExec2078074783.dir/link.txt --verbose=1
/usr/bin/cc   -DCHECK_FUNCTION_EXISTS=gethostbyname    CMakeFiles/cmTryCompileExec2078074783.dir/CheckFunctionExists.c.o  -o cmTryCompileExec2078074783 -rdynamic 
make[2]: Leaving directory `/home/david/Desktop/tfg/tfg/build_ubuntu/CMakeFiles/CMakeTmp'
make[1]: Leaving directory `/home/david/Desktop/tfg/tfg/build_ubuntu/CMakeFiles/CMakeTmp'


Determining if the function connect exists passed with the following output:
Change Dir: /home/david/Desktop/tfg/tfg/build_ubuntu/CMakeFiles/CMakeTmp

Run Build Command:/usr/bin/make "cmTryCompileExec3853903005/fast"
make[1]: Entering directory `/home/david/Desktop/tfg/tfg/build_ubuntu/CMakeFiles/CMakeTmp'
/usr/bin/make -f CMakeFiles/cmTryCompileExec3853903005.dir/build.make CMakeFiles/cmTryCompileExec3853903005.dir/build
make[2]: Entering directory `/home/david/Desktop/tfg/tfg/build_ubuntu/CMakeFiles/CMakeTmp'
/usr/bin/cmake -E cmake_progress_report /home/david/Desktop/tfg/tfg/build_ubuntu/CMakeFiles/CMakeTmp/CMakeFiles 1
Building C object CMakeFiles/cmTryCompileExec3853903005.dir/CheckFunctionExists.c.o
/usr/bin/cc   -DCHECK_FUNCTION_EXISTS=connect   -o CMakeFiles/cmTryCompileExec3853903005.dir/CheckFunctionExists.c.o   -c /usr/share/cmake-2.8/Modules/CheckFunctionExists.c
Linking C executable cmTryCompileExec3853903005
/usr/bin/cmake -E cmake_link_script CMakeFiles/cmTryCompileExec3853903005.dir/link.txt --verbose=1
/usr/bin/cc   -DCHECK_FUNCTION_EXISTS=connect    CMakeFiles/cmTryCompileExec3853903005.dir/CheckFunctionExists.c.o  -o cmTryCompileExec3853903005 -rdynamic 
make[2]: Leaving directory `/home/david/Desktop/tfg/tfg/build_ubuntu/CMakeFiles/CMakeTmp'
make[1]: Leaving directory `/home/david/Desktop/tfg/tfg/build_ubuntu/CMakeFiles/CMakeTmp'


Determining if the function remove exists passed with the following output:
Change Dir: /home/david/Desktop/tfg/tfg/build_ubuntu/CMakeFiles/CMakeTmp

Run Build Command:/usr/bin/make "cmTryCompileExec2393024103/fast"
make[1]: Entering directory `/home/david/Desktop/tfg/tfg/build_ubuntu/CMakeFiles/CMakeTmp'
/usr/bin/make -f CMakeFiles/cmTryCompileExec2393024103.dir/build.make CMakeFiles/cmTryCompileExec2393024103.dir/build
make[2]: Entering directory `/home/david/Desktop/tfg/tfg/build_ubuntu/CMakeFiles/CMakeTmp'
/usr/bin/cmake -E cmake_progress_report /home/david/Desktop/tfg/tfg/build_ubuntu/CMakeFiles/CMakeTmp/CMakeFiles 1
Building C object CMakeFiles/cmTryCompileExec2393024103.dir/CheckFunctionExists.c.o
/usr/bin/cc   -DCHECK_FUNCTION_EXISTS=remove   -o CMakeFiles/cmTryCompileExec2393024103.dir/CheckFunctionExists.c.o   -c /usr/share/cmake-2.8/Modules/CheckFunctionExists.c
Linking C executable cmTryCompileExec2393024103
/usr/bin/cmake -E cmake_link_script CMakeFiles/cmTryCompileExec2393024103.dir/link.txt --verbose=1
/usr/bin/cc   -DCHECK_FUNCTION_EXISTS=remove    CMakeFiles/cmTryCompileExec2393024103.dir/CheckFunctionExists.c.o  -o cmTryCompileExec2393024103 -rdynamic 
make[2]: Leaving directory `/home/david/Desktop/tfg/tfg/build_ubuntu/CMakeFiles/CMakeTmp'
make[1]: Leaving directory `/home/david/Desktop/tfg/tfg/build_ubuntu/CMakeFiles/CMakeTmp'


Determining if the function shmat exists passed with the following output:
Change Dir: /home/david/Desktop/tfg/tfg/build_ubuntu/CMakeFiles/CMakeTmp

Run Build Command:/usr/bin/make "cmTryCompileExec3174502211/fast"
make[1]: Entering directory `/home/david/Desktop/tfg/tfg/build_ubuntu/CMakeFiles/CMakeTmp'
/usr/bin/make -f CMakeFiles/cmTryCompileExec3174502211.dir/build.make CMakeFiles/cmTryCompileExec3174502211.dir/build
make[2]: Entering directory `/home/david/Desktop/tfg/tfg/build_ubuntu/CMakeFiles/CMakeTmp'
/usr/bin/cmake -E cmake_progress_report /home/david/Desktop/tfg/tfg/build_ubuntu/CMakeFiles/CMakeTmp/CMakeFiles 1
Building C object CMakeFiles/cmTryCompileExec3174502211.dir/CheckFunctionExists.c.o
/usr/bin/cc   -DCHECK_FUNCTION_EXISTS=shmat   -o CMakeFiles/cmTryCompileExec3174502211.dir/CheckFunctionExists.c.o   -c /usr/share/cmake-2.8/Modules/CheckFunctionExists.c
Linking C executable cmTryCompileExec3174502211
/usr/bin/cmake -E cmake_link_script CMakeFiles/cmTryCompileExec3174502211.dir/link.txt --verbose=1
/usr/bin/cc   -DCHECK_FUNCTION_EXISTS=shmat    CMakeFiles/cmTryCompileExec3174502211.dir/CheckFunctionExists.c.o  -o cmTryCompileExec3174502211 -rdynamic 
make[2]: Leaving directory `/home/david/Desktop/tfg/tfg/build_ubuntu/CMakeFiles/CMakeTmp'
make[1]: Leaving directory `/home/david/Desktop/tfg/tfg/build_ubuntu/CMakeFiles/CMakeTmp'


Determining if the function IceConnectionNumber exists in the ICE passed with the following output:
Change Dir: /home/david/Desktop/tfg/tfg/build_ubuntu/CMakeFiles/CMakeTmp

Run Build Command:/usr/bin/make "cmTryCompileExec2699096903/fast"
make[1]: Entering directory `/home/david/Desktop/tfg/tfg/build_ubuntu/CMakeFiles/CMakeTmp'
/usr/bin/make -f CMakeFiles/cmTryCompileExec2699096903.dir/build.make CMakeFiles/cmTryCompileExec2699096903.dir/build
make[2]: Entering directory `/home/david/Desktop/tfg/tfg/build_ubuntu/CMakeFiles/CMakeTmp'
/usr/bin/cmake -E cmake_progress_report /home/david/Desktop/tfg/tfg/build_ubuntu/CMakeFiles/CMakeTmp/CMakeFiles 1
Building C object CMakeFiles/cmTryCompileExec2699096903.dir/CheckFunctionExists.c.o
/usr/bin/cc   -DCHECK_FUNCTION_EXISTS=IceConnectionNumber   -o CMakeFiles/cmTryCompileExec2699096903.dir/CheckFunctionExists.c.o   -c /usr/share/cmake-2.8/Modules/CheckFunctionExists.c
Linking C executable cmTryCompileExec2699096903
/usr/bin/cmake -E cmake_link_script CMakeFiles/cmTryCompileExec2699096903.dir/link.txt --verbose=1
/usr/bin/cc   -DCHECK_FUNCTION_EXISTS=IceConnectionNumber    CMakeFiles/cmTryCompileExec2699096903.dir/CheckFunctionExists.c.o  -o cmTryCompileExec2699096903 -rdynamic -lICE 
make[2]: Leaving directory `/home/david/Desktop/tfg/tfg/build_ubuntu/CMakeFiles/CMakeTmp'
make[1]: Leaving directory `/home/david/Desktop/tfg/tfg/build_ubuntu/CMakeFiles/CMakeTmp'


Determining if files pthread.h exist passed with the following output:
Change Dir: /home/david/Desktop/tfg/tfg/build_ubuntu/CMakeFiles/CMakeTmp

Run Build Command:/usr/bin/make "cmTryCompileExec3619976225/fast"
make[1]: Entering directory `/home/david/Desktop/tfg/tfg/build_ubuntu/CMakeFiles/CMakeTmp'
/usr/bin/make -f CMakeFiles/cmTryCompileExec3619976225.dir/build.make CMakeFiles/cmTryCompileExec3619976225.dir/build
make[2]: Entering directory `/home/david/Desktop/tfg/tfg/build_ubuntu/CMakeFiles/CMakeTmp'
/usr/bin/cmake -E cmake_progress_report /home/david/Desktop/tfg/tfg/build_ubuntu/CMakeFiles/CMakeTmp/CMakeFiles 1
Building C object CMakeFiles/cmTryCompileExec3619976225.dir/CheckIncludeFiles.c.o
/usr/bin/cc    -o CMakeFiles/cmTryCompileExec3619976225.dir/CheckIncludeFiles.c.o   -c /home/david/Desktop/tfg/tfg/build_ubuntu/CMakeFiles/CMakeTmp/CheckIncludeFiles.c
Linking C executable cmTryCompileExec3619976225
/usr/bin/cmake -E cmake_link_script CMakeFiles/cmTryCompileExec3619976225.dir/link.txt --verbose=1
/usr/bin/cc       CMakeFiles/cmTryCompileExec3619976225.dir/CheckIncludeFiles.c.o  -o cmTryCompileExec3619976225 -rdynamic 
make[2]: Leaving directory `/home/david/Desktop/tfg/tfg/build_ubuntu/CMakeFiles/CMakeTmp'
make[1]: Leaving directory `/home/david/Desktop/tfg/tfg/build_ubuntu/CMakeFiles/CMakeTmp'


Determining if the function pthread_create exists in the pthread passed with the following output:
Change Dir: /home/david/Desktop/tfg/tfg/build_ubuntu/CMakeFiles/CMakeTmp

Run Build Command:/usr/bin/make "cmTryCompileExec3086362255/fast"
make[1]: Entering directory `/home/david/Desktop/tfg/tfg/build_ubuntu/CMakeFiles/CMakeTmp'
/usr/bin/make -f CMakeFiles/cmTryCompileExec3086362255.dir/build.make CMakeFiles/cmTryCompileExec3086362255.dir/build
make[2]: Entering directory `/home/david/Desktop/tfg/tfg/build_ubuntu/CMakeFiles/CMakeTmp'
/usr/bin/cmake -E cmake_progress_report /home/david/Desktop/tfg/tfg/build_ubuntu/CMakeFiles/CMakeTmp/CMakeFiles 1
Building C object CMakeFiles/cmTryCompileExec3086362255.dir/CheckFunctionExists.c.o
/usr/bin/cc   -DCHECK_FUNCTION_EXISTS=pthread_create   -o CMakeFiles/cmTryCompileExec3086362255.dir/CheckFunctionExists.c.o   -c /usr/share/cmake-2.8/Modules/CheckFunctionExists.c
Linking C executable cmTryCompileExec3086362255
/usr/bin/cmake -E cmake_link_script CMakeFiles/cmTryCompileExec3086362255.dir/link.txt --verbose=1
/usr/bin/cc   -DCHECK_FUNCTION_EXISTS=pthread_create    CMakeFiles/cmTryCompileExec3086362255.dir/CheckFunctionExists.c.o  -o cmTryCompileExec3086362255 -rdynamic -lpthread 
make[2]: Leaving directory `/home/david/Desktop/tfg/tfg/build_ubuntu/CMakeFiles/CMakeTmp'
make[1]: Leaving directory `/home/david/Desktop/tfg/tfg/build_ubuntu/CMakeFiles/CMakeTmp'


Determining if the function XOpenDisplay exists in the /usr/lib/x86_64-linux-gnu/libX11.so;/usr/lib/x86_64-linux-gnu/libXext.so passed with the following output:
Change Dir: /home/david/Desktop/tfg/tfg/build_ubuntu/CMakeFiles/CMakeTmp

Run Build Command:/usr/bin/make "cmTryCompileExec1158842757/fast"
make[1]: Entering directory `/home/david/Desktop/tfg/tfg/build_ubuntu/CMakeFiles/CMakeTmp'
/usr/bin/make -f CMakeFiles/cmTryCompileExec1158842757.dir/build.make CMakeFiles/cmTryCompileExec1158842757.dir/build
make[2]: Entering directory `/home/david/Desktop/tfg/tfg/build_ubuntu/CMakeFiles/CMakeTmp'
/usr/bin/cmake -E cmake_progress_report /home/david/Desktop/tfg/tfg/build_ubuntu/CMakeFiles/CMakeTmp/CMakeFiles 1
Building C object CMakeFiles/cmTryCompileExec1158842757.dir/CheckFunctionExists.c.o
/usr/bin/cc   -DCHECK_FUNCTION_EXISTS=XOpenDisplay   -o CMakeFiles/cmTryCompileExec1158842757.dir/CheckFunctionExists.c.o   -c /usr/share/cmake-2.8/Modules/CheckFunctionExists.c
Linking C executable cmTryCompileExec1158842757
/usr/bin/cmake -E cmake_link_script CMakeFiles/cmTryCompileExec1158842757.dir/link.txt --verbose=1
/usr/bin/cc   -DCHECK_FUNCTION_EXISTS=XOpenDisplay    CMakeFiles/cmTryCompileExec1158842757.dir/CheckFunctionExists.c.o  -o cmTryCompileExec1158842757 -rdynamic -lX11 -lXext 
make[2]: Leaving directory `/home/david/Desktop/tfg/tfg/build_ubuntu/CMakeFiles/CMakeTmp'
make[1]: Leaving directory `/home/david/Desktop/tfg/tfg/build_ubuntu/CMakeFiles/CMakeTmp'


Determining if the function gethostbyname exists passed with the following output:
Change Dir: /home/david/Desktop/tfg/tfg/build_ubuntu/CMakeFiles/CMakeTmp

Run Build Command:/usr/bin/make "cmTryCompileExec202242600/fast"
make[1]: Entering directory `/home/david/Desktop/tfg/tfg/build_ubuntu/CMakeFiles/CMakeTmp'
/usr/bin/make -f CMakeFiles/cmTryCompileExec202242600.dir/build.make CMakeFiles/cmTryCompileExec202242600.dir/build
make[2]: Entering directory `/home/david/Desktop/tfg/tfg/build_ubuntu/CMakeFiles/CMakeTmp'
/usr/bin/cmake -E cmake_progress_report /home/david/Desktop/tfg/tfg/build_ubuntu/CMakeFiles/CMakeTmp/CMakeFiles 1
Building C object CMakeFiles/cmTryCompileExec202242600.dir/CheckFunctionExists.c.o
/usr/bin/cc   -DCHECK_FUNCTION_EXISTS=gethostbyname   -o CMakeFiles/cmTryCompileExec202242600.dir/CheckFunctionExists.c.o   -c /usr/share/cmake-2.8/Modules/CheckFunctionExists.c
Linking C executable cmTryCompileExec202242600
/usr/bin/cmake -E cmake_link_script CMakeFiles/cmTryCompileExec202242600.dir/link.txt --verbose=1
/usr/bin/cc   -DCHECK_FUNCTION_EXISTS=gethostbyname    CMakeFiles/cmTryCompileExec202242600.dir/CheckFunctionExists.c.o  -o cmTryCompileExec202242600 -rdynamic 
make[2]: Leaving directory `/home/david/Desktop/tfg/tfg/build_ubuntu/CMakeFiles/CMakeTmp'
make[1]: Leaving directory `/home/david/Desktop/tfg/tfg/build_ubuntu/CMakeFiles/CMakeTmp'


Determining if the function connect exists passed with the following output:
Change Dir: /home/david/Desktop/tfg/tfg/build_ubuntu/CMakeFiles/CMakeTmp

Run Build Command:/usr/bin/make "cmTryCompileExec1333815629/fast"
make[1]: Entering directory `/home/david/Desktop/tfg/tfg/build_ubuntu/CMakeFiles/CMakeTmp'
/usr/bin/make -f CMakeFiles/cmTryCompileExec1333815629.dir/build.make CMakeFiles/cmTryCompileExec1333815629.dir/build
make[2]: Entering directory `/home/david/Desktop/tfg/tfg/build_ubuntu/CMakeFiles/CMakeTmp'
/usr/bin/cmake -E cmake_progress_report /home/david/Desktop/tfg/tfg/build_ubuntu/CMakeFiles/CMakeTmp/CMakeFiles 1
Building C object CMakeFiles/cmTryCompileExec1333815629.dir/CheckFunctionExists.c.o
/usr/bin/cc   -DCHECK_FUNCTION_EXISTS=connect   -o CMakeFiles/cmTryCompileExec1333815629.dir/CheckFunctionExists.c.o   -c /usr/share/cmake-2.8/Modules/CheckFunctionExists.c
Linking C executable cmTryCompileExec1333815629
/usr/bin/cmake -E cmake_link_script CMakeFiles/cmTryCompileExec1333815629.dir/link.txt --verbose=1
/usr/bin/cc   -DCHECK_FUNCTION_EXISTS=connect    CMakeFiles/cmTryCompileExec1333815629.dir/CheckFunctionExists.c.o  -o cmTryCompileExec1333815629 -rdynamic 
make[2]: Leaving directory `/home/david/Desktop/tfg/tfg/build_ubuntu/CMakeFiles/CMakeTmp'
make[1]: Leaving directory `/home/david/Desktop/tfg/tfg/build_ubuntu/CMakeFiles/CMakeTmp'


Determining if the function remove exists passed with the following output:
Change Dir: /home/david/Desktop/tfg/tfg/build_ubuntu/CMakeFiles/CMakeTmp

Run Build Command:/usr/bin/make "cmTryCompileExec1983467725/fast"
make[1]: Entering directory `/home/david/Desktop/tfg/tfg/build_ubuntu/CMakeFiles/CMakeTmp'
/usr/bin/make -f CMakeFiles/cmTryCompileExec1983467725.dir/build.make CMakeFiles/cmTryCompileExec1983467725.dir/build
make[2]: Entering directory `/home/david/Desktop/tfg/tfg/build_ubuntu/CMakeFiles/CMakeTmp'
/usr/bin/cmake -E cmake_progress_report /home/david/Desktop/tfg/tfg/build_ubuntu/CMakeFiles/CMakeTmp/CMakeFiles 1
Building C object CMakeFiles/cmTryCompileExec1983467725.dir/CheckFunctionExists.c.o
/usr/bin/cc   -DCHECK_FUNCTION_EXISTS=remove   -o CMakeFiles/cmTryCompileExec1983467725.dir/CheckFunctionExists.c.o   -c /usr/share/cmake-2.8/Modules/CheckFunctionExists.c
Linking C executable cmTryCompileExec1983467725
/usr/bin/cmake -E cmake_link_script CMakeFiles/cmTryCompileExec1983467725.dir/link.txt --verbose=1
/usr/bin/cc   -DCHECK_FUNCTION_EXISTS=remove    CMakeFiles/cmTryCompileExec1983467725.dir/CheckFunctionExists.c.o  -o cmTryCompileExec1983467725 -rdynamic 
make[2]: Leaving directory `/home/david/Desktop/tfg/tfg/build_ubuntu/CMakeFiles/CMakeTmp'
make[1]: Leaving directory `/home/david/Desktop/tfg/tfg/build_ubuntu/CMakeFiles/CMakeTmp'


Determining if the function shmat exists passed with the following output:
Change Dir: /home/david/Desktop/tfg/tfg/build_ubuntu/CMakeFiles/CMakeTmp

Run Build Command:/usr/bin/make "cmTryCompileExec888540264/fast"
make[1]: Entering directory `/home/david/Desktop/tfg/tfg/build_ubuntu/CMakeFiles/CMakeTmp'
/usr/bin/make -f CMakeFiles/cmTryCompileExec888540264.dir/build.make CMakeFiles/cmTryCompileExec888540264.dir/build
make[2]: Entering directory `/home/david/Desktop/tfg/tfg/build_ubuntu/CMakeFiles/CMakeTmp'
/usr/bin/cmake -E cmake_progress_report /home/david/Desktop/tfg/tfg/build_ubuntu/CMakeFiles/CMakeTmp/CMakeFiles 1
Building C object CMakeFiles/cmTryCompileExec888540264.dir/CheckFunctionExists.c.o
/usr/bin/cc   -DCHECK_FUNCTION_EXISTS=shmat   -o CMakeFiles/cmTryCompileExec888540264.dir/CheckFunctionExists.c.o   -c /usr/share/cmake-2.8/Modules/CheckFunctionExists.c
Linking C executable cmTryCompileExec888540264
/usr/bin/cmake -E cmake_link_script CMakeFiles/cmTryCompileExec888540264.dir/link.txt --verbose=1
/usr/bin/cc   -DCHECK_FUNCTION_EXISTS=shmat    CMakeFiles/cmTryCompileExec888540264.dir/CheckFunctionExists.c.o  -o cmTryCompileExec888540264 -rdynamic 
make[2]: Leaving directory `/home/david/Desktop/tfg/tfg/build_ubuntu/CMakeFiles/CMakeTmp'
make[1]: Leaving directory `/home/david/Desktop/tfg/tfg/build_ubuntu/CMakeFiles/CMakeTmp'


Determining if the function IceConnectionNumber exists in the ICE passed with the following output:
Change Dir: /home/david/Desktop/tfg/tfg/build_ubuntu/CMakeFiles/CMakeTmp

Run Build Command:/usr/bin/make "cmTryCompileExec1131055951/fast"
make[1]: Entering directory `/home/david/Desktop/tfg/tfg/build_ubuntu/CMakeFiles/CMakeTmp'
/usr/bin/make -f CMakeFiles/cmTryCompileExec1131055951.dir/build.make CMakeFiles/cmTryCompileExec1131055951.dir/build
make[2]: Entering directory `/home/david/Desktop/tfg/tfg/build_ubuntu/CMakeFiles/CMakeTmp'
/usr/bin/cmake -E cmake_progress_report /home/david/Desktop/tfg/tfg/build_ubuntu/CMakeFiles/CMakeTmp/CMakeFiles 1
Building C object CMakeFiles/cmTryCompileExec1131055951.dir/CheckFunctionExists.c.o
/usr/bin/cc   -DCHECK_FUNCTION_EXISTS=IceConnectionNumber   -o CMakeFiles/cmTryCompileExec1131055951.dir/CheckFunctionExists.c.o   -c /usr/share/cmake-2.8/Modules/CheckFunctionExists.c
Linking C executable cmTryCompileExec1131055951
/usr/bin/cmake -E cmake_link_script CMakeFiles/cmTryCompileExec1131055951.dir/link.txt --verbose=1
/usr/bin/cc   -DCHECK_FUNCTION_EXISTS=IceConnectionNumber    CMakeFiles/cmTryCompileExec1131055951.dir/CheckFunctionExists.c.o  -o cmTryCompileExec1131055951 -rdynamic -lICE 
make[2]: Leaving directory `/home/david/Desktop/tfg/tfg/build_ubuntu/CMakeFiles/CMakeTmp'
make[1]: Leaving directory `/home/david/Desktop/tfg/tfg/build_ubuntu/CMakeFiles/CMakeTmp'


Determining if files pthread.h exist passed with the following output:
Change Dir: /home/david/Desktop/tfg/tfg/build_ubuntu/CMakeFiles/CMakeTmp

Run Build Command:/usr/bin/make "cmTryCompileExec2493110376/fast"
make[1]: Entering directory `/home/david/Desktop/tfg/tfg/build_ubuntu/CMakeFiles/CMakeTmp'
/usr/bin/make -f CMakeFiles/cmTryCompileExec2493110376.dir/build.make CMakeFiles/cmTryCompileExec2493110376.dir/build
make[2]: Entering directory `/home/david/Desktop/tfg/tfg/build_ubuntu/CMakeFiles/CMakeTmp'
/usr/bin/cmake -E cmake_progress_report /home/david/Desktop/tfg/tfg/build_ubuntu/CMakeFiles/CMakeTmp/CMakeFiles 1
Building C object CMakeFiles/cmTryCompileExec2493110376.dir/CheckIncludeFiles.c.o
/usr/bin/cc    -o CMakeFiles/cmTryCompileExec2493110376.dir/CheckIncludeFiles.c.o   -c /home/david/Desktop/tfg/tfg/build_ubuntu/CMakeFiles/CMakeTmp/CheckIncludeFiles.c
Linking C executable cmTryCompileExec2493110376
/usr/bin/cmake -E cmake_link_script CMakeFiles/cmTryCompileExec2493110376.dir/link.txt --verbose=1
/usr/bin/cc       CMakeFiles/cmTryCompileExec2493110376.dir/CheckIncludeFiles.c.o  -o cmTryCompileExec2493110376 -rdynamic 
make[2]: Leaving directory `/home/david/Desktop/tfg/tfg/build_ubuntu/CMakeFiles/CMakeTmp'
make[1]: Leaving directory `/home/david/Desktop/tfg/tfg/build_ubuntu/CMakeFiles/CMakeTmp'


Determining if the function pthread_create exists in the pthread passed with the following output:
Change Dir: /home/david/Desktop/tfg/tfg/build_ubuntu/CMakeFiles/CMakeTmp

Run Build Command:/usr/bin/make "cmTryCompileExec2856334039/fast"
make[1]: Entering directory `/home/david/Desktop/tfg/tfg/build_ubuntu/CMakeFiles/CMakeTmp'
/usr/bin/make -f CMakeFiles/cmTryCompileExec2856334039.dir/build.make CMakeFiles/cmTryCompileExec2856334039.dir/build
make[2]: Entering directory `/home/david/Desktop/tfg/tfg/build_ubuntu/CMakeFiles/CMakeTmp'
/usr/bin/cmake -E cmake_progress_report /home/david/Desktop/tfg/tfg/build_ubuntu/CMakeFiles/CMakeTmp/CMakeFiles 1
Building C object CMakeFiles/cmTryCompileExec2856334039.dir/CheckFunctionExists.c.o
/usr/bin/cc   -DCHECK_FUNCTION_EXISTS=pthread_create   -o CMakeFiles/cmTryCompileExec2856334039.dir/CheckFunctionExists.c.o   -c /usr/share/cmake-2.8/Modules/CheckFunctionExists.c
Linking C executable cmTryCompileExec2856334039
/usr/bin/cmake -E cmake_link_script CMakeFiles/cmTryCompileExec2856334039.dir/link.txt --verbose=1
/usr/bin/cc   -DCHECK_FUNCTION_EXISTS=pthread_create    CMakeFiles/cmTryCompileExec2856334039.dir/CheckFunctionExists.c.o  -o cmTryCompileExec2856334039 -rdynamic -lpthread 
make[2]: Leaving directory `/home/david/Desktop/tfg/tfg/build_ubuntu/CMakeFiles/CMakeTmp'
make[1]: Leaving directory `/home/david/Desktop/tfg/tfg/build_ubuntu/CMakeFiles/CMakeTmp'


