The system is: Darwin - 14.1.0 - i386
Compiling the C compiler identification source file "CMakeCCompilerId.c" succeeded.
Compiler: /usr/bin/cc 
Build flags: 
Id flags: 

The output was:
0


Compilation of the C compiler identification source "CMakeCCompilerId.c" produced "a.out"

The C compiler identification is Clang, found in "/Users/David/Desktop/ProyectosC++/TFG/build_mac/CMakeFiles/2.8.12.2/CompilerIdC/a.out"

Compiling the CXX compiler identification source file "CMakeCXXCompilerId.cpp" succeeded.
Compiler: /usr/bin/c++ 
Build flags: 
Id flags: 

The output was:
0


Compilation of the CXX compiler identification source "CMakeCXXCompilerId.cpp" produced "a.out"

The CXX compiler identification is Clang, found in "/Users/David/Desktop/ProyectosC++/TFG/build_mac/CMakeFiles/2.8.12.2/CompilerIdCXX/a.out"

Determining if the C compiler works passed with the following output:
Change Dir: /Users/David/Desktop/ProyectosC++/TFG/build_mac/CMakeFiles/CMakeTmp

Run Build Command:/opt/local/bin/gmake "cmTryCompileExec1375979810/fast"
/opt/local/bin/gmake -f CMakeFiles/cmTryCompileExec1375979810.dir/build.make CMakeFiles/cmTryCompileExec1375979810.dir/build
gmake[1]: se entra en el directorio '/Users/David/Desktop/ProyectosC++/TFG/build_mac/CMakeFiles/CMakeTmp'
/opt/local/bin/cmake -E cmake_progress_report /Users/David/Desktop/ProyectosC++/TFG/build_mac/CMakeFiles/CMakeTmp/CMakeFiles 1
Building C object CMakeFiles/cmTryCompileExec1375979810.dir/testCCompiler.c.o
/usr/bin/cc    -o CMakeFiles/cmTryCompileExec1375979810.dir/testCCompiler.c.o   -c /Users/David/Desktop/ProyectosC++/TFG/build_mac/CMakeFiles/CMakeTmp/testCCompiler.c
Linking C executable cmTryCompileExec1375979810
/opt/local/bin/cmake -E cmake_link_script CMakeFiles/cmTryCompileExec1375979810.dir/link.txt --verbose=1
/usr/bin/cc    -Wl,-search_paths_first -Wl,-headerpad_max_install_names   CMakeFiles/cmTryCompileExec1375979810.dir/testCCompiler.c.o  -o cmTryCompileExec1375979810  
gmake[1]: se sale del directorio '/Users/David/Desktop/ProyectosC++/TFG/build_mac/CMakeFiles/CMakeTmp'


Detecting C compiler ABI info compiled with the following output:
Change Dir: /Users/David/Desktop/ProyectosC++/TFG/build_mac/CMakeFiles/CMakeTmp

Run Build Command:/opt/local/bin/gmake "cmTryCompileExec3164563491/fast"
/opt/local/bin/gmake -f CMakeFiles/cmTryCompileExec3164563491.dir/build.make CMakeFiles/cmTryCompileExec3164563491.dir/build
gmake[1]: se entra en el directorio '/Users/David/Desktop/ProyectosC++/TFG/build_mac/CMakeFiles/CMakeTmp'
/opt/local/bin/cmake -E cmake_progress_report /Users/David/Desktop/ProyectosC++/TFG/build_mac/CMakeFiles/CMakeTmp/CMakeFiles 1
Building C object CMakeFiles/cmTryCompileExec3164563491.dir/CMakeCCompilerABI.c.o
/usr/bin/cc    -o CMakeFiles/cmTryCompileExec3164563491.dir/CMakeCCompilerABI.c.o   -c /opt/local/share/cmake-2.8/Modules/CMakeCCompilerABI.c
Linking C executable cmTryCompileExec3164563491
/opt/local/bin/cmake -E cmake_link_script CMakeFiles/cmTryCompileExec3164563491.dir/link.txt --verbose=1
/usr/bin/cc    -Wl,-search_paths_first -Wl,-headerpad_max_install_names -v -Wl,-v CMakeFiles/cmTryCompileExec3164563491.dir/CMakeCCompilerABI.c.o  -o cmTryCompileExec3164563491   
Apple LLVM version 6.1.0 (clang-602.0.49) (based on LLVM 3.6.0svn)
Target: x86_64-apple-darwin14.1.0
Thread model: posix
 "/Applications/Xcode.app/Contents/Developer/Toolchains/XcodeDefault.xctoolchain/usr/bin/ld" -demangle -dynamic -arch x86_64 -macosx_version_min 10.10.0 -o cmTryCompileExec3164563491 -search_paths_first -headerpad_max_install_names -v CMakeFiles/cmTryCompileExec3164563491.dir/CMakeCCompilerABI.c.o -lSystem /Applications/Xcode.app/Contents/Developer/Toolchains/XcodeDefault.xctoolchain/usr/bin/../lib/clang/6.1.0/lib/darwin/libclang_rt.osx.a
@(#)PROGRAM:ld  PROJECT:ld64-242
configured to support archs: armv6 armv7 armv7s arm64 i386 x86_64 x86_64h armv6m armv7m armv7em
Library search paths:
	/usr/lib
	/usr/local/lib
Framework search paths:
	/Library/Frameworks/
	/System/Library/Frameworks/
gmake[1]: se sale del directorio '/Users/David/Desktop/ProyectosC++/TFG/build_mac/CMakeFiles/CMakeTmp'


Parsed C implicit link information from above output:
  link line regex: [^( *|.*[/\])(ld|([^/\]+-)?ld|collect2)[^/\]*( |$)]
  ignore line: [Change Dir: /Users/David/Desktop/ProyectosC++/TFG/build_mac/CMakeFiles/CMakeTmp]
  ignore line: []
  ignore line: [Run Build Command:/opt/local/bin/gmake "cmTryCompileExec3164563491/fast"]
  ignore line: [/opt/local/bin/gmake -f CMakeFiles/cmTryCompileExec3164563491.dir/build.make CMakeFiles/cmTryCompileExec3164563491.dir/build]
  ignore line: [gmake[1]: se entra en el directorio '/Users/David/Desktop/ProyectosC++/TFG/build_mac/CMakeFiles/CMakeTmp']
  ignore line: [/opt/local/bin/cmake -E cmake_progress_report /Users/David/Desktop/ProyectosC++/TFG/build_mac/CMakeFiles/CMakeTmp/CMakeFiles 1]
  ignore line: [Building C object CMakeFiles/cmTryCompileExec3164563491.dir/CMakeCCompilerABI.c.o]
  ignore line: [/usr/bin/cc    -o CMakeFiles/cmTryCompileExec3164563491.dir/CMakeCCompilerABI.c.o   -c /opt/local/share/cmake-2.8/Modules/CMakeCCompilerABI.c]
  ignore line: [Linking C executable cmTryCompileExec3164563491]
  ignore line: [/opt/local/bin/cmake -E cmake_link_script CMakeFiles/cmTryCompileExec3164563491.dir/link.txt --verbose=1]
  ignore line: [/usr/bin/cc    -Wl,-search_paths_first -Wl,-headerpad_max_install_names -v -Wl,-v CMakeFiles/cmTryCompileExec3164563491.dir/CMakeCCompilerABI.c.o  -o cmTryCompileExec3164563491   ]
  ignore line: [Apple LLVM version 6.1.0 (clang-602.0.49) (based on LLVM 3.6.0svn)]
  ignore line: [Target: x86_64-apple-darwin14.1.0]
  ignore line: [Thread model: posix]
  link line: [ "/Applications/Xcode.app/Contents/Developer/Toolchains/XcodeDefault.xctoolchain/usr/bin/ld" -demangle -dynamic -arch x86_64 -macosx_version_min 10.10.0 -o cmTryCompileExec3164563491 -search_paths_first -headerpad_max_install_names -v CMakeFiles/cmTryCompileExec3164563491.dir/CMakeCCompilerABI.c.o -lSystem /Applications/Xcode.app/Contents/Developer/Toolchains/XcodeDefault.xctoolchain/usr/bin/../lib/clang/6.1.0/lib/darwin/libclang_rt.osx.a]
    arg [/Applications/Xcode.app/Contents/Developer/Toolchains/XcodeDefault.xctoolchain/usr/bin/ld] ==> ignore
    arg [-demangle] ==> ignore
    arg [-dynamic] ==> ignore
    arg [-arch] ==> ignore
    arg [x86_64] ==> ignore
    arg [-macosx_version_min] ==> ignore
    arg [10.10.0] ==> ignore
    arg [-o] ==> ignore
    arg [cmTryCompileExec3164563491] ==> ignore
    arg [-search_paths_first] ==> ignore
    arg [-headerpad_max_install_names] ==> ignore
    arg [-v] ==> ignore
    arg [CMakeFiles/cmTryCompileExec3164563491.dir/CMakeCCompilerABI.c.o] ==> ignore
    arg [-lSystem] ==> lib [System]
    arg [/Applications/Xcode.app/Contents/Developer/Toolchains/XcodeDefault.xctoolchain/usr/bin/../lib/clang/6.1.0/lib/darwin/libclang_rt.osx.a] ==> lib [/Applications/Xcode.app/Contents/Developer/Toolchains/XcodeDefault.xctoolchain/usr/bin/../lib/clang/6.1.0/lib/darwin/libclang_rt.osx.a]
  Library search paths: [;/usr/lib;/usr/local/lib]
  Framework search paths: [;/Library/Frameworks/;/System/Library/Frameworks/]
  remove lib [System]
  collapse lib [/Applications/Xcode.app/Contents/Developer/Toolchains/XcodeDefault.xctoolchain/usr/bin/../lib/clang/6.1.0/lib/darwin/libclang_rt.osx.a] ==> [/Applications/Xcode.app/Contents/Developer/Toolchains/XcodeDefault.xctoolchain/usr/lib/clang/6.1.0/lib/darwin/libclang_rt.osx.a]
  collapse library dir [/usr/lib] ==> [/usr/lib]
  collapse library dir [/usr/local/lib] ==> [/usr/local/lib]
  collapse framework dir [/Library/Frameworks/] ==> [/Library/Frameworks]
  collapse framework dir [/System/Library/Frameworks/] ==> [/System/Library/Frameworks]
  implicit libs: [/Applications/Xcode.app/Contents/Developer/Toolchains/XcodeDefault.xctoolchain/usr/lib/clang/6.1.0/lib/darwin/libclang_rt.osx.a]
  implicit dirs: [/usr/lib;/usr/local/lib]
  implicit fwks: [/Library/Frameworks;/System/Library/Frameworks]


Determining if the CXX compiler works passed with the following output:
Change Dir: /Users/David/Desktop/ProyectosC++/TFG/build_mac/CMakeFiles/CMakeTmp

Run Build Command:/opt/local/bin/gmake "cmTryCompileExec1362035498/fast"
/opt/local/bin/gmake -f CMakeFiles/cmTryCompileExec1362035498.dir/build.make CMakeFiles/cmTryCompileExec1362035498.dir/build
gmake[1]: se entra en el directorio '/Users/David/Desktop/ProyectosC++/TFG/build_mac/CMakeFiles/CMakeTmp'
/opt/local/bin/cmake -E cmake_progress_report /Users/David/Desktop/ProyectosC++/TFG/build_mac/CMakeFiles/CMakeTmp/CMakeFiles 1
Building CXX object CMakeFiles/cmTryCompileExec1362035498.dir/testCXXCompiler.cxx.o
/usr/bin/c++     -o CMakeFiles/cmTryCompileExec1362035498.dir/testCXXCompiler.cxx.o -c /Users/David/Desktop/ProyectosC++/TFG/build_mac/CMakeFiles/CMakeTmp/testCXXCompiler.cxx
Linking CXX executable cmTryCompileExec1362035498
/opt/local/bin/cmake -E cmake_link_script CMakeFiles/cmTryCompileExec1362035498.dir/link.txt --verbose=1
/usr/bin/c++     -Wl,-search_paths_first -Wl,-headerpad_max_install_names   CMakeFiles/cmTryCompileExec1362035498.dir/testCXXCompiler.cxx.o  -o cmTryCompileExec1362035498  
gmake[1]: se sale del directorio '/Users/David/Desktop/ProyectosC++/TFG/build_mac/CMakeFiles/CMakeTmp'


Detecting CXX compiler ABI info compiled with the following output:
Change Dir: /Users/David/Desktop/ProyectosC++/TFG/build_mac/CMakeFiles/CMakeTmp

Run Build Command:/opt/local/bin/gmake "cmTryCompileExec720394687/fast"
/opt/local/bin/gmake -f CMakeFiles/cmTryCompileExec720394687.dir/build.make CMakeFiles/cmTryCompileExec720394687.dir/build
gmake[1]: se entra en el directorio '/Users/David/Desktop/ProyectosC++/TFG/build_mac/CMakeFiles/CMakeTmp'
/opt/local/bin/cmake -E cmake_progress_report /Users/David/Desktop/ProyectosC++/TFG/build_mac/CMakeFiles/CMakeTmp/CMakeFiles 1
Building CXX object CMakeFiles/cmTryCompileExec720394687.dir/CMakeCXXCompilerABI.cpp.o
/usr/bin/c++     -o CMakeFiles/cmTryCompileExec720394687.dir/CMakeCXXCompilerABI.cpp.o -c /opt/local/share/cmake-2.8/Modules/CMakeCXXCompilerABI.cpp
Linking CXX executable cmTryCompileExec720394687
/opt/local/bin/cmake -E cmake_link_script CMakeFiles/cmTryCompileExec720394687.dir/link.txt --verbose=1
/usr/bin/c++     -Wl,-search_paths_first -Wl,-headerpad_max_install_names -v -Wl,-v CMakeFiles/cmTryCompileExec720394687.dir/CMakeCXXCompilerABI.cpp.o  -o cmTryCompileExec720394687   
Apple LLVM version 6.1.0 (clang-602.0.49) (based on LLVM 3.6.0svn)
Target: x86_64-apple-darwin14.1.0
Thread model: posix
 "/Applications/Xcode.app/Contents/Developer/Toolchains/XcodeDefault.xctoolchain/usr/bin/ld" -demangle -dynamic -arch x86_64 -macosx_version_min 10.10.0 -o cmTryCompileExec720394687 -search_paths_first -headerpad_max_install_names -v CMakeFiles/cmTryCompileExec720394687.dir/CMakeCXXCompilerABI.cpp.o -lc++ -lSystem /Applications/Xcode.app/Contents/Developer/Toolchains/XcodeDefault.xctoolchain/usr/bin/../lib/clang/6.1.0/lib/darwin/libclang_rt.osx.a
@(#)PROGRAM:ld  PROJECT:ld64-242
configured to support archs: armv6 armv7 armv7s arm64 i386 x86_64 x86_64h armv6m armv7m armv7em
Library search paths:
	/usr/lib
	/usr/local/lib
Framework search paths:
	/Library/Frameworks/
	/System/Library/Frameworks/
gmake[1]: se sale del directorio '/Users/David/Desktop/ProyectosC++/TFG/build_mac/CMakeFiles/CMakeTmp'


Parsed CXX implicit link information from above output:
  link line regex: [^( *|.*[/\])(ld|([^/\]+-)?ld|collect2)[^/\]*( |$)]
  ignore line: [Change Dir: /Users/David/Desktop/ProyectosC++/TFG/build_mac/CMakeFiles/CMakeTmp]
  ignore line: []
  ignore line: [Run Build Command:/opt/local/bin/gmake "cmTryCompileExec720394687/fast"]
  ignore line: [/opt/local/bin/gmake -f CMakeFiles/cmTryCompileExec720394687.dir/build.make CMakeFiles/cmTryCompileExec720394687.dir/build]
  ignore line: [gmake[1]: se entra en el directorio '/Users/David/Desktop/ProyectosC++/TFG/build_mac/CMakeFiles/CMakeTmp']
  ignore line: [/opt/local/bin/cmake -E cmake_progress_report /Users/David/Desktop/ProyectosC++/TFG/build_mac/CMakeFiles/CMakeTmp/CMakeFiles 1]
  ignore line: [Building CXX object CMakeFiles/cmTryCompileExec720394687.dir/CMakeCXXCompilerABI.cpp.o]
  ignore line: [/usr/bin/c++     -o CMakeFiles/cmTryCompileExec720394687.dir/CMakeCXXCompilerABI.cpp.o -c /opt/local/share/cmake-2.8/Modules/CMakeCXXCompilerABI.cpp]
  ignore line: [Linking CXX executable cmTryCompileExec720394687]
  ignore line: [/opt/local/bin/cmake -E cmake_link_script CMakeFiles/cmTryCompileExec720394687.dir/link.txt --verbose=1]
  ignore line: [/usr/bin/c++     -Wl,-search_paths_first -Wl,-headerpad_max_install_names -v -Wl,-v CMakeFiles/cmTryCompileExec720394687.dir/CMakeCXXCompilerABI.cpp.o  -o cmTryCompileExec720394687   ]
  ignore line: [Apple LLVM version 6.1.0 (clang-602.0.49) (based on LLVM 3.6.0svn)]
  ignore line: [Target: x86_64-apple-darwin14.1.0]
  ignore line: [Thread model: posix]
  link line: [ "/Applications/Xcode.app/Contents/Developer/Toolchains/XcodeDefault.xctoolchain/usr/bin/ld" -demangle -dynamic -arch x86_64 -macosx_version_min 10.10.0 -o cmTryCompileExec720394687 -search_paths_first -headerpad_max_install_names -v CMakeFiles/cmTryCompileExec720394687.dir/CMakeCXXCompilerABI.cpp.o -lc++ -lSystem /Applications/Xcode.app/Contents/Developer/Toolchains/XcodeDefault.xctoolchain/usr/bin/../lib/clang/6.1.0/lib/darwin/libclang_rt.osx.a]
    arg [/Applications/Xcode.app/Contents/Developer/Toolchains/XcodeDefault.xctoolchain/usr/bin/ld] ==> ignore
    arg [-demangle] ==> ignore
    arg [-dynamic] ==> ignore
    arg [-arch] ==> ignore
    arg [x86_64] ==> ignore
    arg [-macosx_version_min] ==> ignore
    arg [10.10.0] ==> ignore
    arg [-o] ==> ignore
    arg [cmTryCompileExec720394687] ==> ignore
    arg [-search_paths_first] ==> ignore
    arg [-headerpad_max_install_names] ==> ignore
    arg [-v] ==> ignore
    arg [CMakeFiles/cmTryCompileExec720394687.dir/CMakeCXXCompilerABI.cpp.o] ==> ignore
    arg [-lc++] ==> lib [c++]
    arg [-lSystem] ==> lib [System]
    arg [/Applications/Xcode.app/Contents/Developer/Toolchains/XcodeDefault.xctoolchain/usr/bin/../lib/clang/6.1.0/lib/darwin/libclang_rt.osx.a] ==> lib [/Applications/Xcode.app/Contents/Developer/Toolchains/XcodeDefault.xctoolchain/usr/bin/../lib/clang/6.1.0/lib/darwin/libclang_rt.osx.a]
  Library search paths: [;/usr/lib;/usr/local/lib]
  Framework search paths: [;/Library/Frameworks/;/System/Library/Frameworks/]
  remove lib [System]
  collapse lib [/Applications/Xcode.app/Contents/Developer/Toolchains/XcodeDefault.xctoolchain/usr/bin/../lib/clang/6.1.0/lib/darwin/libclang_rt.osx.a] ==> [/Applications/Xcode.app/Contents/Developer/Toolchains/XcodeDefault.xctoolchain/usr/lib/clang/6.1.0/lib/darwin/libclang_rt.osx.a]
  collapse library dir [/usr/lib] ==> [/usr/lib]
  collapse library dir [/usr/local/lib] ==> [/usr/local/lib]
  collapse framework dir [/Library/Frameworks/] ==> [/Library/Frameworks]
  collapse framework dir [/System/Library/Frameworks/] ==> [/System/Library/Frameworks]
  implicit libs: [c++;/Applications/Xcode.app/Contents/Developer/Toolchains/XcodeDefault.xctoolchain/usr/lib/clang/6.1.0/lib/darwin/libclang_rt.osx.a]
  implicit dirs: [/usr/lib;/usr/local/lib]
  implicit fwks: [/Library/Frameworks;/System/Library/Frameworks]


Determining if the function XOpenDisplay exists in the /opt/local/lib/libX11.dylib;/opt/local/lib/libXext.dylib passed with the following output:
Change Dir: /Users/David/Desktop/ProyectosC++/TFG/build_mac/CMakeFiles/CMakeTmp

Run Build Command:/opt/local/bin/gmake "cmTryCompileExec3865528431/fast"
/opt/local/bin/gmake -f CMakeFiles/cmTryCompileExec3865528431.dir/build.make CMakeFiles/cmTryCompileExec3865528431.dir/build
gmake[1]: se entra en el directorio '/Users/David/Desktop/ProyectosC++/TFG/build_mac/CMakeFiles/CMakeTmp'
/opt/local/bin/cmake -E cmake_progress_report /Users/David/Desktop/ProyectosC++/TFG/build_mac/CMakeFiles/CMakeTmp/CMakeFiles 1
Building C object CMakeFiles/cmTryCompileExec3865528431.dir/CheckFunctionExists.c.o
/usr/bin/cc   -DCHECK_FUNCTION_EXISTS=XOpenDisplay   -o CMakeFiles/cmTryCompileExec3865528431.dir/CheckFunctionExists.c.o   -c /opt/local/share/cmake-2.8/Modules/CheckFunctionExists.c
Linking C executable cmTryCompileExec3865528431
/opt/local/bin/cmake -E cmake_link_script CMakeFiles/cmTryCompileExec3865528431.dir/link.txt --verbose=1
/usr/bin/cc   -DCHECK_FUNCTION_EXISTS=XOpenDisplay -Wl,-search_paths_first -Wl,-headerpad_max_install_names   CMakeFiles/cmTryCompileExec3865528431.dir/CheckFunctionExists.c.o  -o cmTryCompileExec3865528431  -L/opt/local/lib  /opt/local/lib/libX11.dylib /opt/local/lib/libXext.dylib -Wl,-rpath,/opt/local/lib 
gmake[1]: se sale del directorio '/Users/David/Desktop/ProyectosC++/TFG/build_mac/CMakeFiles/CMakeTmp'


Determining if the function gethostbyname exists passed with the following output:
Change Dir: /Users/David/Desktop/ProyectosC++/TFG/build_mac/CMakeFiles/CMakeTmp

Run Build Command:/opt/local/bin/gmake "cmTryCompileExec3721718266/fast"
/opt/local/bin/gmake -f CMakeFiles/cmTryCompileExec3721718266.dir/build.make CMakeFiles/cmTryCompileExec3721718266.dir/build
gmake[1]: se entra en el directorio '/Users/David/Desktop/ProyectosC++/TFG/build_mac/CMakeFiles/CMakeTmp'
/opt/local/bin/cmake -E cmake_progress_report /Users/David/Desktop/ProyectosC++/TFG/build_mac/CMakeFiles/CMakeTmp/CMakeFiles 1
Building C object CMakeFiles/cmTryCompileExec3721718266.dir/CheckFunctionExists.c.o
/usr/bin/cc   -DCHECK_FUNCTION_EXISTS=gethostbyname   -o CMakeFiles/cmTryCompileExec3721718266.dir/CheckFunctionExists.c.o   -c /opt/local/share/cmake-2.8/Modules/CheckFunctionExists.c
Linking C executable cmTryCompileExec3721718266
/opt/local/bin/cmake -E cmake_link_script CMakeFiles/cmTryCompileExec3721718266.dir/link.txt --verbose=1
/usr/bin/cc   -DCHECK_FUNCTION_EXISTS=gethostbyname -Wl,-search_paths_first -Wl,-headerpad_max_install_names   CMakeFiles/cmTryCompileExec3721718266.dir/CheckFunctionExists.c.o  -o cmTryCompileExec3721718266  
gmake[1]: se sale del directorio '/Users/David/Desktop/ProyectosC++/TFG/build_mac/CMakeFiles/CMakeTmp'


Determining if the function connect exists passed with the following output:
Change Dir: /Users/David/Desktop/ProyectosC++/TFG/build_mac/CMakeFiles/CMakeTmp

Run Build Command:/opt/local/bin/gmake "cmTryCompileExec2406039907/fast"
/opt/local/bin/gmake -f CMakeFiles/cmTryCompileExec2406039907.dir/build.make CMakeFiles/cmTryCompileExec2406039907.dir/build
gmake[1]: se entra en el directorio '/Users/David/Desktop/ProyectosC++/TFG/build_mac/CMakeFiles/CMakeTmp'
/opt/local/bin/cmake -E cmake_progress_report /Users/David/Desktop/ProyectosC++/TFG/build_mac/CMakeFiles/CMakeTmp/CMakeFiles 1
Building C object CMakeFiles/cmTryCompileExec2406039907.dir/CheckFunctionExists.c.o
/usr/bin/cc   -DCHECK_FUNCTION_EXISTS=connect   -o CMakeFiles/cmTryCompileExec2406039907.dir/CheckFunctionExists.c.o   -c /opt/local/share/cmake-2.8/Modules/CheckFunctionExists.c
Linking C executable cmTryCompileExec2406039907
/opt/local/bin/cmake -E cmake_link_script CMakeFiles/cmTryCompileExec2406039907.dir/link.txt --verbose=1
/usr/bin/cc   -DCHECK_FUNCTION_EXISTS=connect -Wl,-search_paths_first -Wl,-headerpad_max_install_names   CMakeFiles/cmTryCompileExec2406039907.dir/CheckFunctionExists.c.o  -o cmTryCompileExec2406039907  
gmake[1]: se sale del directorio '/Users/David/Desktop/ProyectosC++/TFG/build_mac/CMakeFiles/CMakeTmp'


Determining if the function remove exists passed with the following output:
Change Dir: /Users/David/Desktop/ProyectosC++/TFG/build_mac/CMakeFiles/CMakeTmp

Run Build Command:/opt/local/bin/gmake "cmTryCompileExec4031788313/fast"
/opt/local/bin/gmake -f CMakeFiles/cmTryCompileExec4031788313.dir/build.make CMakeFiles/cmTryCompileExec4031788313.dir/build
gmake[1]: se entra en el directorio '/Users/David/Desktop/ProyectosC++/TFG/build_mac/CMakeFiles/CMakeTmp'
/opt/local/bin/cmake -E cmake_progress_report /Users/David/Desktop/ProyectosC++/TFG/build_mac/CMakeFiles/CMakeTmp/CMakeFiles 1
Building C object CMakeFiles/cmTryCompileExec4031788313.dir/CheckFunctionExists.c.o
/usr/bin/cc   -DCHECK_FUNCTION_EXISTS=remove   -o CMakeFiles/cmTryCompileExec4031788313.dir/CheckFunctionExists.c.o   -c /opt/local/share/cmake-2.8/Modules/CheckFunctionExists.c
Linking C executable cmTryCompileExec4031788313
/opt/local/bin/cmake -E cmake_link_script CMakeFiles/cmTryCompileExec4031788313.dir/link.txt --verbose=1
/usr/bin/cc   -DCHECK_FUNCTION_EXISTS=remove -Wl,-search_paths_first -Wl,-headerpad_max_install_names   CMakeFiles/cmTryCompileExec4031788313.dir/CheckFunctionExists.c.o  -o cmTryCompileExec4031788313  
gmake[1]: se sale del directorio '/Users/David/Desktop/ProyectosC++/TFG/build_mac/CMakeFiles/CMakeTmp'


Determining if the function shmat exists passed with the following output:
Change Dir: /Users/David/Desktop/ProyectosC++/TFG/build_mac/CMakeFiles/CMakeTmp

Run Build Command:/opt/local/bin/gmake "cmTryCompileExec2447512282/fast"
/opt/local/bin/gmake -f CMakeFiles/cmTryCompileExec2447512282.dir/build.make CMakeFiles/cmTryCompileExec2447512282.dir/build
gmake[1]: se entra en el directorio '/Users/David/Desktop/ProyectosC++/TFG/build_mac/CMakeFiles/CMakeTmp'
/opt/local/bin/cmake -E cmake_progress_report /Users/David/Desktop/ProyectosC++/TFG/build_mac/CMakeFiles/CMakeTmp/CMakeFiles 1
Building C object CMakeFiles/cmTryCompileExec2447512282.dir/CheckFunctionExists.c.o
/usr/bin/cc   -DCHECK_FUNCTION_EXISTS=shmat   -o CMakeFiles/cmTryCompileExec2447512282.dir/CheckFunctionExists.c.o   -c /opt/local/share/cmake-2.8/Modules/CheckFunctionExists.c
Linking C executable cmTryCompileExec2447512282
/opt/local/bin/cmake -E cmake_link_script CMakeFiles/cmTryCompileExec2447512282.dir/link.txt --verbose=1
/usr/bin/cc   -DCHECK_FUNCTION_EXISTS=shmat -Wl,-search_paths_first -Wl,-headerpad_max_install_names   CMakeFiles/cmTryCompileExec2447512282.dir/CheckFunctionExists.c.o  -o cmTryCompileExec2447512282  
gmake[1]: se sale del directorio '/Users/David/Desktop/ProyectosC++/TFG/build_mac/CMakeFiles/CMakeTmp'


Determining if the function IceConnectionNumber exists in the ICE passed with the following output:
Change Dir: /Users/David/Desktop/ProyectosC++/TFG/build_mac/CMakeFiles/CMakeTmp

Run Build Command:/opt/local/bin/gmake "cmTryCompileExec2462645903/fast"
/opt/local/bin/gmake -f CMakeFiles/cmTryCompileExec2462645903.dir/build.make CMakeFiles/cmTryCompileExec2462645903.dir/build
gmake[1]: se entra en el directorio '/Users/David/Desktop/ProyectosC++/TFG/build_mac/CMakeFiles/CMakeTmp'
/opt/local/bin/cmake -E cmake_progress_report /Users/David/Desktop/ProyectosC++/TFG/build_mac/CMakeFiles/CMakeTmp/CMakeFiles 1
Building C object CMakeFiles/cmTryCompileExec2462645903.dir/CheckFunctionExists.c.o
/usr/bin/cc   -DCHECK_FUNCTION_EXISTS=IceConnectionNumber   -o CMakeFiles/cmTryCompileExec2462645903.dir/CheckFunctionExists.c.o   -c /opt/local/share/cmake-2.8/Modules/CheckFunctionExists.c
Linking C executable cmTryCompileExec2462645903
/opt/local/bin/cmake -E cmake_link_script CMakeFiles/cmTryCompileExec2462645903.dir/link.txt --verbose=1
/usr/bin/cc   -DCHECK_FUNCTION_EXISTS=IceConnectionNumber -Wl,-search_paths_first -Wl,-headerpad_max_install_names   CMakeFiles/cmTryCompileExec2462645903.dir/CheckFunctionExists.c.o  -o cmTryCompileExec2462645903  -L/opt/local/lib  -lICE -Wl,-rpath,/opt/local/lib 
gmake[1]: se sale del directorio '/Users/David/Desktop/ProyectosC++/TFG/build_mac/CMakeFiles/CMakeTmp'


Determining if files pthread.h exist passed with the following output:
Change Dir: /Users/David/Desktop/ProyectosC++/TFG/build_mac/CMakeFiles/CMakeTmp

Run Build Command:/opt/local/bin/gmake "cmTryCompileExec3259196346/fast"
/opt/local/bin/gmake -f CMakeFiles/cmTryCompileExec3259196346.dir/build.make CMakeFiles/cmTryCompileExec3259196346.dir/build
gmake[1]: se entra en el directorio '/Users/David/Desktop/ProyectosC++/TFG/build_mac/CMakeFiles/CMakeTmp'
/opt/local/bin/cmake -E cmake_progress_report /Users/David/Desktop/ProyectosC++/TFG/build_mac/CMakeFiles/CMakeTmp/CMakeFiles 1
Building C object CMakeFiles/cmTryCompileExec3259196346.dir/CheckIncludeFiles.c.o
/usr/bin/cc    -o CMakeFiles/cmTryCompileExec3259196346.dir/CheckIncludeFiles.c.o   -c /Users/David/Desktop/ProyectosC++/TFG/build_mac/CMakeFiles/CMakeTmp/CheckIncludeFiles.c
Linking C executable cmTryCompileExec3259196346
/opt/local/bin/cmake -E cmake_link_script CMakeFiles/cmTryCompileExec3259196346.dir/link.txt --verbose=1
/usr/bin/cc    -Wl,-search_paths_first -Wl,-headerpad_max_install_names   CMakeFiles/cmTryCompileExec3259196346.dir/CheckIncludeFiles.c.o  -o cmTryCompileExec3259196346  
gmake[1]: se sale del directorio '/Users/David/Desktop/ProyectosC++/TFG/build_mac/CMakeFiles/CMakeTmp'


Determining if the pthread_create exist passed with the following output:
Change Dir: /Users/David/Desktop/ProyectosC++/TFG/build_mac/CMakeFiles/CMakeTmp

Run Build Command:/opt/local/bin/gmake "cmTryCompileExec2802066510/fast"
/opt/local/bin/gmake -f CMakeFiles/cmTryCompileExec2802066510.dir/build.make CMakeFiles/cmTryCompileExec2802066510.dir/build
gmake[1]: se entra en el directorio '/Users/David/Desktop/ProyectosC++/TFG/build_mac/CMakeFiles/CMakeTmp'
/opt/local/bin/cmake -E cmake_progress_report /Users/David/Desktop/ProyectosC++/TFG/build_mac/CMakeFiles/CMakeTmp/CMakeFiles 1
Building C object CMakeFiles/cmTryCompileExec2802066510.dir/CheckSymbolExists.c.o
/usr/bin/cc    -o CMakeFiles/cmTryCompileExec2802066510.dir/CheckSymbolExists.c.o   -c /Users/David/Desktop/ProyectosC++/TFG/build_mac/CMakeFiles/CMakeTmp/CheckSymbolExists.c
Linking C executable cmTryCompileExec2802066510
/opt/local/bin/cmake -E cmake_link_script CMakeFiles/cmTryCompileExec2802066510.dir/link.txt --verbose=1
/usr/bin/cc    -Wl,-search_paths_first -Wl,-headerpad_max_install_names   CMakeFiles/cmTryCompileExec2802066510.dir/CheckSymbolExists.c.o  -o cmTryCompileExec2802066510  
gmake[1]: se sale del directorio '/Users/David/Desktop/ProyectosC++/TFG/build_mac/CMakeFiles/CMakeTmp'

File /Users/David/Desktop/ProyectosC++/TFG/build_mac/CMakeFiles/CMakeTmp/CheckSymbolExists.c:
/* */
#include <pthread.h>

int main(int argc, char** argv)
{
  (void)argv;
#ifndef pthread_create
  return ((int*)(&pthread_create))[argc];
#else
  (void)argc;
  return 0;
#endif
}

