The system is: Darwin - 14.1.0 - i386
Compiling the C compiler identification source file "CMakeCCompilerId.c" succeeded.
Compiler: /usr/bin/cc 
Build flags: 
Id flags: 

The output was:
0


Compilation of the C compiler identification source "CMakeCCompilerId.c" produced "a.out"

The C compiler identification is Clang, found in "/Users/David/Desktop/ProyectosC++/TFG/build/CMakeFiles/2.8.12.2/CompilerIdC/a.out"

Compiling the CXX compiler identification source file "CMakeCXXCompilerId.cpp" succeeded.
Compiler: /usr/bin/c++ 
Build flags: 
Id flags: 

The output was:
0


Compilation of the CXX compiler identification source "CMakeCXXCompilerId.cpp" produced "a.out"

The CXX compiler identification is Clang, found in "/Users/David/Desktop/ProyectosC++/TFG/build/CMakeFiles/2.8.12.2/CompilerIdCXX/a.out"

Determining if the C compiler works passed with the following output:
Change Dir: /Users/David/Desktop/ProyectosC++/TFG/build/CMakeFiles/CMakeTmp

Run Build Command:/usr/bin/make "cmTryCompileExec140389807/fast"
/Applications/Xcode.app/Contents/Developer/usr/bin/make -f CMakeFiles/cmTryCompileExec140389807.dir/build.make CMakeFiles/cmTryCompileExec140389807.dir/build
/opt/local/bin/cmake -E cmake_progress_report /Users/David/Desktop/ProyectosC++/TFG/build/CMakeFiles/CMakeTmp/CMakeFiles 1
Building C object CMakeFiles/cmTryCompileExec140389807.dir/testCCompiler.c.o
/usr/bin/cc    -o CMakeFiles/cmTryCompileExec140389807.dir/testCCompiler.c.o   -c /Users/David/Desktop/ProyectosC++/TFG/build/CMakeFiles/CMakeTmp/testCCompiler.c
Linking C executable cmTryCompileExec140389807
/opt/local/bin/cmake -E cmake_link_script CMakeFiles/cmTryCompileExec140389807.dir/link.txt --verbose=1
/usr/bin/cc    -Wl,-search_paths_first -Wl,-headerpad_max_install_names   CMakeFiles/cmTryCompileExec140389807.dir/testCCompiler.c.o  -o cmTryCompileExec140389807  


Detecting C compiler ABI info compiled with the following output:
Change Dir: /Users/David/Desktop/ProyectosC++/TFG/build/CMakeFiles/CMakeTmp

Run Build Command:/usr/bin/make "cmTryCompileExec1100462640/fast"
/Applications/Xcode.app/Contents/Developer/usr/bin/make -f CMakeFiles/cmTryCompileExec1100462640.dir/build.make CMakeFiles/cmTryCompileExec1100462640.dir/build
/opt/local/bin/cmake -E cmake_progress_report /Users/David/Desktop/ProyectosC++/TFG/build/CMakeFiles/CMakeTmp/CMakeFiles 1
Building C object CMakeFiles/cmTryCompileExec1100462640.dir/CMakeCCompilerABI.c.o
/usr/bin/cc    -o CMakeFiles/cmTryCompileExec1100462640.dir/CMakeCCompilerABI.c.o   -c /opt/local/share/cmake-2.8/Modules/CMakeCCompilerABI.c
Linking C executable cmTryCompileExec1100462640
/opt/local/bin/cmake -E cmake_link_script CMakeFiles/cmTryCompileExec1100462640.dir/link.txt --verbose=1
/usr/bin/cc    -Wl,-search_paths_first -Wl,-headerpad_max_install_names -v -Wl,-v CMakeFiles/cmTryCompileExec1100462640.dir/CMakeCCompilerABI.c.o  -o cmTryCompileExec1100462640   
Apple LLVM version 6.0 (clang-600.0.56) (based on LLVM 3.5svn)
Target: x86_64-apple-darwin14.1.0
Thread model: posix
 "/Applications/Xcode.app/Contents/Developer/Toolchains/XcodeDefault.xctoolchain/usr/bin/ld" -demangle -dynamic -arch x86_64 -macosx_version_min 10.10.0 -o cmTryCompileExec1100462640 -search_paths_first -headerpad_max_install_names -v CMakeFiles/cmTryCompileExec1100462640.dir/CMakeCCompilerABI.c.o -lSystem /Applications/Xcode.app/Contents/Developer/Toolchains/XcodeDefault.xctoolchain/usr/bin/../lib/clang/6.0/lib/darwin/libclang_rt.osx.a
@(#)PROGRAM:ld  PROJECT:ld64-241.9
configured to support archs: armv6 armv7 armv7s arm64 i386 x86_64 x86_64h armv6m armv7m armv7em
Library search paths:
	/usr/lib
	/usr/local/lib
Framework search paths:
	/Library/Frameworks/
	/System/Library/Frameworks/


Parsed C implicit link information from above output:
  link line regex: [^( *|.*[/\])(ld|([^/\]+-)?ld|collect2)[^/\]*( |$)]
  ignore line: [Change Dir: /Users/David/Desktop/ProyectosC++/TFG/build/CMakeFiles/CMakeTmp]
  ignore line: []
  ignore line: [Run Build Command:/usr/bin/make "cmTryCompileExec1100462640/fast"]
  ignore line: [/Applications/Xcode.app/Contents/Developer/usr/bin/make -f CMakeFiles/cmTryCompileExec1100462640.dir/build.make CMakeFiles/cmTryCompileExec1100462640.dir/build]
  ignore line: [/opt/local/bin/cmake -E cmake_progress_report /Users/David/Desktop/ProyectosC++/TFG/build/CMakeFiles/CMakeTmp/CMakeFiles 1]
  ignore line: [Building C object CMakeFiles/cmTryCompileExec1100462640.dir/CMakeCCompilerABI.c.o]
  ignore line: [/usr/bin/cc    -o CMakeFiles/cmTryCompileExec1100462640.dir/CMakeCCompilerABI.c.o   -c /opt/local/share/cmake-2.8/Modules/CMakeCCompilerABI.c]
  ignore line: [Linking C executable cmTryCompileExec1100462640]
  ignore line: [/opt/local/bin/cmake -E cmake_link_script CMakeFiles/cmTryCompileExec1100462640.dir/link.txt --verbose=1]
  ignore line: [/usr/bin/cc    -Wl,-search_paths_first -Wl,-headerpad_max_install_names -v -Wl,-v CMakeFiles/cmTryCompileExec1100462640.dir/CMakeCCompilerABI.c.o  -o cmTryCompileExec1100462640   ]
  ignore line: [Apple LLVM version 6.0 (clang-600.0.56) (based on LLVM 3.5svn)]
  ignore line: [Target: x86_64-apple-darwin14.1.0]
  ignore line: [Thread model: posix]
  link line: [ "/Applications/Xcode.app/Contents/Developer/Toolchains/XcodeDefault.xctoolchain/usr/bin/ld" -demangle -dynamic -arch x86_64 -macosx_version_min 10.10.0 -o cmTryCompileExec1100462640 -search_paths_first -headerpad_max_install_names -v CMakeFiles/cmTryCompileExec1100462640.dir/CMakeCCompilerABI.c.o -lSystem /Applications/Xcode.app/Contents/Developer/Toolchains/XcodeDefault.xctoolchain/usr/bin/../lib/clang/6.0/lib/darwin/libclang_rt.osx.a]
    arg [/Applications/Xcode.app/Contents/Developer/Toolchains/XcodeDefault.xctoolchain/usr/bin/ld] ==> ignore
    arg [-demangle] ==> ignore
    arg [-dynamic] ==> ignore
    arg [-arch] ==> ignore
    arg [x86_64] ==> ignore
    arg [-macosx_version_min] ==> ignore
    arg [10.10.0] ==> ignore
    arg [-o] ==> ignore
    arg [cmTryCompileExec1100462640] ==> ignore
    arg [-search_paths_first] ==> ignore
    arg [-headerpad_max_install_names] ==> ignore
    arg [-v] ==> ignore
    arg [CMakeFiles/cmTryCompileExec1100462640.dir/CMakeCCompilerABI.c.o] ==> ignore
    arg [-lSystem] ==> lib [System]
    arg [/Applications/Xcode.app/Contents/Developer/Toolchains/XcodeDefault.xctoolchain/usr/bin/../lib/clang/6.0/lib/darwin/libclang_rt.osx.a] ==> lib [/Applications/Xcode.app/Contents/Developer/Toolchains/XcodeDefault.xctoolchain/usr/bin/../lib/clang/6.0/lib/darwin/libclang_rt.osx.a]
  Library search paths: [;/usr/lib;/usr/local/lib]
  Framework search paths: [;/Library/Frameworks/;/System/Library/Frameworks/]
  remove lib [System]
  collapse lib [/Applications/Xcode.app/Contents/Developer/Toolchains/XcodeDefault.xctoolchain/usr/bin/../lib/clang/6.0/lib/darwin/libclang_rt.osx.a] ==> [/Applications/Xcode.app/Contents/Developer/Toolchains/XcodeDefault.xctoolchain/usr/lib/clang/6.0/lib/darwin/libclang_rt.osx.a]
  collapse library dir [/usr/lib] ==> [/usr/lib]
  collapse library dir [/usr/local/lib] ==> [/usr/local/lib]
  collapse framework dir [/Library/Frameworks/] ==> [/Library/Frameworks]
  collapse framework dir [/System/Library/Frameworks/] ==> [/System/Library/Frameworks]
  implicit libs: [/Applications/Xcode.app/Contents/Developer/Toolchains/XcodeDefault.xctoolchain/usr/lib/clang/6.0/lib/darwin/libclang_rt.osx.a]
  implicit dirs: [/usr/lib;/usr/local/lib]
  implicit fwks: [/Library/Frameworks;/System/Library/Frameworks]


Determining if the CXX compiler works passed with the following output:
Change Dir: /Users/David/Desktop/ProyectosC++/TFG/build/CMakeFiles/CMakeTmp

Run Build Command:/usr/bin/make "cmTryCompileExec1343817774/fast"
/Applications/Xcode.app/Contents/Developer/usr/bin/make -f CMakeFiles/cmTryCompileExec1343817774.dir/build.make CMakeFiles/cmTryCompileExec1343817774.dir/build
/opt/local/bin/cmake -E cmake_progress_report /Users/David/Desktop/ProyectosC++/TFG/build/CMakeFiles/CMakeTmp/CMakeFiles 1
Building CXX object CMakeFiles/cmTryCompileExec1343817774.dir/testCXXCompiler.cxx.o
/usr/bin/c++     -o CMakeFiles/cmTryCompileExec1343817774.dir/testCXXCompiler.cxx.o -c /Users/David/Desktop/ProyectosC++/TFG/build/CMakeFiles/CMakeTmp/testCXXCompiler.cxx
Linking CXX executable cmTryCompileExec1343817774
/opt/local/bin/cmake -E cmake_link_script CMakeFiles/cmTryCompileExec1343817774.dir/link.txt --verbose=1
/usr/bin/c++     -Wl,-search_paths_first -Wl,-headerpad_max_install_names   CMakeFiles/cmTryCompileExec1343817774.dir/testCXXCompiler.cxx.o  -o cmTryCompileExec1343817774  


Detecting CXX compiler ABI info compiled with the following output:
Change Dir: /Users/David/Desktop/ProyectosC++/TFG/build/CMakeFiles/CMakeTmp

Run Build Command:/usr/bin/make "cmTryCompileExec2307430182/fast"
/Applications/Xcode.app/Contents/Developer/usr/bin/make -f CMakeFiles/cmTryCompileExec2307430182.dir/build.make CMakeFiles/cmTryCompileExec2307430182.dir/build
/opt/local/bin/cmake -E cmake_progress_report /Users/David/Desktop/ProyectosC++/TFG/build/CMakeFiles/CMakeTmp/CMakeFiles 1
Building CXX object CMakeFiles/cmTryCompileExec2307430182.dir/CMakeCXXCompilerABI.cpp.o
/usr/bin/c++     -o CMakeFiles/cmTryCompileExec2307430182.dir/CMakeCXXCompilerABI.cpp.o -c /opt/local/share/cmake-2.8/Modules/CMakeCXXCompilerABI.cpp
Linking CXX executable cmTryCompileExec2307430182
/opt/local/bin/cmake -E cmake_link_script CMakeFiles/cmTryCompileExec2307430182.dir/link.txt --verbose=1
/usr/bin/c++     -Wl,-search_paths_first -Wl,-headerpad_max_install_names -v -Wl,-v CMakeFiles/cmTryCompileExec2307430182.dir/CMakeCXXCompilerABI.cpp.o  -o cmTryCompileExec2307430182   
Apple LLVM version 6.0 (clang-600.0.56) (based on LLVM 3.5svn)
Target: x86_64-apple-darwin14.1.0
Thread model: posix
 "/Applications/Xcode.app/Contents/Developer/Toolchains/XcodeDefault.xctoolchain/usr/bin/ld" -demangle -dynamic -arch x86_64 -macosx_version_min 10.10.0 -o cmTryCompileExec2307430182 -search_paths_first -headerpad_max_install_names -v CMakeFiles/cmTryCompileExec2307430182.dir/CMakeCXXCompilerABI.cpp.o -lc++ -lSystem /Applications/Xcode.app/Contents/Developer/Toolchains/XcodeDefault.xctoolchain/usr/bin/../lib/clang/6.0/lib/darwin/libclang_rt.osx.a
@(#)PROGRAM:ld  PROJECT:ld64-241.9
configured to support archs: armv6 armv7 armv7s arm64 i386 x86_64 x86_64h armv6m armv7m armv7em
Library search paths:
	/usr/lib
	/usr/local/lib
Framework search paths:
	/Library/Frameworks/
	/System/Library/Frameworks/


Parsed CXX implicit link information from above output:
  link line regex: [^( *|.*[/\])(ld|([^/\]+-)?ld|collect2)[^/\]*( |$)]
  ignore line: [Change Dir: /Users/David/Desktop/ProyectosC++/TFG/build/CMakeFiles/CMakeTmp]
  ignore line: []
  ignore line: [Run Build Command:/usr/bin/make "cmTryCompileExec2307430182/fast"]
  ignore line: [/Applications/Xcode.app/Contents/Developer/usr/bin/make -f CMakeFiles/cmTryCompileExec2307430182.dir/build.make CMakeFiles/cmTryCompileExec2307430182.dir/build]
  ignore line: [/opt/local/bin/cmake -E cmake_progress_report /Users/David/Desktop/ProyectosC++/TFG/build/CMakeFiles/CMakeTmp/CMakeFiles 1]
  ignore line: [Building CXX object CMakeFiles/cmTryCompileExec2307430182.dir/CMakeCXXCompilerABI.cpp.o]
  ignore line: [/usr/bin/c++     -o CMakeFiles/cmTryCompileExec2307430182.dir/CMakeCXXCompilerABI.cpp.o -c /opt/local/share/cmake-2.8/Modules/CMakeCXXCompilerABI.cpp]
  ignore line: [Linking CXX executable cmTryCompileExec2307430182]
  ignore line: [/opt/local/bin/cmake -E cmake_link_script CMakeFiles/cmTryCompileExec2307430182.dir/link.txt --verbose=1]
  ignore line: [/usr/bin/c++     -Wl,-search_paths_first -Wl,-headerpad_max_install_names -v -Wl,-v CMakeFiles/cmTryCompileExec2307430182.dir/CMakeCXXCompilerABI.cpp.o  -o cmTryCompileExec2307430182   ]
  ignore line: [Apple LLVM version 6.0 (clang-600.0.56) (based on LLVM 3.5svn)]
  ignore line: [Target: x86_64-apple-darwin14.1.0]
  ignore line: [Thread model: posix]
  link line: [ "/Applications/Xcode.app/Contents/Developer/Toolchains/XcodeDefault.xctoolchain/usr/bin/ld" -demangle -dynamic -arch x86_64 -macosx_version_min 10.10.0 -o cmTryCompileExec2307430182 -search_paths_first -headerpad_max_install_names -v CMakeFiles/cmTryCompileExec2307430182.dir/CMakeCXXCompilerABI.cpp.o -lc++ -lSystem /Applications/Xcode.app/Contents/Developer/Toolchains/XcodeDefault.xctoolchain/usr/bin/../lib/clang/6.0/lib/darwin/libclang_rt.osx.a]
    arg [/Applications/Xcode.app/Contents/Developer/Toolchains/XcodeDefault.xctoolchain/usr/bin/ld] ==> ignore
    arg [-demangle] ==> ignore
    arg [-dynamic] ==> ignore
    arg [-arch] ==> ignore
    arg [x86_64] ==> ignore
    arg [-macosx_version_min] ==> ignore
    arg [10.10.0] ==> ignore
    arg [-o] ==> ignore
    arg [cmTryCompileExec2307430182] ==> ignore
    arg [-search_paths_first] ==> ignore
    arg [-headerpad_max_install_names] ==> ignore
    arg [-v] ==> ignore
    arg [CMakeFiles/cmTryCompileExec2307430182.dir/CMakeCXXCompilerABI.cpp.o] ==> ignore
    arg [-lc++] ==> lib [c++]
    arg [-lSystem] ==> lib [System]
    arg [/Applications/Xcode.app/Contents/Developer/Toolchains/XcodeDefault.xctoolchain/usr/bin/../lib/clang/6.0/lib/darwin/libclang_rt.osx.a] ==> lib [/Applications/Xcode.app/Contents/Developer/Toolchains/XcodeDefault.xctoolchain/usr/bin/../lib/clang/6.0/lib/darwin/libclang_rt.osx.a]
  Library search paths: [;/usr/lib;/usr/local/lib]
  Framework search paths: [;/Library/Frameworks/;/System/Library/Frameworks/]
  remove lib [System]
  collapse lib [/Applications/Xcode.app/Contents/Developer/Toolchains/XcodeDefault.xctoolchain/usr/bin/../lib/clang/6.0/lib/darwin/libclang_rt.osx.a] ==> [/Applications/Xcode.app/Contents/Developer/Toolchains/XcodeDefault.xctoolchain/usr/lib/clang/6.0/lib/darwin/libclang_rt.osx.a]
  collapse library dir [/usr/lib] ==> [/usr/lib]
  collapse library dir [/usr/local/lib] ==> [/usr/local/lib]
  collapse framework dir [/Library/Frameworks/] ==> [/Library/Frameworks]
  collapse framework dir [/System/Library/Frameworks/] ==> [/System/Library/Frameworks]
  implicit libs: [c++;/Applications/Xcode.app/Contents/Developer/Toolchains/XcodeDefault.xctoolchain/usr/lib/clang/6.0/lib/darwin/libclang_rt.osx.a]
  implicit dirs: [/usr/lib;/usr/local/lib]
  implicit fwks: [/Library/Frameworks;/System/Library/Frameworks]


Determining if the function XOpenDisplay exists in the /opt/local/lib/libX11.dylib;/opt/local/lib/libXext.dylib passed with the following output:
Change Dir: /Users/David/Desktop/ProyectosC++/TFG/build/CMakeFiles/CMakeTmp

Run Build Command:/usr/bin/make "cmTryCompileExec3579466555/fast"
/Applications/Xcode.app/Contents/Developer/usr/bin/make -f CMakeFiles/cmTryCompileExec3579466555.dir/build.make CMakeFiles/cmTryCompileExec3579466555.dir/build
/opt/local/bin/cmake -E cmake_progress_report /Users/David/Desktop/ProyectosC++/TFG/build/CMakeFiles/CMakeTmp/CMakeFiles 1
Building C object CMakeFiles/cmTryCompileExec3579466555.dir/CheckFunctionExists.c.o
/usr/bin/cc   -DCHECK_FUNCTION_EXISTS=XOpenDisplay   -o CMakeFiles/cmTryCompileExec3579466555.dir/CheckFunctionExists.c.o   -c /opt/local/share/cmake-2.8/Modules/CheckFunctionExists.c
Linking C executable cmTryCompileExec3579466555
/opt/local/bin/cmake -E cmake_link_script CMakeFiles/cmTryCompileExec3579466555.dir/link.txt --verbose=1
/usr/bin/cc   -DCHECK_FUNCTION_EXISTS=XOpenDisplay -Wl,-search_paths_first -Wl,-headerpad_max_install_names   CMakeFiles/cmTryCompileExec3579466555.dir/CheckFunctionExists.c.o  -o cmTryCompileExec3579466555  -L/opt/local/lib  /opt/local/lib/libX11.dylib /opt/local/lib/libXext.dylib -Wl,-rpath,/opt/local/lib 


Determining if the function gethostbyname exists passed with the following output:
Change Dir: /Users/David/Desktop/ProyectosC++/TFG/build/CMakeFiles/CMakeTmp

Run Build Command:/usr/bin/make "cmTryCompileExec3611976612/fast"
/Applications/Xcode.app/Contents/Developer/usr/bin/make -f CMakeFiles/cmTryCompileExec3611976612.dir/build.make CMakeFiles/cmTryCompileExec3611976612.dir/build
/opt/local/bin/cmake -E cmake_progress_report /Users/David/Desktop/ProyectosC++/TFG/build/CMakeFiles/CMakeTmp/CMakeFiles 1
Building C object CMakeFiles/cmTryCompileExec3611976612.dir/CheckFunctionExists.c.o
/usr/bin/cc   -DCHECK_FUNCTION_EXISTS=gethostbyname   -o CMakeFiles/cmTryCompileExec3611976612.dir/CheckFunctionExists.c.o   -c /opt/local/share/cmake-2.8/Modules/CheckFunctionExists.c
Linking C executable cmTryCompileExec3611976612
/opt/local/bin/cmake -E cmake_link_script CMakeFiles/cmTryCompileExec3611976612.dir/link.txt --verbose=1
/usr/bin/cc   -DCHECK_FUNCTION_EXISTS=gethostbyname -Wl,-search_paths_first -Wl,-headerpad_max_install_names   CMakeFiles/cmTryCompileExec3611976612.dir/CheckFunctionExists.c.o  -o cmTryCompileExec3611976612  


Determining if the function connect exists passed with the following output:
Change Dir: /Users/David/Desktop/ProyectosC++/TFG/build/CMakeFiles/CMakeTmp

Run Build Command:/usr/bin/make "cmTryCompileExec3513749205/fast"
/Applications/Xcode.app/Contents/Developer/usr/bin/make -f CMakeFiles/cmTryCompileExec3513749205.dir/build.make CMakeFiles/cmTryCompileExec3513749205.dir/build
/opt/local/bin/cmake -E cmake_progress_report /Users/David/Desktop/ProyectosC++/TFG/build/CMakeFiles/CMakeTmp/CMakeFiles 1
Building C object CMakeFiles/cmTryCompileExec3513749205.dir/CheckFunctionExists.c.o
/usr/bin/cc   -DCHECK_FUNCTION_EXISTS=connect   -o CMakeFiles/cmTryCompileExec3513749205.dir/CheckFunctionExists.c.o   -c /opt/local/share/cmake-2.8/Modules/CheckFunctionExists.c
Linking C executable cmTryCompileExec3513749205
/opt/local/bin/cmake -E cmake_link_script CMakeFiles/cmTryCompileExec3513749205.dir/link.txt --verbose=1
/usr/bin/cc   -DCHECK_FUNCTION_EXISTS=connect -Wl,-search_paths_first -Wl,-headerpad_max_install_names   CMakeFiles/cmTryCompileExec3513749205.dir/CheckFunctionExists.c.o  -o cmTryCompileExec3513749205  


Determining if the function remove exists passed with the following output:
Change Dir: /Users/David/Desktop/ProyectosC++/TFG/build/CMakeFiles/CMakeTmp

Run Build Command:/usr/bin/make "cmTryCompileExec983735370/fast"
/Applications/Xcode.app/Contents/Developer/usr/bin/make -f CMakeFiles/cmTryCompileExec983735370.dir/build.make CMakeFiles/cmTryCompileExec983735370.dir/build
/opt/local/bin/cmake -E cmake_progress_report /Users/David/Desktop/ProyectosC++/TFG/build/CMakeFiles/CMakeTmp/CMakeFiles 1
Building C object CMakeFiles/cmTryCompileExec983735370.dir/CheckFunctionExists.c.o
/usr/bin/cc   -DCHECK_FUNCTION_EXISTS=remove   -o CMakeFiles/cmTryCompileExec983735370.dir/CheckFunctionExists.c.o   -c /opt/local/share/cmake-2.8/Modules/CheckFunctionExists.c
Linking C executable cmTryCompileExec983735370
/opt/local/bin/cmake -E cmake_link_script CMakeFiles/cmTryCompileExec983735370.dir/link.txt --verbose=1
/usr/bin/cc   -DCHECK_FUNCTION_EXISTS=remove -Wl,-search_paths_first -Wl,-headerpad_max_install_names   CMakeFiles/cmTryCompileExec983735370.dir/CheckFunctionExists.c.o  -o cmTryCompileExec983735370  


Determining if the function shmat exists passed with the following output:
Change Dir: /Users/David/Desktop/ProyectosC++/TFG/build/CMakeFiles/CMakeTmp

Run Build Command:/usr/bin/make "cmTryCompileExec2248078676/fast"
/Applications/Xcode.app/Contents/Developer/usr/bin/make -f CMakeFiles/cmTryCompileExec2248078676.dir/build.make CMakeFiles/cmTryCompileExec2248078676.dir/build
/opt/local/bin/cmake -E cmake_progress_report /Users/David/Desktop/ProyectosC++/TFG/build/CMakeFiles/CMakeTmp/CMakeFiles 1
Building C object CMakeFiles/cmTryCompileExec2248078676.dir/CheckFunctionExists.c.o
/usr/bin/cc   -DCHECK_FUNCTION_EXISTS=shmat   -o CMakeFiles/cmTryCompileExec2248078676.dir/CheckFunctionExists.c.o   -c /opt/local/share/cmake-2.8/Modules/CheckFunctionExists.c
Linking C executable cmTryCompileExec2248078676
/opt/local/bin/cmake -E cmake_link_script CMakeFiles/cmTryCompileExec2248078676.dir/link.txt --verbose=1
/usr/bin/cc   -DCHECK_FUNCTION_EXISTS=shmat -Wl,-search_paths_first -Wl,-headerpad_max_install_names   CMakeFiles/cmTryCompileExec2248078676.dir/CheckFunctionExists.c.o  -o cmTryCompileExec2248078676  


Determining if the function IceConnectionNumber exists in the ICE passed with the following output:
Change Dir: /Users/David/Desktop/ProyectosC++/TFG/build/CMakeFiles/CMakeTmp

Run Build Command:/usr/bin/make "cmTryCompileExec1470114259/fast"
/Applications/Xcode.app/Contents/Developer/usr/bin/make -f CMakeFiles/cmTryCompileExec1470114259.dir/build.make CMakeFiles/cmTryCompileExec1470114259.dir/build
/opt/local/bin/cmake -E cmake_progress_report /Users/David/Desktop/ProyectosC++/TFG/build/CMakeFiles/CMakeTmp/CMakeFiles 1
Building C object CMakeFiles/cmTryCompileExec1470114259.dir/CheckFunctionExists.c.o
/usr/bin/cc   -DCHECK_FUNCTION_EXISTS=IceConnectionNumber   -o CMakeFiles/cmTryCompileExec1470114259.dir/CheckFunctionExists.c.o   -c /opt/local/share/cmake-2.8/Modules/CheckFunctionExists.c
Linking C executable cmTryCompileExec1470114259
/opt/local/bin/cmake -E cmake_link_script CMakeFiles/cmTryCompileExec1470114259.dir/link.txt --verbose=1
/usr/bin/cc   -DCHECK_FUNCTION_EXISTS=IceConnectionNumber -Wl,-search_paths_first -Wl,-headerpad_max_install_names   CMakeFiles/cmTryCompileExec1470114259.dir/CheckFunctionExists.c.o  -o cmTryCompileExec1470114259  -L/opt/local/lib  -lICE -Wl,-rpath,/opt/local/lib 


Determining if files pthread.h exist passed with the following output:
Change Dir: /Users/David/Desktop/ProyectosC++/TFG/build/CMakeFiles/CMakeTmp

Run Build Command:/usr/bin/make "cmTryCompileExec1849676071/fast"
/Applications/Xcode.app/Contents/Developer/usr/bin/make -f CMakeFiles/cmTryCompileExec1849676071.dir/build.make CMakeFiles/cmTryCompileExec1849676071.dir/build
/opt/local/bin/cmake -E cmake_progress_report /Users/David/Desktop/ProyectosC++/TFG/build/CMakeFiles/CMakeTmp/CMakeFiles 1
Building C object CMakeFiles/cmTryCompileExec1849676071.dir/CheckIncludeFiles.c.o
/usr/bin/cc    -o CMakeFiles/cmTryCompileExec1849676071.dir/CheckIncludeFiles.c.o   -c /Users/David/Desktop/ProyectosC++/TFG/build/CMakeFiles/CMakeTmp/CheckIncludeFiles.c
Linking C executable cmTryCompileExec1849676071
/opt/local/bin/cmake -E cmake_link_script CMakeFiles/cmTryCompileExec1849676071.dir/link.txt --verbose=1
/usr/bin/cc    -Wl,-search_paths_first -Wl,-headerpad_max_install_names   CMakeFiles/cmTryCompileExec1849676071.dir/CheckIncludeFiles.c.o  -o cmTryCompileExec1849676071  


Determining if the pthread_create exist passed with the following output:
Change Dir: /Users/David/Desktop/ProyectosC++/TFG/build/CMakeFiles/CMakeTmp

Run Build Command:/usr/bin/make "cmTryCompileExec1902865596/fast"
/Applications/Xcode.app/Contents/Developer/usr/bin/make -f CMakeFiles/cmTryCompileExec1902865596.dir/build.make CMakeFiles/cmTryCompileExec1902865596.dir/build
/opt/local/bin/cmake -E cmake_progress_report /Users/David/Desktop/ProyectosC++/TFG/build/CMakeFiles/CMakeTmp/CMakeFiles 1
Building C object CMakeFiles/cmTryCompileExec1902865596.dir/CheckSymbolExists.c.o
/usr/bin/cc    -o CMakeFiles/cmTryCompileExec1902865596.dir/CheckSymbolExists.c.o   -c /Users/David/Desktop/ProyectosC++/TFG/build/CMakeFiles/CMakeTmp/CheckSymbolExists.c
Linking C executable cmTryCompileExec1902865596
/opt/local/bin/cmake -E cmake_link_script CMakeFiles/cmTryCompileExec1902865596.dir/link.txt --verbose=1
/usr/bin/cc    -Wl,-search_paths_first -Wl,-headerpad_max_install_names   CMakeFiles/cmTryCompileExec1902865596.dir/CheckSymbolExists.c.o  -o cmTryCompileExec1902865596  

File /Users/David/Desktop/ProyectosC++/TFG/build/CMakeFiles/CMakeTmp/CheckSymbolExists.c:
/* */
#include <pthread.h>

int main(int argc, char** argv)
{
  (void)argv;
#ifndef pthread_create
  return ((int*)(&pthread_create))[argc];
#else
  (void)argc;
  return 0;
#endif
}

Determining if the function XOpenDisplay exists in the /opt/local/lib/libX11.dylib;/opt/local/lib/libXext.dylib passed with the following output:
Change Dir: /Users/David/Desktop/ProyectosC++/TFG/build/CMakeFiles/CMakeTmp

Run Build Command:/usr/bin/make "cmTryCompileExec2291707701/fast"
/Applications/Xcode.app/Contents/Developer/usr/bin/make -f CMakeFiles/cmTryCompileExec2291707701.dir/build.make CMakeFiles/cmTryCompileExec2291707701.dir/build
/opt/local/bin/cmake -E cmake_progress_report /Users/David/Desktop/ProyectosC++/TFG/build/CMakeFiles/CMakeTmp/CMakeFiles 1
Building C object CMakeFiles/cmTryCompileExec2291707701.dir/CheckFunctionExists.c.o
/usr/bin/cc   -DCHECK_FUNCTION_EXISTS=XOpenDisplay   -o CMakeFiles/cmTryCompileExec2291707701.dir/CheckFunctionExists.c.o   -c /opt/local/share/cmake-2.8/Modules/CheckFunctionExists.c
Linking C executable cmTryCompileExec2291707701
/opt/local/bin/cmake -E cmake_link_script CMakeFiles/cmTryCompileExec2291707701.dir/link.txt --verbose=1
/usr/bin/cc   -DCHECK_FUNCTION_EXISTS=XOpenDisplay -Wl,-search_paths_first -Wl,-headerpad_max_install_names   CMakeFiles/cmTryCompileExec2291707701.dir/CheckFunctionExists.c.o  -o cmTryCompileExec2291707701  -L/opt/local/lib  /opt/local/lib/libX11.dylib /opt/local/lib/libXext.dylib -Wl,-rpath,/opt/local/lib 


Determining if the function gethostbyname exists passed with the following output:
Change Dir: /Users/David/Desktop/ProyectosC++/TFG/build/CMakeFiles/CMakeTmp

Run Build Command:/usr/bin/make "cmTryCompileExec3018035057/fast"
/Applications/Xcode.app/Contents/Developer/usr/bin/make -f CMakeFiles/cmTryCompileExec3018035057.dir/build.make CMakeFiles/cmTryCompileExec3018035057.dir/build
/opt/local/bin/cmake -E cmake_progress_report /Users/David/Desktop/ProyectosC++/TFG/build/CMakeFiles/CMakeTmp/CMakeFiles 1
Building C object CMakeFiles/cmTryCompileExec3018035057.dir/CheckFunctionExists.c.o
/usr/bin/cc   -DCHECK_FUNCTION_EXISTS=gethostbyname   -o CMakeFiles/cmTryCompileExec3018035057.dir/CheckFunctionExists.c.o   -c /opt/local/share/cmake-2.8/Modules/CheckFunctionExists.c
Linking C executable cmTryCompileExec3018035057
/opt/local/bin/cmake -E cmake_link_script CMakeFiles/cmTryCompileExec3018035057.dir/link.txt --verbose=1
/usr/bin/cc   -DCHECK_FUNCTION_EXISTS=gethostbyname -Wl,-search_paths_first -Wl,-headerpad_max_install_names   CMakeFiles/cmTryCompileExec3018035057.dir/CheckFunctionExists.c.o  -o cmTryCompileExec3018035057  


Determining if the function connect exists passed with the following output:
Change Dir: /Users/David/Desktop/ProyectosC++/TFG/build/CMakeFiles/CMakeTmp

Run Build Command:/usr/bin/make "cmTryCompileExec3607267737/fast"
/Applications/Xcode.app/Contents/Developer/usr/bin/make -f CMakeFiles/cmTryCompileExec3607267737.dir/build.make CMakeFiles/cmTryCompileExec3607267737.dir/build
/opt/local/bin/cmake -E cmake_progress_report /Users/David/Desktop/ProyectosC++/TFG/build/CMakeFiles/CMakeTmp/CMakeFiles 1
Building C object CMakeFiles/cmTryCompileExec3607267737.dir/CheckFunctionExists.c.o
/usr/bin/cc   -DCHECK_FUNCTION_EXISTS=connect   -o CMakeFiles/cmTryCompileExec3607267737.dir/CheckFunctionExists.c.o   -c /opt/local/share/cmake-2.8/Modules/CheckFunctionExists.c
Linking C executable cmTryCompileExec3607267737
/opt/local/bin/cmake -E cmake_link_script CMakeFiles/cmTryCompileExec3607267737.dir/link.txt --verbose=1
/usr/bin/cc   -DCHECK_FUNCTION_EXISTS=connect -Wl,-search_paths_first -Wl,-headerpad_max_install_names   CMakeFiles/cmTryCompileExec3607267737.dir/CheckFunctionExists.c.o  -o cmTryCompileExec3607267737  


Determining if the function remove exists passed with the following output:
Change Dir: /Users/David/Desktop/ProyectosC++/TFG/build/CMakeFiles/CMakeTmp

Run Build Command:/usr/bin/make "cmTryCompileExec3999734954/fast"
/Applications/Xcode.app/Contents/Developer/usr/bin/make -f CMakeFiles/cmTryCompileExec3999734954.dir/build.make CMakeFiles/cmTryCompileExec3999734954.dir/build
/opt/local/bin/cmake -E cmake_progress_report /Users/David/Desktop/ProyectosC++/TFG/build/CMakeFiles/CMakeTmp/CMakeFiles 1
Building C object CMakeFiles/cmTryCompileExec3999734954.dir/CheckFunctionExists.c.o
/usr/bin/cc   -DCHECK_FUNCTION_EXISTS=remove   -o CMakeFiles/cmTryCompileExec3999734954.dir/CheckFunctionExists.c.o   -c /opt/local/share/cmake-2.8/Modules/CheckFunctionExists.c
Linking C executable cmTryCompileExec3999734954
/opt/local/bin/cmake -E cmake_link_script CMakeFiles/cmTryCompileExec3999734954.dir/link.txt --verbose=1
/usr/bin/cc   -DCHECK_FUNCTION_EXISTS=remove -Wl,-search_paths_first -Wl,-headerpad_max_install_names   CMakeFiles/cmTryCompileExec3999734954.dir/CheckFunctionExists.c.o  -o cmTryCompileExec3999734954  


Determining if the function shmat exists passed with the following output:
Change Dir: /Users/David/Desktop/ProyectosC++/TFG/build/CMakeFiles/CMakeTmp

Run Build Command:/usr/bin/make "cmTryCompileExec4007158809/fast"
/Applications/Xcode.app/Contents/Developer/usr/bin/make -f CMakeFiles/cmTryCompileExec4007158809.dir/build.make CMakeFiles/cmTryCompileExec4007158809.dir/build
/opt/local/bin/cmake -E cmake_progress_report /Users/David/Desktop/ProyectosC++/TFG/build/CMakeFiles/CMakeTmp/CMakeFiles 1
Building C object CMakeFiles/cmTryCompileExec4007158809.dir/CheckFunctionExists.c.o
/usr/bin/cc   -DCHECK_FUNCTION_EXISTS=shmat   -o CMakeFiles/cmTryCompileExec4007158809.dir/CheckFunctionExists.c.o   -c /opt/local/share/cmake-2.8/Modules/CheckFunctionExists.c
Linking C executable cmTryCompileExec4007158809
/opt/local/bin/cmake -E cmake_link_script CMakeFiles/cmTryCompileExec4007158809.dir/link.txt --verbose=1
/usr/bin/cc   -DCHECK_FUNCTION_EXISTS=shmat -Wl,-search_paths_first -Wl,-headerpad_max_install_names   CMakeFiles/cmTryCompileExec4007158809.dir/CheckFunctionExists.c.o  -o cmTryCompileExec4007158809  


Determining if the function IceConnectionNumber exists in the ICE passed with the following output:
Change Dir: /Users/David/Desktop/ProyectosC++/TFG/build/CMakeFiles/CMakeTmp

Run Build Command:/usr/bin/make "cmTryCompileExec772430417/fast"
/Applications/Xcode.app/Contents/Developer/usr/bin/make -f CMakeFiles/cmTryCompileExec772430417.dir/build.make CMakeFiles/cmTryCompileExec772430417.dir/build
/opt/local/bin/cmake -E cmake_progress_report /Users/David/Desktop/ProyectosC++/TFG/build/CMakeFiles/CMakeTmp/CMakeFiles 1
Building C object CMakeFiles/cmTryCompileExec772430417.dir/CheckFunctionExists.c.o
/usr/bin/cc   -DCHECK_FUNCTION_EXISTS=IceConnectionNumber   -o CMakeFiles/cmTryCompileExec772430417.dir/CheckFunctionExists.c.o   -c /opt/local/share/cmake-2.8/Modules/CheckFunctionExists.c
Linking C executable cmTryCompileExec772430417
/opt/local/bin/cmake -E cmake_link_script CMakeFiles/cmTryCompileExec772430417.dir/link.txt --verbose=1
/usr/bin/cc   -DCHECK_FUNCTION_EXISTS=IceConnectionNumber -Wl,-search_paths_first -Wl,-headerpad_max_install_names   CMakeFiles/cmTryCompileExec772430417.dir/CheckFunctionExists.c.o  -o cmTryCompileExec772430417  -L/opt/local/lib  -lICE -Wl,-rpath,/opt/local/lib 


Determining if files pthread.h exist passed with the following output:
Change Dir: /Users/David/Desktop/ProyectosC++/TFG/build/CMakeFiles/CMakeTmp

Run Build Command:/usr/bin/make "cmTryCompileExec758906130/fast"
/Applications/Xcode.app/Contents/Developer/usr/bin/make -f CMakeFiles/cmTryCompileExec758906130.dir/build.make CMakeFiles/cmTryCompileExec758906130.dir/build
/opt/local/bin/cmake -E cmake_progress_report /Users/David/Desktop/ProyectosC++/TFG/build/CMakeFiles/CMakeTmp/CMakeFiles 1
Building C object CMakeFiles/cmTryCompileExec758906130.dir/CheckIncludeFiles.c.o
/usr/bin/cc    -o CMakeFiles/cmTryCompileExec758906130.dir/CheckIncludeFiles.c.o   -c /Users/David/Desktop/ProyectosC++/TFG/build/CMakeFiles/CMakeTmp/CheckIncludeFiles.c
Linking C executable cmTryCompileExec758906130
/opt/local/bin/cmake -E cmake_link_script CMakeFiles/cmTryCompileExec758906130.dir/link.txt --verbose=1
/usr/bin/cc    -Wl,-search_paths_first -Wl,-headerpad_max_install_names   CMakeFiles/cmTryCompileExec758906130.dir/CheckIncludeFiles.c.o  -o cmTryCompileExec758906130  


Determining if the pthread_create exist passed with the following output:
Change Dir: /Users/David/Desktop/ProyectosC++/TFG/build/CMakeFiles/CMakeTmp

Run Build Command:/usr/bin/make "cmTryCompileExec1426895572/fast"
/Applications/Xcode.app/Contents/Developer/usr/bin/make -f CMakeFiles/cmTryCompileExec1426895572.dir/build.make CMakeFiles/cmTryCompileExec1426895572.dir/build
/opt/local/bin/cmake -E cmake_progress_report /Users/David/Desktop/ProyectosC++/TFG/build/CMakeFiles/CMakeTmp/CMakeFiles 1
Building C object CMakeFiles/cmTryCompileExec1426895572.dir/CheckSymbolExists.c.o
/usr/bin/cc    -o CMakeFiles/cmTryCompileExec1426895572.dir/CheckSymbolExists.c.o   -c /Users/David/Desktop/ProyectosC++/TFG/build/CMakeFiles/CMakeTmp/CheckSymbolExists.c
Linking C executable cmTryCompileExec1426895572
/opt/local/bin/cmake -E cmake_link_script CMakeFiles/cmTryCompileExec1426895572.dir/link.txt --verbose=1
/usr/bin/cc    -Wl,-search_paths_first -Wl,-headerpad_max_install_names   CMakeFiles/cmTryCompileExec1426895572.dir/CheckSymbolExists.c.o  -o cmTryCompileExec1426895572  

File /Users/David/Desktop/ProyectosC++/TFG/build/CMakeFiles/CMakeTmp/CheckSymbolExists.c:
/* */
#include <pthread.h>

int main(int argc, char** argv)
{
  (void)argv;
#ifndef pthread_create
  return ((int*)(&pthread_create))[argc];
#else
  (void)argc;
  return 0;
#endif
}

Determining if the function XOpenDisplay exists in the /opt/local/lib/libX11.dylib;/opt/local/lib/libXext.dylib passed with the following output:
Change Dir: /Users/David/Desktop/ProyectosC++/TFG/build/CMakeFiles/CMakeTmp

Run Build Command:/usr/bin/make "cmTryCompileExec2597596338/fast"
/Applications/Xcode.app/Contents/Developer/usr/bin/make -f CMakeFiles/cmTryCompileExec2597596338.dir/build.make CMakeFiles/cmTryCompileExec2597596338.dir/build
/opt/local/bin/cmake -E cmake_progress_report /Users/David/Desktop/ProyectosC++/TFG/build/CMakeFiles/CMakeTmp/CMakeFiles 1
Building C object CMakeFiles/cmTryCompileExec2597596338.dir/CheckFunctionExists.c.o
/usr/bin/cc   -DCHECK_FUNCTION_EXISTS=XOpenDisplay   -o CMakeFiles/cmTryCompileExec2597596338.dir/CheckFunctionExists.c.o   -c /opt/local/share/cmake-2.8/Modules/CheckFunctionExists.c
Linking C executable cmTryCompileExec2597596338
/opt/local/bin/cmake -E cmake_link_script CMakeFiles/cmTryCompileExec2597596338.dir/link.txt --verbose=1
/usr/bin/cc   -DCHECK_FUNCTION_EXISTS=XOpenDisplay -Wl,-search_paths_first -Wl,-headerpad_max_install_names   CMakeFiles/cmTryCompileExec2597596338.dir/CheckFunctionExists.c.o  -o cmTryCompileExec2597596338  -L/opt/local/lib  /opt/local/lib/libX11.dylib /opt/local/lib/libXext.dylib -Wl,-rpath,/opt/local/lib 


Determining if the function gethostbyname exists passed with the following output:
Change Dir: /Users/David/Desktop/ProyectosC++/TFG/build/CMakeFiles/CMakeTmp

Run Build Command:/usr/bin/make "cmTryCompileExec3962585805/fast"
/Applications/Xcode.app/Contents/Developer/usr/bin/make -f CMakeFiles/cmTryCompileExec3962585805.dir/build.make CMakeFiles/cmTryCompileExec3962585805.dir/build
/opt/local/bin/cmake -E cmake_progress_report /Users/David/Desktop/ProyectosC++/TFG/build/CMakeFiles/CMakeTmp/CMakeFiles 1
Building C object CMakeFiles/cmTryCompileExec3962585805.dir/CheckFunctionExists.c.o
/usr/bin/cc   -DCHECK_FUNCTION_EXISTS=gethostbyname   -o CMakeFiles/cmTryCompileExec3962585805.dir/CheckFunctionExists.c.o   -c /opt/local/share/cmake-2.8/Modules/CheckFunctionExists.c
Linking C executable cmTryCompileExec3962585805
/opt/local/bin/cmake -E cmake_link_script CMakeFiles/cmTryCompileExec3962585805.dir/link.txt --verbose=1
/usr/bin/cc   -DCHECK_FUNCTION_EXISTS=gethostbyname -Wl,-search_paths_first -Wl,-headerpad_max_install_names   CMakeFiles/cmTryCompileExec3962585805.dir/CheckFunctionExists.c.o  -o cmTryCompileExec3962585805  


Determining if the function connect exists passed with the following output:
Change Dir: /Users/David/Desktop/ProyectosC++/TFG/build/CMakeFiles/CMakeTmp

Run Build Command:/usr/bin/make "cmTryCompileExec3983322972/fast"
/Applications/Xcode.app/Contents/Developer/usr/bin/make -f CMakeFiles/cmTryCompileExec3983322972.dir/build.make CMakeFiles/cmTryCompileExec3983322972.dir/build
/opt/local/bin/cmake -E cmake_progress_report /Users/David/Desktop/ProyectosC++/TFG/build/CMakeFiles/CMakeTmp/CMakeFiles 1
Building C object CMakeFiles/cmTryCompileExec3983322972.dir/CheckFunctionExists.c.o
/usr/bin/cc   -DCHECK_FUNCTION_EXISTS=connect   -o CMakeFiles/cmTryCompileExec3983322972.dir/CheckFunctionExists.c.o   -c /opt/local/share/cmake-2.8/Modules/CheckFunctionExists.c
Linking C executable cmTryCompileExec3983322972
/opt/local/bin/cmake -E cmake_link_script CMakeFiles/cmTryCompileExec3983322972.dir/link.txt --verbose=1
/usr/bin/cc   -DCHECK_FUNCTION_EXISTS=connect -Wl,-search_paths_first -Wl,-headerpad_max_install_names   CMakeFiles/cmTryCompileExec3983322972.dir/CheckFunctionExists.c.o  -o cmTryCompileExec3983322972  


Determining if the function remove exists passed with the following output:
Change Dir: /Users/David/Desktop/ProyectosC++/TFG/build/CMakeFiles/CMakeTmp

Run Build Command:/usr/bin/make "cmTryCompileExec4245251718/fast"
/Applications/Xcode.app/Contents/Developer/usr/bin/make -f CMakeFiles/cmTryCompileExec4245251718.dir/build.make CMakeFiles/cmTryCompileExec4245251718.dir/build
/opt/local/bin/cmake -E cmake_progress_report /Users/David/Desktop/ProyectosC++/TFG/build/CMakeFiles/CMakeTmp/CMakeFiles 1
Building C object CMakeFiles/cmTryCompileExec4245251718.dir/CheckFunctionExists.c.o
/usr/bin/cc   -DCHECK_FUNCTION_EXISTS=remove   -o CMakeFiles/cmTryCompileExec4245251718.dir/CheckFunctionExists.c.o   -c /opt/local/share/cmake-2.8/Modules/CheckFunctionExists.c
Linking C executable cmTryCompileExec4245251718
/opt/local/bin/cmake -E cmake_link_script CMakeFiles/cmTryCompileExec4245251718.dir/link.txt --verbose=1
/usr/bin/cc   -DCHECK_FUNCTION_EXISTS=remove -Wl,-search_paths_first -Wl,-headerpad_max_install_names   CMakeFiles/cmTryCompileExec4245251718.dir/CheckFunctionExists.c.o  -o cmTryCompileExec4245251718  


Determining if the function shmat exists passed with the following output:
Change Dir: /Users/David/Desktop/ProyectosC++/TFG/build/CMakeFiles/CMakeTmp

Run Build Command:/usr/bin/make "cmTryCompileExec626684869/fast"
/Applications/Xcode.app/Contents/Developer/usr/bin/make -f CMakeFiles/cmTryCompileExec626684869.dir/build.make CMakeFiles/cmTryCompileExec626684869.dir/build
/opt/local/bin/cmake -E cmake_progress_report /Users/David/Desktop/ProyectosC++/TFG/build/CMakeFiles/CMakeTmp/CMakeFiles 1
Building C object CMakeFiles/cmTryCompileExec626684869.dir/CheckFunctionExists.c.o
/usr/bin/cc   -DCHECK_FUNCTION_EXISTS=shmat   -o CMakeFiles/cmTryCompileExec626684869.dir/CheckFunctionExists.c.o   -c /opt/local/share/cmake-2.8/Modules/CheckFunctionExists.c
Linking C executable cmTryCompileExec626684869
/opt/local/bin/cmake -E cmake_link_script CMakeFiles/cmTryCompileExec626684869.dir/link.txt --verbose=1
/usr/bin/cc   -DCHECK_FUNCTION_EXISTS=shmat -Wl,-search_paths_first -Wl,-headerpad_max_install_names   CMakeFiles/cmTryCompileExec626684869.dir/CheckFunctionExists.c.o  -o cmTryCompileExec626684869  


Determining if the function IceConnectionNumber exists in the ICE passed with the following output:
Change Dir: /Users/David/Desktop/ProyectosC++/TFG/build/CMakeFiles/CMakeTmp

Run Build Command:/usr/bin/make "cmTryCompileExec1737073464/fast"
/Applications/Xcode.app/Contents/Developer/usr/bin/make -f CMakeFiles/cmTryCompileExec1737073464.dir/build.make CMakeFiles/cmTryCompileExec1737073464.dir/build
/opt/local/bin/cmake -E cmake_progress_report /Users/David/Desktop/ProyectosC++/TFG/build/CMakeFiles/CMakeTmp/CMakeFiles 1
Building C object CMakeFiles/cmTryCompileExec1737073464.dir/CheckFunctionExists.c.o
/usr/bin/cc   -DCHECK_FUNCTION_EXISTS=IceConnectionNumber   -o CMakeFiles/cmTryCompileExec1737073464.dir/CheckFunctionExists.c.o   -c /opt/local/share/cmake-2.8/Modules/CheckFunctionExists.c
Linking C executable cmTryCompileExec1737073464
/opt/local/bin/cmake -E cmake_link_script CMakeFiles/cmTryCompileExec1737073464.dir/link.txt --verbose=1
/usr/bin/cc   -DCHECK_FUNCTION_EXISTS=IceConnectionNumber -Wl,-search_paths_first -Wl,-headerpad_max_install_names   CMakeFiles/cmTryCompileExec1737073464.dir/CheckFunctionExists.c.o  -o cmTryCompileExec1737073464  -L/opt/local/lib  -lICE -Wl,-rpath,/opt/local/lib 


Determining if files pthread.h exist passed with the following output:
Change Dir: /Users/David/Desktop/ProyectosC++/TFG/build/CMakeFiles/CMakeTmp

Run Build Command:/usr/bin/make "cmTryCompileExec2746899497/fast"
/Applications/Xcode.app/Contents/Developer/usr/bin/make -f CMakeFiles/cmTryCompileExec2746899497.dir/build.make CMakeFiles/cmTryCompileExec2746899497.dir/build
/opt/local/bin/cmake -E cmake_progress_report /Users/David/Desktop/ProyectosC++/TFG/build/CMakeFiles/CMakeTmp/CMakeFiles 1
Building C object CMakeFiles/cmTryCompileExec2746899497.dir/CheckIncludeFiles.c.o
/usr/bin/cc    -o CMakeFiles/cmTryCompileExec2746899497.dir/CheckIncludeFiles.c.o   -c /Users/David/Desktop/ProyectosC++/TFG/build/CMakeFiles/CMakeTmp/CheckIncludeFiles.c
Linking C executable cmTryCompileExec2746899497
/opt/local/bin/cmake -E cmake_link_script CMakeFiles/cmTryCompileExec2746899497.dir/link.txt --verbose=1
/usr/bin/cc    -Wl,-search_paths_first -Wl,-headerpad_max_install_names   CMakeFiles/cmTryCompileExec2746899497.dir/CheckIncludeFiles.c.o  -o cmTryCompileExec2746899497  


Determining if the pthread_create exist passed with the following output:
Change Dir: /Users/David/Desktop/ProyectosC++/TFG/build/CMakeFiles/CMakeTmp

Run Build Command:/usr/bin/make "cmTryCompileExec4072461649/fast"
/Applications/Xcode.app/Contents/Developer/usr/bin/make -f CMakeFiles/cmTryCompileExec4072461649.dir/build.make CMakeFiles/cmTryCompileExec4072461649.dir/build
/opt/local/bin/cmake -E cmake_progress_report /Users/David/Desktop/ProyectosC++/TFG/build/CMakeFiles/CMakeTmp/CMakeFiles 1
Building C object CMakeFiles/cmTryCompileExec4072461649.dir/CheckSymbolExists.c.o
/usr/bin/cc    -o CMakeFiles/cmTryCompileExec4072461649.dir/CheckSymbolExists.c.o   -c /Users/David/Desktop/ProyectosC++/TFG/build/CMakeFiles/CMakeTmp/CheckSymbolExists.c
Linking C executable cmTryCompileExec4072461649
/opt/local/bin/cmake -E cmake_link_script CMakeFiles/cmTryCompileExec4072461649.dir/link.txt --verbose=1
/usr/bin/cc    -Wl,-search_paths_first -Wl,-headerpad_max_install_names   CMakeFiles/cmTryCompileExec4072461649.dir/CheckSymbolExists.c.o  -o cmTryCompileExec4072461649  

File /Users/David/Desktop/ProyectosC++/TFG/build/CMakeFiles/CMakeTmp/CheckSymbolExists.c:
/* */
#include <pthread.h>

int main(int argc, char** argv)
{
  (void)argv;
#ifndef pthread_create
  return ((int*)(&pthread_create))[argc];
#else
  (void)argc;
  return 0;
#endif
}

