Determining if the pthread_create exist failed with the following output:
Change Dir: /home/david/Desktop/tfg/tfg/build_ubuntu/CMakeFiles/CMakeTmp

Run Build Command:/usr/bin/make "cmTryCompileExec2483391433/fast"
/usr/bin/make -f CMakeFiles/cmTryCompileExec2483391433.dir/build.make CMakeFiles/cmTryCompileExec2483391433.dir/build
make[1]: Entering directory `/home/david/Desktop/tfg/tfg/build_ubuntu/CMakeFiles/CMakeTmp'
/usr/bin/cmake -E cmake_progress_report /home/david/Desktop/tfg/tfg/build_ubuntu/CMakeFiles/CMakeTmp/CMakeFiles 1
Building C object CMakeFiles/cmTryCompileExec2483391433.dir/CheckSymbolExists.c.o
/usr/bin/cc    -o CMakeFiles/cmTryCompileExec2483391433.dir/CheckSymbolExists.c.o   -c /home/david/Desktop/tfg/tfg/build_ubuntu/CMakeFiles/CMakeTmp/CheckSymbolExists.c
Linking C executable cmTryCompileExec2483391433
/usr/bin/cmake -E cmake_link_script CMakeFiles/cmTryCompileExec2483391433.dir/link.txt --verbose=1
/usr/bin/cc       CMakeFiles/cmTryCompileExec2483391433.dir/CheckSymbolExists.c.o  -o cmTryCompileExec2483391433 -rdynamic 
CMakeFiles/cmTryCompileExec2483391433.dir/CheckSymbolExists.c.o: In function `main':
CheckSymbolExists.c:(.text+0x16): undefined reference to `pthread_create'
collect2: error: ld returned 1 exit status
make[1]: *** [cmTryCompileExec2483391433] Error 1
make[1]: Leaving directory `/home/david/Desktop/tfg/tfg/build_ubuntu/CMakeFiles/CMakeTmp'
make: *** [cmTryCompileExec2483391433/fast] Error 2

File /home/david/Desktop/tfg/tfg/build_ubuntu/CMakeFiles/CMakeTmp/CheckSymbolExists.c:
/* */
#include <pthread.h>

int main(int argc, char** argv)
{
  (void)argv;
#ifndef pthread_create
  return ((int*)(&pthread_create))[argc];
#else
  (void)argc;
  return 0;
#endif
}

Determining if the function pthread_create exists in the pthreads failed with the following output:
Change Dir: /home/david/Desktop/tfg/tfg/build_ubuntu/CMakeFiles/CMakeTmp

Run Build Command:/usr/bin/make "cmTryCompileExec395663202/fast"
/usr/bin/make -f CMakeFiles/cmTryCompileExec395663202.dir/build.make CMakeFiles/cmTryCompileExec395663202.dir/build
make[1]: Entering directory `/home/david/Desktop/tfg/tfg/build_ubuntu/CMakeFiles/CMakeTmp'
/usr/bin/cmake -E cmake_progress_report /home/david/Desktop/tfg/tfg/build_ubuntu/CMakeFiles/CMakeTmp/CMakeFiles 1
Building C object CMakeFiles/cmTryCompileExec395663202.dir/CheckFunctionExists.c.o
/usr/bin/cc   -DCHECK_FUNCTION_EXISTS=pthread_create   -o CMakeFiles/cmTryCompileExec395663202.dir/CheckFunctionExists.c.o   -c /usr/share/cmake-2.8/Modules/CheckFunctionExists.c
Linking C executable cmTryCompileExec395663202
/usr/bin/cmake -E cmake_link_script CMakeFiles/cmTryCompileExec395663202.dir/link.txt --verbose=1
/usr/bin/cc   -DCHECK_FUNCTION_EXISTS=pthread_create    CMakeFiles/cmTryCompileExec395663202.dir/CheckFunctionExists.c.o  -o cmTryCompileExec395663202 -rdynamic -lpthreads 
/usr/bin/ld: cannot find -lpthreads
collect2: error: ld returned 1 exit status
make[1]: *** [cmTryCompileExec395663202] Error 1
make[1]: Leaving directory `/home/david/Desktop/tfg/tfg/build_ubuntu/CMakeFiles/CMakeTmp'
make: *** [cmTryCompileExec395663202/fast] Error 2


